#
# There is insufficient memory for the Java Runtime Environment to continue.
# Native memory allocation (malloc) failed to allocate 131088 bytes for Chunk::new
# Possible reasons:
#   The system is out of physical RAM or swap space
#   The process is running with CompressedOops enabled, and the Java Heap may be blocking the growth of the native heap
# Possible solutions:
#   Reduce memory load on the system
#   Increase physical memory or swap space
#   Check if swap backing store is full
#   Decrease Java heap size (-Xmx/-Xms)
#   Decrease number of Java threads
#   Decrease Java thread stack sizes (-Xss)
#   Set larger code cache with -XX:ReservedCodeCacheSize=
#   JVM is running with Unscaled Compressed Oops mode in which the Java heap is
#     placed in the first 4GB address space. The Java Heap base address is the
#     maximum limit for the native heap growth. Please use -XX:HeapBaseMinAddress
#     to set the Java Heap base and to place the Java Heap above 4GB virtual address.
# This output file may be truncated or incomplete.
#
#  Out of Memory Error (arena.cpp:189), pid=12204, tid=2700
#
# JRE version: Java(TM) SE Runtime Environment (17.0.11+7) (build 17.0.11+7-LTS-207)
# Java VM: Java HotSpot(TM) 64-Bit Server VM (17.0.11+7-LTS-207, mixed mode, sharing, tiered, compressed oops, compressed class ptrs, g1 gc, windows-amd64)
# No core dump will be written. Minidumps are not enabled by default on client versions of Windows
#

---------------  S U M M A R Y ------------

Command Line: org.jetbrains.kotlin.cli.jvm.K2JVMCompiler @C:\BallTrackr\node_modules\react-native-screens\android\build\20250616_2923973794567825235.compiler.options

Host: Intel(R) Core(TM) i7-9750H CPU @ 2.60GHz, 12 cores, 7G,  Windows 10 , 64 bit Build 19041 (10.0.19041.5915)
Time: Mon Jun 16 15:42:40 2025 Malay Peninsula Standard Time elapsed time: 16.093797 seconds (0d 0h 0m 16s)

---------------  T H R E A D  ---------------

Current thread (0x000002ba593b2100):  JavaThread "C2 CompilerThread0" daemon [_thread_in_native, id=2700, stack(0x000000e8f8300000,0x000000e8f8400000)]


Current CompileTask:
C2:  16093 5468   !   4       org.jetbrains.kotlin.metadata.ProtoBuf$Function::<init> (1410 bytes)

Stack: [0x000000e8f8300000,0x000000e8f8400000]
Native frames: (J=compiled Java code, j=interpreted, Vv=VM code, C=native code)
V  [jvm.dll+0x679cca]
V  [jvm.dll+0x7da13d]
V  [jvm.dll+0x7dba83]
V  [jvm.dll+0x7dc0f3]
V  [jvm.dll+0x2449af]
V  [jvm.dll+0xab83b]
V  [jvm.dll+0xabe1c]
V  [jvm.dll+0xab954]
V  [jvm.dll+0x6d052c]
V  [jvm.dll+0x58b507]
V  [jvm.dll+0x5886d6]
V  [jvm.dll+0x5843c4]
V  [jvm.dll+0x584464]
V  [jvm.dll+0x584464]
V  [jvm.dll+0x581bf7]
V  [jvm.dll+0x21ed62]
V  [jvm.dll+0x2178f4]
V  [jvm.dll+0x215505]
V  [jvm.dll+0x1a2040]
V  [jvm.dll+0x225a2b]
V  [jvm.dll+0x223bcb]
V  [jvm.dll+0x7903ec]
V  [jvm.dll+0x78a85a]
V  [jvm.dll+0x678bb5]
C  [ucrtbase.dll+0x21bb2]
C  [KERNEL32.DLL+0x17374]
C  [ntdll.dll+0x4cc91]


---------------  P R O C E S S  ---------------

Threads class SMR info:
_java_thread_list=0x000002ba5982b0b0, length=13, elements={
0x000002ba3ae9c8d0, 0x000002ba59398a50, 0x000002ba593998d0, 0x000002ba593ad5c0,
0x000002ba593b0090, 0x000002ba593b0a50, 0x000002ba593b1410, 0x000002ba593b2100,
0x000002ba593b2bb0, 0x000002ba593e9900, 0x000002ba595ec080, 0x000002ba595f6830,
0x000002baa1aa0c60
}

Java Threads: ( => current thread )
  0x000002ba3ae9c8d0 JavaThread "main" [_thread_blocked, id=7804, stack(0x000000e8f7600000,0x000000e8f7700000)]
  0x000002ba59398a50 JavaThread "Reference Handler" daemon [_thread_blocked, id=17664, stack(0x000000e8f7d00000,0x000000e8f7e00000)]
  0x000002ba593998d0 JavaThread "Finalizer" daemon [_thread_blocked, id=9700, stack(0x000000e8f7e00000,0x000000e8f7f00000)]
  0x000002ba593ad5c0 JavaThread "Signal Dispatcher" daemon [_thread_blocked, id=2192, stack(0x000000e8f7f00000,0x000000e8f8000000)]
  0x000002ba593b0090 JavaThread "Attach Listener" daemon [_thread_blocked, id=2736, stack(0x000000e8f8000000,0x000000e8f8100000)]
  0x000002ba593b0a50 JavaThread "Service Thread" daemon [_thread_blocked, id=17120, stack(0x000000e8f8100000,0x000000e8f8200000)]
  0x000002ba593b1410 JavaThread "Monitor Deflation Thread" daemon [_thread_blocked, id=21308, stack(0x000000e8f8200000,0x000000e8f8300000)]
=>0x000002ba593b2100 JavaThread "C2 CompilerThread0" daemon [_thread_in_native, id=2700, stack(0x000000e8f8300000,0x000000e8f8400000)]
  0x000002ba593b2bb0 JavaThread "C1 CompilerThread0" daemon [_thread_blocked, id=14660, stack(0x000000e8f8400000,0x000000e8f8500000)]
  0x000002ba593e9900 JavaThread "Sweeper thread" daemon [_thread_blocked, id=7388, stack(0x000000e8f8500000,0x000000e8f8600000)]
  0x000002ba595ec080 JavaThread "Notification Thread" daemon [_thread_blocked, id=8040, stack(0x000000e8f8600000,0x000000e8f8700000)]
  0x000002ba595f6830 JavaThread "Common-Cleaner" daemon [_thread_blocked, id=4032, stack(0x000000e8f8800000,0x000000e8f8900000)]
  0x000002baa1aa0c60 JavaThread "C2 CompilerThread1" daemon [_thread_in_native, id=1052, stack(0x000000e8f9000000,0x000000e8f9100000)]

Other Threads:
  0x000002ba59393df0 VMThread "VM Thread" [stack: 0x000000e8f7c00000,0x000000e8f7d00000] [id=4872]
  0x000002ba595f2580 WatcherThread [stack: 0x000000e8f8700000,0x000000e8f8800000] [id=17528]
  0x000002ba3aef7590 GCTaskThread "GC Thread#0" [stack: 0x000000e8f7700000,0x000000e8f7800000] [id=14140]
  0x000002ba9f1bbc40 GCTaskThread "GC Thread#1" [stack: 0x000000e8f8900000,0x000000e8f8a00000] [id=17720]
  0x000002ba9f1bbf00 GCTaskThread "GC Thread#2" [stack: 0x000000e8f8a00000,0x000000e8f8b00000] [id=17796]
  0x000002ba9f214060 GCTaskThread "GC Thread#3" [stack: 0x000000e8f8b00000,0x000000e8f8c00000] [id=11616]
  0x000002ba9f214320 GCTaskThread "GC Thread#4" [stack: 0x000000e8f8c00000,0x000000e8f8d00000] [id=14512]
  0x000002ba9f66e450 GCTaskThread "GC Thread#5" [stack: 0x000000e8f8d00000,0x000000e8f8e00000] [id=8044]
  0x000002ba9f71e860 GCTaskThread "GC Thread#6" [stack: 0x000000e8f8e00000,0x000000e8f8f00000] [id=18308]
  0x000002ba9f71ef30 GCTaskThread "GC Thread#7" [stack: 0x000000e8f8f00000,0x000000e8f9000000] [id=11316]
  0x000002ba9fed6560 GCTaskThread "GC Thread#8" [stack: 0x000000e8f9100000,0x000000e8f9200000] [id=17812]
  0x000002ba9fed80e0 GCTaskThread "GC Thread#9" [stack: 0x000000e8f9200000,0x000000e8f9300000] [id=18848]
  0x000002ba3af08020 ConcurrentGCThread "G1 Main Marker" [stack: 0x000000e8f7800000,0x000000e8f7900000] [id=4300]
  0x000002ba3af09a40 ConcurrentGCThread "G1 Conc#0" [stack: 0x000000e8f7900000,0x000000e8f7a00000] [id=5416]
  0x000002ba9fed6820 ConcurrentGCThread "G1 Conc#1" [stack: 0x000000e8f9300000,0x000000e8f9400000] [id=16324]
  0x000002ba9fed7b60 ConcurrentGCThread "G1 Conc#2" [stack: 0x000000e8f9400000,0x000000e8f9500000] [id=10868]
  0x000002ba3af65ad0 ConcurrentGCThread "G1 Refine#0" [stack: 0x000000e8f7a00000,0x000000e8f7b00000] [id=13956]
  0x000002baa06caad0 ConcurrentGCThread "G1 Refine#1" [stack: 0x000000e8f9500000,0x000000e8f9600000] [id=19124]
  0x000002ba3af66500 ConcurrentGCThread "G1 Service" [stack: 0x000000e8f7b00000,0x000000e8f7c00000] [id=20648]

Threads with active compile tasks:
C2 CompilerThread0    16132 5468   !   4       org.jetbrains.kotlin.metadata.ProtoBuf$Function::<init> (1410 bytes)
C2 CompilerThread1    16132 5498       4       org.jetbrains.org.objectweb.asm.ClassReader::readElementValue (1237 bytes)

VM state: not at safepoint (normal execution)

VM Mutex/Monitor currently owned by a thread: None

Heap address: 0x0000000082600000, size: 2010 MB, Compressed Oops mode: 32-bit

CDS archive(s) mapped at: [0x000002ba5a000000-0x000002ba5abd0000-0x000002ba5abd0000), size 12386304, SharedBaseAddress: 0x000002ba5a000000, ArchiveRelocationMode: 1.
Compressed class space mapped at: 0x000002ba5b000000-0x000002ba9b000000, reserved size: 1073741824
Narrow klass base: 0x000002ba5a000000, Narrow klass shift: 0, Narrow klass range: 0x100000000

GC Precious Log:
 CPUs: 12 total, 12 available
 Memory: 8038M
 Large Page Support: Disabled
 NUMA Support: Disabled
 Compressed Oops: Enabled (32-bit)
 Heap Region Size: 1M
 Heap Min Capacity: 8M
 Heap Initial Capacity: 126M
 Heap Max Capacity: 2010M
 Pre-touch: Disabled
 Parallel Workers: 10
 Concurrent Workers: 3
 Concurrent Refinement Workers: 10
 Periodic GC: Disabled

Heap:
 garbage-first heap   total 84992K, used 56001K [0x0000000082600000, 0x0000000100000000)
  region size 1024K, 7 young (7168K), 1 survivors (1024K)
 Metaspace       used 47623K, committed 47808K, reserved 1114112K
  class space    used 5724K, committed 5824K, reserved 1048576K

Heap Regions: E=young(eden), S=young(survivor), O=old, HS=humongous(starts), HC=humongous(continues), CS=collection set, F=free, OA=open archive, CA=closed archive, TAMS=top-at-mark-start (previous, next)
|   0|0x0000000082600000, 0x0000000082700000, 0x0000000082700000|100%|HS|  |TAMS 0x0000000082700000, 0x0000000082600000| Complete 
|   1|0x0000000082700000, 0x0000000082800000, 0x0000000082800000|100%|HC|  |TAMS 0x0000000082800000, 0x0000000082700000| Complete 
|   2|0x0000000082800000, 0x0000000082900000, 0x0000000082900000|100%|HC|  |TAMS 0x0000000082900000, 0x0000000082800000| Complete 
|   3|0x0000000082900000, 0x0000000082a00000, 0x0000000082a00000|100%| O|  |TAMS 0x0000000082a00000, 0x0000000082900000| Untracked 
|   4|0x0000000082a00000, 0x0000000082b00000, 0x0000000082b00000|100%| O|  |TAMS 0x0000000082b00000, 0x0000000082a00000| Untracked 
|   5|0x0000000082b00000, 0x0000000082c00000, 0x0000000082c00000|100%| O|  |TAMS 0x0000000082c00000, 0x0000000082b00000| Untracked 
|   6|0x0000000082c00000, 0x0000000082c00000, 0x0000000082d00000|  0%| F|  |TAMS 0x0000000082c00000, 0x0000000082c00000| Untracked 
|   7|0x0000000082d00000, 0x0000000082e00000, 0x0000000082e00000|100%| O|  |TAMS 0x0000000082e00000, 0x0000000082d00000| Untracked 
|   8|0x0000000082e00000, 0x0000000082f00000, 0x0000000082f00000|100%| O|  |TAMS 0x0000000082f00000, 0x0000000082e00000| Untracked 
|   9|0x0000000082f00000, 0x0000000083000000, 0x0000000083000000|100%| O|  |TAMS 0x0000000083000000, 0x0000000082f00000| Untracked 
|  10|0x0000000083000000, 0x0000000083100000, 0x0000000083100000|100%| O|  |TAMS 0x0000000083100000, 0x0000000083000000| Untracked 
|  11|0x0000000083100000, 0x0000000083200000, 0x0000000083200000|100%| O|  |TAMS 0x0000000083200000, 0x0000000083100000| Untracked 
|  12|0x0000000083200000, 0x0000000083300000, 0x0000000083300000|100%| O|  |TAMS 0x0000000083300000, 0x0000000083200000| Untracked 
|  13|0x0000000083300000, 0x0000000083400000, 0x0000000083400000|100%| O|  |TAMS 0x0000000083400000, 0x0000000083300000| Untracked 
|  14|0x0000000083400000, 0x0000000083500000, 0x0000000083500000|100%| O|  |TAMS 0x0000000083500000, 0x0000000083400000| Untracked 
|  15|0x0000000083500000, 0x0000000083600000, 0x0000000083600000|100%| O|  |TAMS 0x0000000083600000, 0x0000000083500000| Untracked 
|  16|0x0000000083600000, 0x0000000083700000, 0x0000000083700000|100%| O|  |TAMS 0x0000000083700000, 0x0000000083600000| Untracked 
|  17|0x0000000083700000, 0x0000000083800000, 0x0000000083800000|100%| O|  |TAMS 0x0000000083800000, 0x0000000083700000| Untracked 
|  18|0x0000000083800000, 0x0000000083900000, 0x0000000083900000|100%| O|  |TAMS 0x0000000083900000, 0x0000000083800000| Untracked 
|  19|0x0000000083900000, 0x0000000083a00000, 0x0000000083a00000|100%| O|  |TAMS 0x0000000083a00000, 0x0000000083900000| Untracked 
|  20|0x0000000083a00000, 0x0000000083b00000, 0x0000000083b00000|100%| O|  |TAMS 0x0000000083b00000, 0x0000000083a00000| Untracked 
|  21|0x0000000083b00000, 0x0000000083c00000, 0x0000000083c00000|100%| O|  |TAMS 0x0000000083c00000, 0x0000000083b00000| Untracked 
|  22|0x0000000083c00000, 0x0000000083d00000, 0x0000000083d00000|100%| O|  |TAMS 0x0000000083d00000, 0x0000000083c00000| Untracked 
|  23|0x0000000083d00000, 0x0000000083e00000, 0x0000000083e00000|100%| O|  |TAMS 0x0000000083e00000, 0x0000000083d00000| Untracked 
|  24|0x0000000083e00000, 0x0000000083f00000, 0x0000000083f00000|100%| O|  |TAMS 0x0000000083f00000, 0x0000000083e00000| Untracked 
|  25|0x0000000083f00000, 0x0000000084000000, 0x0000000084000000|100%| O|  |TAMS 0x0000000084000000, 0x0000000083f00000| Untracked 
|  26|0x0000000084000000, 0x0000000084100000, 0x0000000084100000|100%| O|  |TAMS 0x0000000084100000, 0x0000000084000000| Untracked 
|  27|0x0000000084100000, 0x0000000084200000, 0x0000000084200000|100%| O|  |TAMS 0x0000000084200000, 0x0000000084100000| Untracked 
|  28|0x0000000084200000, 0x0000000084300000, 0x0000000084300000|100%| O|  |TAMS 0x0000000084300000, 0x0000000084200000| Untracked 
|  29|0x0000000084300000, 0x0000000084400000, 0x0000000084400000|100%| O|  |TAMS 0x0000000084400000, 0x0000000084300000| Untracked 
|  30|0x0000000084400000, 0x0000000084500000, 0x0000000084500000|100%| O|  |TAMS 0x0000000084500000, 0x0000000084400000| Untracked 
|  31|0x0000000084500000, 0x0000000084600000, 0x0000000084600000|100%| O|  |TAMS 0x0000000084600000, 0x0000000084500000| Untracked 
|  32|0x0000000084600000, 0x0000000084700000, 0x0000000084700000|100%| O|  |TAMS 0x0000000084700000, 0x0000000084600000| Untracked 
|  33|0x0000000084700000, 0x0000000084800000, 0x0000000084800000|100%| O|  |TAMS 0x0000000084800000, 0x0000000084700000| Untracked 
|  34|0x0000000084800000, 0x0000000084900000, 0x0000000084900000|100%| O|  |TAMS 0x0000000084900000, 0x0000000084800000| Untracked 
|  35|0x0000000084900000, 0x0000000084a00000, 0x0000000084a00000|100%| O|  |TAMS 0x0000000084a00000, 0x0000000084900000| Untracked 
|  36|0x0000000084a00000, 0x0000000084b00000, 0x0000000084b00000|100%| O|  |TAMS 0x0000000084ab4c00, 0x0000000084a00000| Untracked 
|  37|0x0000000084b00000, 0x0000000084c00000, 0x0000000084c00000|100%| O|  |TAMS 0x0000000084b00000, 0x0000000084b00000| Untracked 
|  38|0x0000000084c00000, 0x0000000084d00000, 0x0000000084d00000|100%| O|  |TAMS 0x0000000084c00000, 0x0000000084c00000| Untracked 
|  39|0x0000000084d00000, 0x0000000084e00000, 0x0000000084e00000|100%| O|  |TAMS 0x0000000084d00000, 0x0000000084d00000| Untracked 
|  40|0x0000000084e00000, 0x0000000084f00000, 0x0000000084f00000|100%|HS|  |TAMS 0x0000000084e00000, 0x0000000084e00000| Complete 
|  41|0x0000000084f00000, 0x0000000085000000, 0x0000000085000000|100%| O|  |TAMS 0x0000000084f00000, 0x0000000084f00000| Untracked 
|  42|0x0000000085000000, 0x0000000085100000, 0x0000000085100000|100%| O|  |TAMS 0x0000000085000000, 0x0000000085000000| Untracked 
|  43|0x0000000085100000, 0x0000000085200000, 0x0000000085200000|100%| O|  |TAMS 0x0000000085100000, 0x0000000085100000| Untracked 
|  44|0x0000000085200000, 0x0000000085300000, 0x0000000085300000|100%| O|  |TAMS 0x0000000085200000, 0x0000000085200000| Untracked 
|  45|0x0000000085300000, 0x0000000085400000, 0x0000000085400000|100%| O|  |TAMS 0x0000000085300000, 0x0000000085300000| Untracked 
|  46|0x0000000085400000, 0x0000000085500000, 0x0000000085500000|100%| O|  |TAMS 0x0000000085400000, 0x0000000085400000| Untracked 
|  47|0x0000000085500000, 0x0000000085600000, 0x0000000085600000|100%| O|  |TAMS 0x0000000085500000, 0x0000000085500000| Untracked 
|  48|0x0000000085600000, 0x0000000085700000, 0x0000000085700000|100%| O|  |TAMS 0x0000000085600000, 0x0000000085600000| Untracked 
|  49|0x0000000085700000, 0x00000000857f2600, 0x0000000085800000| 94%| O|  |TAMS 0x0000000085700000, 0x0000000085700000| Untracked 
|  50|0x0000000085800000, 0x0000000085800000, 0x0000000085900000|  0%| F|  |TAMS 0x0000000085800000, 0x0000000085800000| Untracked 
|  51|0x0000000085900000, 0x0000000085900000, 0x0000000085a00000|  0%| F|  |TAMS 0x0000000085900000, 0x0000000085900000| Untracked 
|  52|0x0000000085a00000, 0x0000000085a00000, 0x0000000085b00000|  0%| F|  |TAMS 0x0000000085a00000, 0x0000000085a00000| Untracked 
|  53|0x0000000085b00000, 0x0000000085b00000, 0x0000000085c00000|  0%| F|  |TAMS 0x0000000085b00000, 0x0000000085b00000| Untracked 
|  54|0x0000000085c00000, 0x0000000085c00000, 0x0000000085d00000|  0%| F|  |TAMS 0x0000000085c00000, 0x0000000085c00000| Untracked 
|  55|0x0000000085d00000, 0x0000000085d00000, 0x0000000085e00000|  0%| F|  |TAMS 0x0000000085d00000, 0x0000000085d00000| Untracked 
|  56|0x0000000085e00000, 0x0000000085e00000, 0x0000000085f00000|  0%| F|  |TAMS 0x0000000085e00000, 0x0000000085e00000| Untracked 
|  57|0x0000000085f00000, 0x0000000085f00000, 0x0000000086000000|  0%| F|  |TAMS 0x0000000085f00000, 0x0000000085f00000| Untracked 
|  58|0x0000000086000000, 0x0000000086000000, 0x0000000086100000|  0%| F|  |TAMS 0x0000000086000000, 0x0000000086000000| Untracked 
|  59|0x0000000086100000, 0x0000000086100000, 0x0000000086200000|  0%| F|  |TAMS 0x0000000086100000, 0x0000000086100000| Untracked 
|  60|0x0000000086200000, 0x0000000086200000, 0x0000000086300000|  0%| F|  |TAMS 0x0000000086200000, 0x0000000086200000| Untracked 
|  61|0x0000000086300000, 0x0000000086300000, 0x0000000086400000|  0%| F|  |TAMS 0x0000000086300000, 0x0000000086300000| Untracked 
|  62|0x0000000086400000, 0x0000000086400000, 0x0000000086500000|  0%| F|  |TAMS 0x0000000086400000, 0x0000000086400000| Untracked 
|  63|0x0000000086500000, 0x0000000086500000, 0x0000000086600000|  0%| F|  |TAMS 0x0000000086500000, 0x0000000086500000| Untracked 
|  64|0x0000000086600000, 0x0000000086600000, 0x0000000086700000|  0%| F|  |TAMS 0x0000000086600000, 0x0000000086600000| Untracked 
|  65|0x0000000086700000, 0x0000000086700000, 0x0000000086800000|  0%| F|  |TAMS 0x0000000086700000, 0x0000000086700000| Untracked 
|  66|0x0000000086800000, 0x0000000086800000, 0x0000000086900000|  0%| F|  |TAMS 0x0000000086800000, 0x0000000086800000| Untracked 
|  67|0x0000000086900000, 0x0000000086900000, 0x0000000086a00000|  0%| F|  |TAMS 0x0000000086900000, 0x0000000086900000| Untracked 
|  68|0x0000000086a00000, 0x0000000086a00000, 0x0000000086b00000|  0%| F|  |TAMS 0x0000000086a00000, 0x0000000086a00000| Untracked 
|  69|0x0000000086b00000, 0x0000000086b00000, 0x0000000086c00000|  0%| F|  |TAMS 0x0000000086b00000, 0x0000000086b00000| Untracked 
|  70|0x0000000086c00000, 0x0000000086c00000, 0x0000000086d00000|  0%| F|  |TAMS 0x0000000086c00000, 0x0000000086c00000| Untracked 
|  71|0x0000000086d00000, 0x0000000086d00000, 0x0000000086e00000|  0%| F|  |TAMS 0x0000000086d00000, 0x0000000086d00000| Untracked 
|  72|0x0000000086e00000, 0x0000000086e00000, 0x0000000086f00000|  0%| F|  |TAMS 0x0000000086e00000, 0x0000000086e00000| Untracked 
|  86|0x0000000087c00000, 0x0000000087c00000, 0x0000000087d00000|  0%| F|  |TAMS 0x0000000087c00000, 0x0000000087c00000| Untracked 
|  87|0x0000000087d00000, 0x0000000087d00000, 0x0000000087e00000|  0%| F|  |TAMS 0x0000000087d00000, 0x0000000087d00000| Untracked 
|  88|0x0000000087e00000, 0x0000000087e00000, 0x0000000087f00000|  0%| F|  |TAMS 0x0000000087e00000, 0x0000000087e00000| Untracked 
|  91|0x0000000088100000, 0x000000008818d778, 0x0000000088200000| 55%| E|  |TAMS 0x0000000088100000, 0x0000000088100000| Complete 
|  92|0x0000000088200000, 0x0000000088300000, 0x0000000088300000|100%| E|CS|TAMS 0x0000000088200000, 0x0000000088200000| Complete 
|  93|0x0000000088300000, 0x0000000088400000, 0x0000000088400000|100%| E|CS|TAMS 0x0000000088300000, 0x0000000088300000| Complete 
|  94|0x0000000088400000, 0x0000000088500000, 0x0000000088500000|100%| E|CS|TAMS 0x0000000088400000, 0x0000000088400000| Complete 
|  95|0x0000000088500000, 0x0000000088600000, 0x0000000088600000|100%| E|CS|TAMS 0x0000000088500000, 0x0000000088500000| Complete 
| 124|0x000000008a200000, 0x000000008a2be1a0, 0x000000008a300000| 74%| S|CS|TAMS 0x000000008a200000, 0x000000008a200000| Complete 
| 125|0x000000008a300000, 0x000000008a400000, 0x000000008a400000|100%| E|CS|TAMS 0x000000008a300000, 0x000000008a300000| Complete 

Card table byte_map: [0x000002ba520a0000,0x000002ba52490000] _byte_map_base: 0x000002ba51c8d000

Marking Bits (Prev, Next): (CMBitMap*) 0x000002ba3aef7bb0, (CMBitMap*) 0x000002ba3aef7bf0
 Prev Bits: [0x000002ba52880000, 0x000002ba547e8000)
 Next Bits: [0x000002ba547f0000, 0x000002ba56758000)

Polling page: 0x000002ba38ce0000

Metaspace:

Usage:
  Non-class:     40.92 MB used.
      Class:      5.59 MB used.
       Both:     46.51 MB used.

Virtual space:
  Non-class space:       64.00 MB reserved,      41.06 MB ( 64%) committed,  1 nodes.
      Class space:        1.00 GB reserved,       5.69 MB ( <1%) committed,  1 nodes.
             Both:        1.06 GB reserved,      46.75 MB (  4%) committed. 

Chunk freelists:
   Non-Class:  5.80 MB
       Class:  10.33 MB
        Both:  16.12 MB

MaxMetaspaceSize: unlimited
CompressedClassSpaceSize: 1.00 GB
Initial GC threshold: 21.00 MB
Current GC threshold: 77.62 MB
CDS: on
MetaspaceReclaimPolicy: balanced
 - commit_granule_bytes: 65536.
 - commit_granule_words: 8192.
 - virtual_space_node_default_size: 8388608.
 - enlarge_chunks_in_place: 1.
 - new_chunks_are_fully_committed: 0.
 - uncommit_free_chunks: 1.
 - use_allocation_guard: 0.
 - handle_deallocations: 1.


Internal statistics:

num_allocs_failed_limit: 9.
num_arena_births: 220.
num_arena_deaths: 0.
num_vsnodes_births: 2.
num_vsnodes_deaths: 0.
num_space_committed: 746.
num_space_uncommitted: 0.
num_chunks_returned_to_freelist: 9.
num_chunks_taken_from_freelist: 1842.
num_chunk_merges: 9.
num_chunk_splits: 1523.
num_chunks_enlarged: 1388.
num_inconsistent_stats: 0.

CodeHeap 'non-profiled nmethods': size=120000Kb used=2443Kb max_used=2443Kb free=117557Kb
 bounds [0x000002ba4a230000, 0x000002ba4a4a0000, 0x000002ba51760000]
CodeHeap 'profiled nmethods': size=120000Kb used=10210Kb max_used=10409Kb free=109790Kb
 bounds [0x000002ba42760000, 0x000002ba43190000, 0x000002ba49c90000]
CodeHeap 'non-nmethods': size=5760Kb used=1303Kb max_used=1400Kb free=4456Kb
 bounds [0x000002ba49c90000, 0x000002ba49f00000, 0x000002ba4a230000]
 total_blobs=5448 nmethods=4831 adapters=529
 compilation: enabled
              stopped_count=0, restarted_count=0
 full_count=0

Compilation events (20 events):
Event: 16.041 Thread 0x000002ba593b2bb0 nmethod 5546 0x000002ba42cd6810 code [0x000002ba42cd6a40, 0x000002ba42cd7208]
Event: 16.041 Thread 0x000002ba593b2bb0 5544       3       org.jetbrains.kotlin.fir.declarations.FirConstructor::accept (13 bytes)
Event: 16.042 Thread 0x000002ba593b2bb0 nmethod 5544 0x000002ba42cd5c90 code [0x000002ba42cd5ea0, 0x000002ba42cd6548]
Event: 16.042 Thread 0x000002ba593b2bb0 5545       3       org.jetbrains.kotlin.fir.declarations.FirRegularClass::transform (22 bytes)
Event: 16.043 Thread 0x000002ba593b2bb0 nmethod 5545 0x000002ba42cd4990 code [0x000002ba42cd4c20, 0x000002ba42cd5838]
Event: 16.043 Thread 0x000002ba593b2bb0 5547       3       org.jetbrains.kotlin.fir.types.FirResolvedTypeRef::transform (22 bytes)
Event: 16.044 Thread 0x000002ba593b2bb0 nmethod 5547 0x000002ba42cd3810 code [0x000002ba42cd3aa0, 0x000002ba42cd45b8]
Event: 16.044 Thread 0x000002ba593b2bb0 5549       3       java.lang.invoke.LambdaForm$MH/0x000002ba5b478c00::linkToTargetMethod (23 bytes)
Event: 16.045 Thread 0x000002ba593b2bb0 nmethod 5549 0x000002ba42cd3090 code [0x000002ba42cd3240, 0x000002ba42cd36f8]
Event: 16.045 Thread 0x000002ba593b2bb0 5550       3       java.lang.invoke.LambdaForm$DMH/0x000002ba5b478400::newInvokeSpecial (40 bytes)
Event: 16.045 Thread 0x000002ba593b2bb0 nmethod 5550 0x000002ba42cd2410 code [0x000002ba42cd2600, 0x000002ba42cd2e68]
Event: 16.045 Thread 0x000002ba593b2bb0 5551       3       org.jetbrains.kotlin.fir.resolve.providers.impl.FirTypeResolverImpl$$Lambda$340/0x000002ba5b4761f0::<init> (56 bytes)
Event: 16.045 Thread 0x000002ba593b2bb0 nmethod 5551 0x000002ba42cd1d10 code [0x000002ba42cd1ec0, 0x000002ba42cd2338]
Event: 16.061 Thread 0x000002ba593b2bb0 5552       3       org.jetbrains.kotlin.protobuf.GeneratedMessageLite$GeneratedExtension::fromFieldSetType (84 bytes)
Event: 16.063 Thread 0x000002ba593b2bb0 nmethod 5552 0x000002ba42cd0790 code [0x000002ba42cd0a20, 0x000002ba42cd1878]
Event: 16.079 Thread 0x000002ba593b2bb0 5553       3       kotlin.collections.CollectionsKt___CollectionsKt::single (76 bytes)
Event: 16.080 Thread 0x000002ba593b2bb0 nmethod 5553 0x000002ba42ccf390 code [0x000002ba42ccf640, 0x000002ba42cd03e8]
Event: 16.080 Thread 0x000002ba593b2bb0 5554       3       org.jetbrains.kotlin.fir.resolve.transformers.ScopeClassDeclaration::<init> (30 bytes)
Event: 16.080 Thread 0x000002ba593b2bb0 nmethod 5554 0x000002ba42ccef10 code [0x000002ba42ccf0c0, 0x000002ba42ccf288]
Event: 16.080 Thread 0x000002ba593b2bb0 5556       3       org.jetbrains.kotlin.fir.deserialization.FirTypeDeserializer::<init> (685 bytes)

GC Heap History (20 events):
Event: 6.457 GC heap before
{Heap before GC invocations=4 (full 0):
 garbage-first heap   total 58368K, used 41034K [0x0000000082600000, 0x0000000100000000)
  region size 1024K, 34 young (34816K), 8 survivors (8192K)
 Metaspace       used 27330K, committed 27584K, reserved 1114112K
  class space    used 3553K, committed 3648K, reserved 1048576K
}
Event: 6.484 GC heap after
{Heap after GC invocations=5 (full 0):
 garbage-first heap   total 58368K, used 16853K [0x0000000082600000, 0x0000000100000000)
  region size 1024K, 3 young (3072K), 3 survivors (3072K)
 Metaspace       used 27330K, committed 27584K, reserved 1114112K
  class space    used 3553K, committed 3648K, reserved 1048576K
}
Event: 8.019 GC heap before
{Heap before GC invocations=6 (full 0):
 garbage-first heap   total 58368K, used 40405K [0x0000000082600000, 0x0000000100000000)
  region size 1024K, 27 young (27648K), 3 survivors (3072K)
 Metaspace       used 32965K, committed 33216K, reserved 1114112K
  class space    used 4080K, committed 4224K, reserved 1048576K
}
Event: 8.036 GC heap after
{Heap after GC invocations=7 (full 0):
 garbage-first heap   total 58368K, used 19550K [0x0000000082600000, 0x0000000100000000)
  region size 1024K, 4 young (4096K), 4 survivors (4096K)
 Metaspace       used 32965K, committed 33216K, reserved 1114112K
  class space    used 4080K, committed 4224K, reserved 1048576K
}
Event: 9.545 GC heap before
{Heap before GC invocations=7 (full 0):
 garbage-first heap   total 58368K, used 43102K [0x0000000082600000, 0x0000000100000000)
  region size 1024K, 27 young (27648K), 4 survivors (4096K)
 Metaspace       used 33837K, committed 34048K, reserved 1114112K
  class space    used 4126K, committed 4224K, reserved 1048576K
}
Event: 9.582 GC heap after
{Heap after GC invocations=8 (full 0):
 garbage-first heap   total 70656K, used 26233K [0x0000000082600000, 0x0000000100000000)
  region size 1024K, 4 young (4096K), 4 survivors (4096K)
 Metaspace       used 33837K, committed 34048K, reserved 1114112K
  class space    used 4126K, committed 4224K, reserved 1048576K
}
Event: 11.377 GC heap before
{Heap before GC invocations=8 (full 0):
 garbage-first heap   total 70656K, used 48761K [0x0000000082600000, 0x0000000100000000)
  region size 1024K, 27 young (27648K), 4 survivors (4096K)
 Metaspace       used 38268K, committed 38528K, reserved 1114112K
  class space    used 4602K, committed 4736K, reserved 1048576K
}
Event: 11.401 GC heap after
{Heap after GC invocations=9 (full 0):
 garbage-first heap   total 70656K, used 29165K [0x0000000082600000, 0x0000000100000000)
  region size 1024K, 3 young (3072K), 3 survivors (3072K)
 Metaspace       used 38268K, committed 38528K, reserved 1114112K
  class space    used 4602K, committed 4736K, reserved 1048576K
}
Event: 12.667 GC heap before
{Heap before GC invocations=9 (full 0):
 garbage-first heap   total 70656K, used 50669K [0x0000000082600000, 0x0000000100000000)
  region size 1024K, 25 young (25600K), 3 survivors (3072K)
 Metaspace       used 41262K, committed 41536K, reserved 1114112K
  class space    used 4938K, committed 5056K, reserved 1048576K
}
Event: 12.699 GC heap after
{Heap after GC invocations=10 (full 0):
 garbage-first heap   total 70656K, used 33294K [0x0000000082600000, 0x0000000100000000)
  region size 1024K, 4 young (4096K), 4 survivors (4096K)
 Metaspace       used 41262K, committed 41536K, reserved 1114112K
  class space    used 4938K, committed 5056K, reserved 1048576K
}
Event: 13.931 GC heap before
{Heap before GC invocations=10 (full 0):
 garbage-first heap   total 70656K, used 46606K [0x0000000082600000, 0x0000000100000000)
  region size 1024K, 18 young (18432K), 4 survivors (4096K)
 Metaspace       used 45815K, committed 46080K, reserved 1114112K
  class space    used 5564K, committed 5696K, reserved 1048576K
}
Event: 13.951 GC heap after
{Heap after GC invocations=11 (full 0):
 garbage-first heap   total 70656K, used 34766K [0x0000000082600000, 0x0000000100000000)
  region size 1024K, 2 young (2048K), 2 survivors (2048K)
 Metaspace       used 45815K, committed 46080K, reserved 1114112K
  class space    used 5564K, committed 5696K, reserved 1048576K
}
Event: 15.500 GC heap before
{Heap before GC invocations=12 (full 0):
 garbage-first heap   total 70656K, used 53198K [0x0000000082600000, 0x0000000100000000)
  region size 1024K, 20 young (20480K), 2 survivors (2048K)
 Metaspace       used 47128K, committed 47424K, reserved 1114112K
  class space    used 5691K, committed 5824K, reserved 1048576K
}
Event: 15.523 GC heap after
{Heap after GC invocations=13 (full 0):
 garbage-first heap   total 70656K, used 39729K [0x0000000082600000, 0x0000000100000000)
  region size 1024K, 3 young (3072K), 3 survivors (3072K)
 Metaspace       used 47128K, committed 47424K, reserved 1114112K
  class space    used 5691K, committed 5824K, reserved 1048576K
}
Event: 15.680 GC heap before
{Heap before GC invocations=13 (full 0):
 garbage-first heap   total 70656K, used 42801K [0x0000000082600000, 0x0000000100000000)
  region size 1024K, 7 young (7168K), 3 survivors (3072K)
 Metaspace       used 47429K, committed 47680K, reserved 1114112K
  class space    used 5713K, committed 5824K, reserved 1048576K
}
Event: 15.695 GC heap after
{Heap after GC invocations=14 (full 0):
 garbage-first heap   total 84992K, used 40942K [0x0000000082600000, 0x0000000100000000)
  region size 1024K, 1 young (1024K), 1 survivors (1024K)
 Metaspace       used 47429K, committed 47680K, reserved 1114112K
  class space    used 5713K, committed 5824K, reserved 1048576K
}
Event: 15.888 GC heap before
{Heap before GC invocations=15 (full 0):
 garbage-first heap   total 84992K, used 64494K [0x0000000082600000, 0x0000000100000000)
  region size 1024K, 23 young (23552K), 1 survivors (1024K)
 Metaspace       used 47509K, committed 47744K, reserved 1114112K
  class space    used 5713K, committed 5824K, reserved 1048576K
}
Event: 15.907 GC heap after
{Heap after GC invocations=16 (full 0):
 garbage-first heap   total 84992K, used 49854K [0x0000000082600000, 0x0000000100000000)
  region size 1024K, 3 young (3072K), 3 survivors (3072K)
 Metaspace       used 47509K, committed 47744K, reserved 1114112K
  class space    used 5713K, committed 5824K, reserved 1048576K
}
Event: 15.924 GC heap before
{Heap before GC invocations=16 (full 0):
 garbage-first heap   total 84992K, used 50878K [0x0000000082600000, 0x0000000100000000)
  region size 1024K, 4 young (4096K), 3 survivors (3072K)
 Metaspace       used 47511K, committed 47744K, reserved 1114112K
  class space    used 5713K, committed 5824K, reserved 1048576K
}
Event: 15.931 GC heap after
{Heap after GC invocations=17 (full 0):
 garbage-first heap   total 84992K, used 50881K [0x0000000082600000, 0x0000000100000000)
  region size 1024K, 1 young (1024K), 1 survivors (1024K)
 Metaspace       used 47511K, committed 47744K, reserved 1114112K
  class space    used 5713K, committed 5824K, reserved 1048576K
}

Deoptimization events (20 events):
Event: 15.701 Thread 0x000002ba3ae9c8d0 DEOPT PACKING pc=0x000002ba4a46fe20 sp=0x000000e8f76fc130
Event: 15.701 Thread 0x000002ba3ae9c8d0 DEOPT UNPACKING pc=0x000002ba49ce23a3 sp=0x000000e8f76fc0c8 mode 2
Event: 15.710 Thread 0x000002ba3ae9c8d0 Uncommon trap: trap_request=0xffffff45 fr.pc=0x000002ba4a2fa384 relative=0x00000000000005e4
Event: 15.711 Thread 0x000002ba3ae9c8d0 Uncommon trap: reason=unstable_if action=reinterpret pc=0x000002ba4a2fa384 method=org.jetbrains.kotlin.protobuf.CodedInputStream.readRawByte()B @ 8 c2
Event: 15.715 Thread 0x000002ba3ae9c8d0 DEOPT PACKING pc=0x000002ba4a2fa384 sp=0x000000e8f76fbab0
Event: 15.715 Thread 0x000002ba3ae9c8d0 DEOPT UNPACKING pc=0x000002ba49ce23a3 sp=0x000000e8f76fb8e8 mode 2
Event: 15.790 Thread 0x000002ba3ae9c8d0 DEOPT PACKING pc=0x000002ba42ecb54b sp=0x000000e8f76fc920
Event: 15.790 Thread 0x000002ba3ae9c8d0 DEOPT UNPACKING pc=0x000002ba49ce2b43 sp=0x000000e8f76fbe28 mode 0
Event: 15.804 Thread 0x000002ba3ae9c8d0 DEOPT PACKING pc=0x000002ba42ecb54b sp=0x000000e8f76fc920
Event: 15.804 Thread 0x000002ba3ae9c8d0 DEOPT UNPACKING pc=0x000002ba49ce2b43 sp=0x000000e8f76fbe28 mode 0
Event: 15.818 Thread 0x000002ba3ae9c8d0 DEOPT PACKING pc=0x000002ba42ecb54b sp=0x000000e8f76fc920
Event: 15.818 Thread 0x000002ba3ae9c8d0 DEOPT UNPACKING pc=0x000002ba49ce2b43 sp=0x000000e8f76fbe28 mode 0
Event: 15.831 Thread 0x000002ba3ae9c8d0 DEOPT PACKING pc=0x000002ba42ecb54b sp=0x000000e8f76fc920
Event: 15.831 Thread 0x000002ba3ae9c8d0 DEOPT UNPACKING pc=0x000002ba49ce2b43 sp=0x000000e8f76fbe28 mode 0
Event: 15.840 Thread 0x000002ba3ae9c8d0 DEOPT PACKING pc=0x000002ba42ecb54b sp=0x000000e8f76fc920
Event: 15.840 Thread 0x000002ba3ae9c8d0 DEOPT UNPACKING pc=0x000002ba49ce2b43 sp=0x000000e8f76fbe28 mode 0
Event: 15.864 Thread 0x000002ba3ae9c8d0 DEOPT PACKING pc=0x000002ba42ecb54b sp=0x000000e8f76fc920
Event: 15.864 Thread 0x000002ba3ae9c8d0 DEOPT UNPACKING pc=0x000002ba49ce2b43 sp=0x000000e8f76fbe28 mode 0
Event: 15.868 Thread 0x000002ba3ae9c8d0 DEOPT PACKING pc=0x000002ba42ecb54b sp=0x000000e8f76fc920
Event: 15.868 Thread 0x000002ba3ae9c8d0 DEOPT UNPACKING pc=0x000002ba49ce2b43 sp=0x000000e8f76fbe28 mode 0

Classes unloaded (0 events):
No events

Classes redefined (0 events):
No events

Internal exceptions (20 events):
Event: 3.245 Thread 0x000002ba3ae9c8d0 Exception <a 'java/lang/NoSuchMethodError'{0x000000008a310208}: 'java.lang.Object java.lang.invoke.Invokers$Holder.invoke_MT(java.lang.Object, java.lang.Object, java.lang.Object)'> (0x000000008a310208) 
thrown [s\open\src\hotspot\share\interpreter\linkResolver.cpp, line 759]
Event: 3.901 Thread 0x000002ba3ae9c8d0 Exception <a 'java/lang/NoSuchMethodError'{0x0000000089799eb0}: 'java.lang.Object java.lang.invoke.DirectMethodHandle$Holder.newInvokeSpecial(java.lang.Object, int, java.lang.Object, java.lang.Object, java.lang.Object, java.lang.Object)'> (0x0000000089799eb0) 
thrown [s\open\src\hotspot\share\interpreter\linkResolver.cpp, line 759]
Event: 4.050 Thread 0x000002ba3ae9c8d0 Exception <a 'java/lang/NoSuchMethodError'{0x00000000895d3bb0}: 'java.lang.Object java.lang.invoke.DirectMethodHandle$Holder.invokeStatic(java.lang.Object, java.lang.Object, int, java.lang.Object)'> (0x00000000895d3bb0) 
thrown [s\open\src\hotspot\share\interpreter\linkResolver.cpp, line 759]
Event: 4.546 Thread 0x000002ba3ae9c8d0 Exception <a 'java/lang/NoSuchMethodError'{0x0000000088e58da0}: 'java.lang.Object java.lang.invoke.DirectMethodHandle$Holder.newInvokeSpecial(java.lang.Object, java.lang.Object, java.lang.Object, java.lang.Object, java.lang.Object, java.lang.Object)'> (0x0000000088e58da0) 
thrown [s\open\src\hotspot\share\interpreter\linkResolver.cpp, line 759]
Event: 6.053 Thread 0x000002ba3ae9c8d0 Exception <a 'java/lang/NoSuchMethodError'{0x000000008470e1b8}: 'java.lang.Object java.lang.invoke.DirectMethodHandle$Holder.newInvokeSpecial(java.lang.Object, java.lang.Object, java.lang.Object, java.lang.Object, java.lang.Object, java.lang.Object, java.lang.Object)'> (0x000000008470e1b8) 
thrown [s\open\src\hotspot\share\interpreter\linkResolver.cpp, line 759]
Event: 6.054 Thread 0x000002ba3ae9c8d0 Exception <a 'java/lang/NoSuchMethodError'{0x0000000084712ac8}: 'java.lang.Object java.lang.invoke.Invokers$Holder.linkToTargetMethod(java.lang.Object, java.lang.Object, java.lang.Object, java.lang.Object, java.lang.Object, java.lang.Object, java.lang.Object)'> (0x0000000084712ac8) 
thrown [s\open\src\hotspot\share\interpreter\linkResolver.cpp, line 759]
Event: 6.638 Thread 0x000002ba3ae9c8d0 Exception <a 'java/lang/NoSuchMethodError'{0x00000000882806c0}: 'java.lang.Object java.lang.invoke.DirectMethodHandle$Holder.invokeVirtual(java.lang.Object, java.lang.Object, java.lang.Object)'> (0x00000000882806c0) 
thrown [s\open\src\hotspot\share\interpreter\linkResolver.cpp, line 759]
Event: 6.750 Thread 0x000002ba3ae9c8d0 Exception <a 'java/lang/NoSuchMethodError'{0x0000000087e15b98}: 'java.lang.Object java.lang.invoke.DirectMethodHandle$Holder.newInvokeSpecial(java.lang.Object, java.lang.Object, int)'> (0x0000000087e15b98) 
thrown [s\open\src\hotspot\share\interpreter\linkResolver.cpp, line 759]
Event: 7.010 Thread 0x000002ba3ae9c8d0 Exception <a 'java/lang/NoSuchMethodError'{0x00000000852baf08}: 'int java.lang.invoke.DirectMethodHandle$Holder.invokeStaticInit(java.lang.Object, int)'> (0x00000000852baf08) 
thrown [s\open\src\hotspot\share\interpreter\linkResolver.cpp, line 759]
Event: 7.779 Thread 0x000002ba3ae9c8d0 Implicit null exception at 0x000002ba4a2f8f4c to 0x000002ba4a2f9040
Event: 11.495 Thread 0x000002ba3ae9c8d0 Implicit null exception at 0x000002ba4a2b9560 to 0x000002ba4a2b95fa
Event: 11.606 Thread 0x000002ba3ae9c8d0 Exception <a 'java/lang/NoSuchMethodError'{0x000000008814fc30}: 'java.lang.Object java.lang.invoke.DirectMethodHandle$Holder.newInvokeSpecial(java.lang.Object, java.lang.Object, java.lang.Object, int, java.lang.Object)'> (0x000000008814fc30) 
thrown [s\open\src\hotspot\share\interpreter\linkResolver.cpp, line 759]
Event: 11.608 Thread 0x000002ba3ae9c8d0 Exception <a 'java/lang/NoSuchMethodError'{0x00000000881577f0}: 'java.lang.Object java.lang.invoke.Invokers$Holder.linkToTargetMethod(java.lang.Object, java.lang.Object, int, java.lang.Object, java.lang.Object)'> (0x00000000881577f0) 
thrown [s\open\src\hotspot\share\interpreter\linkResolver.cpp, line 759]
Event: 12.569 Thread 0x000002ba3ae9c8d0 Exception <a 'java/lang/NoSuchMethodError'{0x00000000857d7a50}: 'java.lang.Object java.lang.invoke.Invokers$Holder.invokeExact_MT(java.lang.Object, java.lang.Object, java.lang.Object, java.lang.Object, java.lang.Object, java.lang.Object)'> (0x00000000857d7a50) 
thrown [s\open\src\hotspot\share\interpreter\linkResolver.cpp, line 759]
Event: 13.644 Thread 0x000002ba3ae9c8d0 Exception <a 'java/lang/NoSuchMethodError'{0x0000000087cf6018}: 'java.lang.Object java.lang.invoke.DirectMethodHandle$Holder.invokeStatic(java.lang.Object, java.lang.Object, java.lang.Object, java.lang.Object, int)'> (0x0000000087cf6018) 
thrown [s\open\src\hotspot\share\interpreter\linkResolver.cpp, line 759]
Event: 13.645 Thread 0x000002ba3ae9c8d0 Exception <a 'java/lang/NoSuchMethodError'{0x00000000860000b0}: 'java.lang.Object java.lang.invoke.DirectMethodHandle$Holder.newInvokeSpecial(java.lang.Object, java.lang.Object, java.lang.Object, java.lang.Object, int)'> (0x00000000860000b0) 
thrown [s\open\src\hotspot\share\interpreter\linkResolver.cpp, line 759]
Event: 13.646 Thread 0x000002ba3ae9c8d0 Exception <a 'java/lang/NoSuchMethodError'{0x0000000086004c20}: 'java.lang.Object java.lang.invoke.DirectMethodHandle$Holder.invokeSpecial(java.lang.Object, java.lang.Object, java.lang.Object, java.lang.Object, java.lang.Object, int)'> (0x0000000086004c20) 
thrown [s\open\src\hotspot\share\interpreter\linkResolver.cpp, line 759]
Event: 13.646 Thread 0x000002ba3ae9c8d0 Exception <a 'java/lang/NoSuchMethodError'{0x0000000086008e58}: 'java.lang.Object java.lang.invoke.Invokers$Holder.linkToTargetMethod(java.lang.Object, java.lang.Object, java.lang.Object, int, java.lang.Object)'> (0x0000000086008e58) 
thrown [s\open\src\hotspot\share\interpreter\linkResolver.cpp, line 759]
Event: 15.458 Thread 0x000002ba3ae9c8d0 Exception <a 'java/lang/NoSuchMethodError'{0x0000000085788c00}: 'java.lang.Object java.lang.invoke.DirectMethodHandle$Holder.newInvokeSpecial(java.lang.Object, java.lang.Object, int, java.lang.Object)'> (0x0000000085788c00) 
thrown [s\open\src\hotspot\share\interpreter\linkResolver.cpp, line 759]
Event: 15.459 Thread 0x000002ba3ae9c8d0 Exception <a 'java/lang/NoSuchMethodError'{0x000000008578cc78}: 'java.lang.Object java.lang.invoke.DirectMethodHandle$Holder.invokeSpecial(java.lang.Object, java.lang.Object, java.lang.Object, int, java.lang.Object)'> (0x000000008578cc78) 
thrown [s\open\src\hotspot\share\interpreter\linkResolver.cpp, line 759]

VM Operations (20 events):
Event: 14.409 Executing VM operation: HandshakeAllThreads
Event: 14.409 Executing VM operation: HandshakeAllThreads done
Event: 14.434 Executing VM operation: HandshakeAllThreads
Event: 14.436 Executing VM operation: HandshakeAllThreads done
Event: 15.037 Executing VM operation: ICBufferFull
Event: 15.067 Executing VM operation: ICBufferFull done
Event: 15.385 Executing VM operation: ICBufferFull
Event: 15.385 Executing VM operation: ICBufferFull done
Event: 15.500 Executing VM operation: G1CollectForAllocation
Event: 15.523 Executing VM operation: G1CollectForAllocation done
Event: 15.679 Executing VM operation: G1TryInitiateConcMark
Event: 15.697 Executing VM operation: G1TryInitiateConcMark done
Event: 15.745 Executing VM operation: G1Concurrent
Event: 15.754 Executing VM operation: G1Concurrent done
Event: 15.779 Executing VM operation: G1Concurrent
Event: 15.784 Executing VM operation: G1Concurrent done
Event: 15.888 Executing VM operation: G1CollectForAllocation
Event: 15.907 Executing VM operation: G1CollectForAllocation done
Event: 15.924 Executing VM operation: G1CollectForAllocation
Event: 15.931 Executing VM operation: G1CollectForAllocation done

Events (20 events):
Event: 14.448 Thread 0x000002ba593e9900 flushing nmethod 0x000002ba42fbfb10
Event: 14.448 Thread 0x000002ba593e9900 flushing nmethod 0x000002ba42fd2710
Event: 14.448 Thread 0x000002ba593e9900 flushing nmethod 0x000002ba42feab10
Event: 14.448 Thread 0x000002ba593e9900 flushing nmethod 0x000002ba42ff3d10
Event: 14.448 Thread 0x000002ba593e9900 flushing nmethod 0x000002ba4300d590
Event: 14.448 Thread 0x000002ba593e9900 flushing nmethod 0x000002ba43011010
Event: 14.449 Thread 0x000002ba593e9900 flushing nmethod 0x000002ba43056490
Event: 14.449 Thread 0x000002ba593e9900 flushing nmethod 0x000002ba430a0410
Event: 14.449 Thread 0x000002ba593e9900 flushing nmethod 0x000002ba430ba190
Event: 14.449 Thread 0x000002ba593e9900 flushing nmethod 0x000002ba430f6d90
Event: 14.449 Thread 0x000002ba593e9900 flushing nmethod 0x000002ba43104090
Event: 14.449 Thread 0x000002ba593e9900 flushing nmethod 0x000002ba43104710
Event: 14.449 Thread 0x000002ba593e9900 flushing nmethod 0x000002ba43104f90
Event: 14.449 Thread 0x000002ba593e9900 flushing nmethod 0x000002ba43106210
Event: 14.449 Thread 0x000002ba593e9900 flushing nmethod 0x000002ba43107c90
Event: 14.449 Thread 0x000002ba593e9900 flushing nmethod 0x000002ba43122610
Event: 14.449 Thread 0x000002ba593e9900 flushing nmethod 0x000002ba43124290
Event: 14.450 Thread 0x000002ba593e9900 flushing nmethod 0x000002ba4315c810
Event: 14.984 Thread 0x000002baa068c3a0 Thread exited: 0x000002baa068c3a0
Event: 15.024 Thread 0x000002baa1aa0c60 Thread added: 0x000002baa1aa0c60


Dynamic libraries:
0x00007ff6487e0000 - 0x00007ff6487f0000 	C:\Program Files\Java\jdk-17\bin\java.exe
0x00007ffa64250000 - 0x00007ffa64448000 	C:\WINDOWS\SYSTEM32\ntdll.dll
0x00007ffa626b0000 - 0x00007ffa62772000 	C:\WINDOWS\System32\KERNEL32.DLL
0x00007ffa61dc0000 - 0x00007ffa620b6000 	C:\WINDOWS\System32\KERNELBASE.dll
0x00007ffa61a20000 - 0x00007ffa61b20000 	C:\WINDOWS\System32\ucrtbase.dll
0x00007ffa3f680000 - 0x00007ffa3f69b000 	C:\Program Files\Java\jdk-17\bin\VCRUNTIME140.dll
0x00007ffa3f6a0000 - 0x00007ffa3f6b9000 	C:\Program Files\Java\jdk-17\bin\jli.dll
0x00007ffa63090000 - 0x00007ffa63141000 	C:\WINDOWS\System32\ADVAPI32.dll
0x00007ffa63770000 - 0x00007ffa6380e000 	C:\WINDOWS\System32\msvcrt.dll
0x00007ffa63f60000 - 0x00007ffa63fff000 	C:\WINDOWS\System32\sechost.dll
0x00007ffa63e30000 - 0x00007ffa63f53000 	C:\WINDOWS\System32\RPCRT4.dll
0x00007ffa61b20000 - 0x00007ffa61b47000 	C:\WINDOWS\System32\bcrypt.dll
0x00007ffa635d0000 - 0x00007ffa6376d000 	C:\WINDOWS\System32\USER32.dll
0x00007ffa61960000 - 0x00007ffa61982000 	C:\WINDOWS\System32\win32u.dll
0x00007ffa50a30000 - 0x00007ffa50cca000 	C:\WINDOWS\WinSxS\amd64_microsoft.windows.common-controls_6595b64144ccf1df_6.0.19041.5915_none_60b4b9d171f9c7c7\COMCTL32.dll
0x00007ffa63d80000 - 0x00007ffa63dab000 	C:\WINDOWS\System32\GDI32.dll
0x00007ffa61ca0000 - 0x00007ffa61db9000 	C:\WINDOWS\System32\gdi32full.dll
0x00007ffa61c00000 - 0x00007ffa61c9d000 	C:\WINDOWS\System32\msvcp_win.dll
0x00007ffa5b960000 - 0x00007ffa5b96a000 	C:\WINDOWS\SYSTEM32\VERSION.dll
0x00007ffa62680000 - 0x00007ffa626af000 	C:\WINDOWS\System32\IMM32.DLL
0x00007ffa51e70000 - 0x00007ffa51e7c000 	C:\Program Files\Java\jdk-17\bin\vcruntime140_1.dll
0x00007ffa3df00000 - 0x00007ffa3df8e000 	C:\Program Files\Java\jdk-17\bin\msvcp140.dll
0x00007ffa03620000 - 0x00007ffa04200000 	C:\Program Files\Java\jdk-17\bin\server\jvm.dll
0x00007ffa635c0000 - 0x00007ffa635c8000 	C:\WINDOWS\System32\PSAPI.DLL
0x00007ffa48e00000 - 0x00007ffa48e09000 	C:\WINDOWS\SYSTEM32\WSOCK32.dll
0x00007ffa63a80000 - 0x00007ffa63aeb000 	C:\WINDOWS\System32\WS2_32.dll
0x00007ffa51570000 - 0x00007ffa51597000 	C:\WINDOWS\SYSTEM32\WINMM.dll
0x00007ffa5f760000 - 0x00007ffa5f772000 	C:\WINDOWS\SYSTEM32\kernel.appcore.dll
0x00007ffa51e10000 - 0x00007ffa51e1a000 	C:\Program Files\Java\jdk-17\bin\jimage.dll
0x00007ffa4c740000 - 0x00007ffa4c941000 	C:\WINDOWS\SYSTEM32\DBGHELP.DLL
0x00007ffa3c9b0000 - 0x00007ffa3c9e4000 	C:\WINDOWS\SYSTEM32\dbgcore.DLL
0x00007ffa61990000 - 0x00007ffa61a12000 	C:\WINDOWS\System32\bcryptPrimitives.dll
0x00007ffa3f650000 - 0x00007ffa3f675000 	C:\Program Files\Java\jdk-17\bin\java.dll
0x00007ffa3b890000 - 0x00007ffa3b967000 	C:\Program Files\Java\jdk-17\bin\jsvml.dll
0x00007ffa62830000 - 0x00007ffa62f9e000 	C:\WINDOWS\System32\SHELL32.dll
0x00007ffa5f960000 - 0x00007ffa60104000 	C:\WINDOWS\SYSTEM32\windows.storage.dll
0x00007ffa62270000 - 0x00007ffa625c3000 	C:\WINDOWS\System32\combase.dll
0x00007ffa61310000 - 0x00007ffa6133b000 	C:\WINDOWS\SYSTEM32\Wldp.dll
0x00007ffa639b0000 - 0x00007ffa63a7d000 	C:\WINDOWS\System32\OLEAUT32.dll
0x00007ffa62780000 - 0x00007ffa6282d000 	C:\WINDOWS\System32\SHCORE.dll
0x00007ffa64000000 - 0x00007ffa6405b000 	C:\WINDOWS\System32\shlwapi.dll
0x00007ffa61810000 - 0x00007ffa61835000 	C:\WINDOWS\SYSTEM32\profapi.dll
0x00007ffa3f630000 - 0x00007ffa3f649000 	C:\Program Files\Java\jdk-17\bin\net.dll
0x00007ffa5b4e0000 - 0x00007ffa5b5ea000 	C:\WINDOWS\SYSTEM32\WINHTTP.dll
0x00007ffa61070000 - 0x00007ffa610da000 	C:\WINDOWS\system32\mswsock.dll
0x00007ffa3f610000 - 0x00007ffa3f626000 	C:\Program Files\Java\jdk-17\bin\nio.dll
0x00007ffa3f3d0000 - 0x00007ffa3f3e8000 	C:\Program Files\Java\jdk-17\bin\zip.dll
0x00007ffa517a0000 - 0x00007ffa517b0000 	C:\Program Files\Java\jdk-17\bin\verify.dll

dbghelp: loaded successfully - version: 4.0.5 - missing functions: none
symbol engine: initialized successfully - sym options: 0x614 - pdb path: .;C:\Program Files\Java\jdk-17\bin;C:\WINDOWS\SYSTEM32;C:\WINDOWS\WinSxS\amd64_microsoft.windows.common-controls_6595b64144ccf1df_6.0.19041.5915_none_60b4b9d171f9c7c7;C:\Program Files\Java\jdk-17\bin\server

VM Arguments:
java_command: org.jetbrains.kotlin.cli.jvm.K2JVMCompiler @C:\BallTrackr\node_modules\react-native-screens\android\build\20250616_2923973794567825235.compiler.options
java_class_path (initial): C:\Users\Rizal\.gradle\caches\modules-2\files-2.1\org.jetbrains.kotlin\kotlin-compiler-embeddable\2.0.21\79346ed53db48b18312a472602eb5c057070c54d\kotlin-compiler-embeddable-2.0.21.jar;C:\Users\Rizal\.gradle\caches\modules-2\files-2.1\org.jetbrains.kotlin\kotlin-stdlib\2.0.21\618b539767b4899b4660a83006e052b63f1db551\kotlin-stdlib-2.0.21.jar;C:\Users\Rizal\.gradle\caches\modules-2\files-2.1\org.jetbrains.kotlin\kotlin-script-runtime\2.0.21\c9b044380ad41f89aa89aa896c2d32a8c0b2129d\kotlin-script-runtime-2.0.21.jar;C:\Users\Rizal\.gradle\caches\modules-2\files-2.1\org.jetbrains.kotlin\kotlin-reflect\1.6.10\1cbe9c92c12a94eea200d23c2bbaedaf3daf5132\kotlin-reflect-1.6.10.jar;C:\Users\Rizal\.gradle\caches\modules-2\files-2.1\org.jetbrains.kotlin\kotlin-daemon-embeddable\2.0.21\c9e933b23287de9b5a17e2116b4657bb91aea72c\kotlin-daemon-embeddable-2.0.21.jar;C:\Users\Rizal\.gradle\caches\modules-2\files-2.1\org.jetbrains.intellij.deps\trove4j\1.0.20200330\3afb14d5f9ceb459d724e907a21145e8ff394f02\trove4j-1.0.20200330.jar;C:\Users\Rizal\.gradle\caches\modules-2\files-2.1\org.jetbrains.kotlinx\kotlinx-coroutines-core-jvm\1.6.4\2c997cd1c0ef33f3e751d3831929aeff1390cb30\kotlinx-coroutines-core-jvm-1.6.4.jar;C:\Users\Rizal\.gradle\caches\modules-2\files-2.1\org.jetbrains\annotations\13.0\919f0dfe192fb4e063e7dacadee7f8bb9a2672a9\annotations-13.0.jar
Launcher Type: SUN_STANDARD

[Global flags]
     intx CICompilerCount                          = 4                                         {product} {ergonomic}
     uint ConcGCThreads                            = 3                                         {product} {ergonomic}
     uint G1ConcRefinementThreads                  = 10                                        {product} {ergonomic}
   size_t G1HeapRegionSize                         = 1048576                                   {product} {ergonomic}
    uintx GCDrainStackTargetSize                   = 64                                        {product} {ergonomic}
   size_t InitialHeapSize                          = 132120576                                 {product} {ergonomic}
   size_t MarkStackSize                            = 4194304                                   {product} {ergonomic}
   size_t MaxHeapSize                              = 2107637760                                {product} {ergonomic}
   size_t MaxNewSize                               = 1264582656                                {product} {ergonomic}
   size_t MinHeapDeltaBytes                        = 1048576                                   {product} {ergonomic}
   size_t MinHeapSize                              = 8388608                                   {product} {ergonomic}
    uintx NonNMethodCodeHeapSize                   = 5839372                                {pd product} {ergonomic}
    uintx NonProfiledCodeHeapSize                  = 122909434                              {pd product} {ergonomic}
    uintx ProfiledCodeHeapSize                     = 122909434                              {pd product} {ergonomic}
    uintx ReservedCodeCacheSize                    = 251658240                              {pd product} {ergonomic}
     bool SegmentedCodeCache                       = true                                      {product} {ergonomic}
   size_t SoftMaxHeapSize                          = 2107637760                             {manageable} {ergonomic}
     bool UseCompressedClassPointers               = true                           {product lp64_product} {ergonomic}
     bool UseCompressedOops                        = true                           {product lp64_product} {ergonomic}
     bool UseG1GC                                  = true                                      {product} {ergonomic}
     bool UseLargePagesIndividualAllocation        = false                                  {pd product} {ergonomic}

Logging:
Log output configuration:
 #0: stdout all=warning uptime,level,tags
 #1: stderr all=off uptime,level,tags

Environment Variables:
JAVA_HOME=C:\Program Files\Java\jdk-17
CLASSPATH=C:\BallTrackr\android\\gradle\wrapper\gradle-wrapper.jar
PATH=C:\BallTrackr\node_modules\.bin;C:\BallTrackr\node_modules\.bin;C:\node_modules\.bin;C:\Program Files\nodejs\node_modules\npm\node_modules\@npmcli\run-script\lib\node-gyp-bin;C:\Python313\Scripts\;C:\Python313\;C:\Windows\system32;C:\Windows;C:\Windows\System32\Wbem;C:\Windows\System32\WindowsPowerShell\v1.0\;C:\Windows\System32\OpenSSH\;C:\Program Files (x86)\NVIDIA Corporation\PhysX\Common;C:\Program Files\NVIDIA Corporation\NVIDIA NvDLISR;C:\Program Files\Intel\WiFi\bin\;C:\Program Files\Common Files\Intel\WirelessCommon\;C:\WINDOWS\system32;C:\WINDOWS;C:\WINDOWS\System32\Wbem;C:\WINDOWS\System32\WindowsPowerShell\v1.0\;C:\WINDOWS\System32\OpenSSH\;C:\Program Files (x86)\Windows Kits\10\Windows Performance Toolkit\;C:\xampp\php;C:\ProgramData\ComposerSetup\bin;C:\ProgramData\chocolatey\bin;C:\laragon\www;C:\Program Files\Microsoft SQL Server\150\Tools\Binn\;C:\Program Files\Microsoft SQL Server\Client SDK\ODBC\170\Tools\Binn\;C:\Program Files\dotnet\;C:\Program Files (x86)\Microchip\MPLAB C32 Suite\bin;C:\Program Files\Git\cmd;C:\Program Files\nodejs\;C:\Program Files\Java\jdk-24\bin;C:\Program Files\Apache\apache-maven-3.9.9\bin;C:\Users\Rizal\AppData\Local\Android\Sdk\tools;C:\laragon\bin;C:\laragon\bin\apache\httpd-2.4.54-win64-VS16\bin;C:\laragon\bin\composer;C:\laragon\bin\git\bin;C:\laragon\bin\git\cmd;C:\laragon\bin\git\mingw64\bin;C:\laragon\bin\git\usr\bin;C:\laragon\bin\laragon\utils;C:\laragon\bin\mysql\mysql-8.0.30-winx64\bin;C:\laragon\bin\nginx\nginx-1.22.0;C:\laragon\bin\ngrok;C:\laragon\bin\nodejs\node-v18;C:\laragon\bin\notepad++;C:\laragon\bin\php\php-8.2;C:\laragon\bin\python\python-3.10;C:\laragon\bin\python\python-3.10\Scripts;C:\laragon\bin\redis\redis-x64-5.0.14.1;C:\laragon\bin\telnet;C:\laragon\usr\bin;C:\Users\Rizal\AppData\Local\Yarn\config\global\node_modules\.bin;C:\Users\Rizal\AppData\Roaming\Composer\vendor\bin;C:\Users\Rizal\AppData\Local\Microsoft\WindowsApps;C:\msys64\ucrt64\bin;C:\Users\Rizal\AppData\Local\Programs\Microsoft V
USERNAME=Rizal
OS=Windows_NT
PROCESSOR_IDENTIFIER=Intel64 Family 6 Model 158 Stepping 13, GenuineIntel



---------------  S Y S T E M  ---------------

OS:
 Windows 10 , 64 bit Build 19041 (10.0.19041.5915)
OS uptime: 0 days 16:56 hours
Hyper-V role detected

CPU: total 12 (initial active 12) (6 cores per cpu, 2 threads per core) family 6 model 158 stepping 13 microcode 0xb8, cx8, cmov, fxsr, ht, mmx, 3dnowpref, sse, sse2, sse3, ssse3, sse4.1, sse4.2, popcnt, lzcnt, tsc, tscinvbit, avx, avx2, aes, erms, clmul, bmi1, bmi2, adx, fma, vzeroupper, clflush, clflushopt, hv

Memory: 4k page, system-wide physical 8038M (533M free)
TotalPageFile size 32614M (AvailPageFile size 2M)
current process WorkingSet (physical memory assigned to process): 229M, peak: 229M
current process commit charge ("private bytes"): 272M, peak: 273M

vm_info: Java HotSpot(TM) 64-Bit Server VM (17.0.11+7-LTS-207) for windows-amd64 JRE (17.0.11+7-LTS-207), built on Mar 11 2024 19:01:50 by "mach5one" with MS VC++ 17.6 (VS2022)

END.
