#
# There is insufficient memory for the Java Runtime Environment to continue.
# Native memory allocation (malloc) failed to allocate 878896 bytes for Chunk::new
# Possible reasons:
#   The system is out of physical RAM or swap space
#   The process is running with CompressedOops enabled, and the Java Heap may be blocking the growth of the native heap
# Possible solutions:
#   Reduce memory load on the system
#   Increase physical memory or swap space
#   Check if swap backing store is full
#   Decrease Java heap size (-Xmx/-Xms)
#   Decrease number of Java threads
#   Decrease Java thread stack sizes (-Xss)
#   Set larger code cache with -XX:ReservedCodeCacheSize=
#   JVM is running with Unscaled Compressed Oops mode in which the Java heap is
#     placed in the first 4GB address space. The Java Heap base address is the
#     maximum limit for the native heap growth. Please use -XX:HeapBaseMinAddress
#     to set the Java Heap base and to place the Java Heap above 4GB virtual address.
# This output file may be truncated or incomplete.
#
#  Out of Memory Error (arena.cpp:189), pid=20856, tid=17384
#
# JRE version: Java(TM) SE Runtime Environment (17.0.11+7) (build 17.0.11+7-LTS-207)
# Java VM: Java HotSpot(TM) 64-Bit Server VM (17.0.11+7-LTS-207, mixed mode, sharing, tiered, compressed oops, compressed class ptrs, g1 gc, windows-amd64)
# No core dump will be written. Minidumps are not enabled by default on client versions of Windows
#

---------------  S U M M A R Y ------------

Command Line: org.jetbrains.kotlin.cli.jvm.K2JVMCompiler @C:\BallTrackr\node_modules\react-native-gesture-handler\android\build\20250616_152209189255765841.compiler.options

Host: Intel(R) Core(TM) i7-9750H CPU @ 2.60GHz, 12 cores, 7G,  Windows 10 , 64 bit Build 19041 (10.0.19041.5915)
Time: Mon Jun 16 15:42:40 2025 Malay Peninsula Standard Time elapsed time: 16.111955 seconds (0d 0h 0m 16s)

---------------  T H R E A D  ---------------

Current thread (0x000001bc136511d0):  JavaThread "C2 CompilerThread0" daemon [_thread_in_native, id=17384, stack(0x0000009d9f800000,0x0000009d9f900000)]


Current CompileTask:
C2:  16112 5665       4       org.jetbrains.kotlin.com.intellij.psi.stubs.MaterialStubList::addStub (25 bytes)

Stack: [0x0000009d9f800000,0x0000009d9f900000]
Native frames: (J=compiled Java code, j=interpreted, Vv=VM code, C=native code)
V  [jvm.dll+0x679cca]
V  [jvm.dll+0x7da13d]
V  [jvm.dll+0x7dba83]
V  [jvm.dll+0x7dc0f3]
V  [jvm.dll+0x2449af]
V  [jvm.dll+0xab83b]
V  [jvm.dll+0xabe1c]
V  [jvm.dll+0x36155f]
V  [jvm.dll+0x32bd61]
V  [jvm.dll+0x32b1fa]
V  [jvm.dll+0x2161df]
V  [jvm.dll+0x21560f]
V  [jvm.dll+0x1a2040]
V  [jvm.dll+0x225a2b]
V  [jvm.dll+0x223bcb]
V  [jvm.dll+0x7903ec]
V  [jvm.dll+0x78a85a]
V  [jvm.dll+0x678bb5]
C  [ucrtbase.dll+0x21bb2]
C  [KERNEL32.DLL+0x17374]
C  [ntdll.dll+0x4cc91]


---------------  P R O C E S S  ---------------

Threads class SMR info:
_java_thread_list=0x000001bc5bc16610, length=13, elements={
0x000001bc7319b6b0, 0x000001bc136361e0, 0x000001bc13637060, 0x000001bc1364c690,
0x000001bc1364f160, 0x000001bc1364fb20, 0x000001bc136504e0, 0x000001bc136511d0,
0x000001bc136b8ee0, 0x000001bc137d8070, 0x000001bc13893d40, 0x000001bc13897b10,
0x000001bc13aa5720
}

Java Threads: ( => current thread )
  0x000001bc7319b6b0 JavaThread "main" [_thread_in_Java, id=14584, stack(0x0000009d9eb00000,0x0000009d9ec00000)]
  0x000001bc136361e0 JavaThread "Reference Handler" daemon [_thread_blocked, id=13416, stack(0x0000009d9f200000,0x0000009d9f300000)]
  0x000001bc13637060 JavaThread "Finalizer" daemon [_thread_blocked, id=7060, stack(0x0000009d9f300000,0x0000009d9f400000)]
  0x000001bc1364c690 JavaThread "Signal Dispatcher" daemon [_thread_blocked, id=2424, stack(0x0000009d9f400000,0x0000009d9f500000)]
  0x000001bc1364f160 JavaThread "Attach Listener" daemon [_thread_blocked, id=20116, stack(0x0000009d9f500000,0x0000009d9f600000)]
  0x000001bc1364fb20 JavaThread "Service Thread" daemon [_thread_blocked, id=2356, stack(0x0000009d9f600000,0x0000009d9f700000)]
  0x000001bc136504e0 JavaThread "Monitor Deflation Thread" daemon [_thread_blocked, id=14212, stack(0x0000009d9f700000,0x0000009d9f800000)]
=>0x000001bc136511d0 JavaThread "C2 CompilerThread0" daemon [_thread_in_native, id=17384, stack(0x0000009d9f800000,0x0000009d9f900000)]
  0x000001bc136b8ee0 JavaThread "C1 CompilerThread0" daemon [_thread_in_native, id=2040, stack(0x0000009d9f900000,0x0000009d9fa00000)]
  0x000001bc137d8070 JavaThread "Sweeper thread" daemon [_thread_blocked, id=19596, stack(0x0000009d9fa00000,0x0000009d9fb00000)]
  0x000001bc13893d40 JavaThread "Notification Thread" daemon [_thread_blocked, id=19992, stack(0x0000009d9fb00000,0x0000009d9fc00000)]
  0x000001bc13897b10 JavaThread "Common-Cleaner" daemon [_thread_blocked, id=13568, stack(0x0000009d9fd00000,0x0000009d9fe00000)]
  0x000001bc13aa5720 JavaThread "C2 CompilerThread1" daemon [_thread_in_native, id=11148, stack(0x0000009da0900000,0x0000009da0a00000)]

Other Threads:
  0x000001bc1362f170 VMThread "VM Thread" [stack: 0x0000009d9f100000,0x0000009d9f200000] [id=15548]
  0x000001bc13896640 WatcherThread [stack: 0x0000009d9fc00000,0x0000009d9fd00000] [id=15204]
  0x000001bc731f55b0 GCTaskThread "GC Thread#0" [stack: 0x0000009d9ec00000,0x0000009d9ed00000] [id=17188]
  0x000001bc5924a800 GCTaskThread "GC Thread#1" [stack: 0x0000009d9fe00000,0x0000009d9ff00000] [id=16672]
  0x000001bc59274460 GCTaskThread "GC Thread#2" [stack: 0x0000009d9ff00000,0x0000009da0000000] [id=15228]
  0x000001bc59264ec0 GCTaskThread "GC Thread#3" [stack: 0x0000009da0000000,0x0000009da0100000] [id=19504]
  0x000001bc59265180 GCTaskThread "GC Thread#4" [stack: 0x0000009da0100000,0x0000009da0200000] [id=7840]
  0x000001bc596dfd60 GCTaskThread "GC Thread#5" [stack: 0x0000009da0200000,0x0000009da0300000] [id=11604]
  0x000001bc5979e830 GCTaskThread "GC Thread#6" [stack: 0x0000009da0300000,0x0000009da0400000] [id=7540]
  0x000001bc5979eaf0 GCTaskThread "GC Thread#7" [stack: 0x0000009da0400000,0x0000009da0500000] [id=13848]
  0x000001bc138e5330 GCTaskThread "GC Thread#8" [stack: 0x0000009da0500000,0x0000009da0600000] [id=10668]
  0x000001bc138e6bf0 GCTaskThread "GC Thread#9" [stack: 0x0000009da0600000,0x0000009da0700000] [id=17340]
  0x000001bc73207050 ConcurrentGCThread "G1 Main Marker" [stack: 0x0000009d9ed00000,0x0000009d9ee00000] [id=7056]
  0x000001bc73207a60 ConcurrentGCThread "G1 Conc#0" [stack: 0x0000009d9ee00000,0x0000009d9ef00000] [id=6204]
  0x000001bc138e5b70 ConcurrentGCThread "G1 Conc#1" [stack: 0x0000009da0700000,0x0000009da0800000] [id=5376]
  0x000001bc138e5e30 ConcurrentGCThread "G1 Conc#2" [stack: 0x0000009da0800000,0x0000009da0900000] [id=20572]
  0x000001bc73263af0 ConcurrentGCThread "G1 Refine#0" [stack: 0x0000009d9ef00000,0x0000009d9f000000] [id=7156]
  0x000001bc5bc2d3b0 ConcurrentGCThread "G1 Refine#1" [stack: 0x0000009da0b00000,0x0000009da0c00000] [id=8552]
  0x000001bc73264520 ConcurrentGCThread "G1 Service" [stack: 0x0000009d9f000000,0x0000009d9f100000] [id=4832]

Threads with active compile tasks:
C2 CompilerThread0    16135 5665       4       org.jetbrains.kotlin.com.intellij.psi.stubs.MaterialStubList::addStub (25 bytes)
C1 CompilerThread0    16135 5757       3       org.jetbrains.kotlin.fir.scopes.impl.AbstractFirUseSiteMemberScope::collectFunctionsFromSupertypes (67 bytes)
C2 CompilerThread1    16135 5664       4       org.jetbrains.kotlin.com.intellij.psi.stubs.StubBase::<init> (106 bytes)

VM state: not at safepoint (normal execution)

VM Mutex/Monitor currently owned by a thread: None

Heap address: 0x0000000082600000, size: 2010 MB, Compressed Oops mode: 32-bit

CDS archive(s) mapped at: [0x000001bc14000000-0x000001bc14bd0000-0x000001bc14bd0000), size 12386304, SharedBaseAddress: 0x000001bc14000000, ArchiveRelocationMode: 1.
Compressed class space mapped at: 0x000001bc15000000-0x000001bc55000000, reserved size: 1073741824
Narrow klass base: 0x000001bc14000000, Narrow klass shift: 0, Narrow klass range: 0x100000000

GC Precious Log:
 CPUs: 12 total, 12 available
 Memory: 8038M
 Large Page Support: Disabled
 NUMA Support: Disabled
 Compressed Oops: Enabled (32-bit)
 Heap Region Size: 1M
 Heap Min Capacity: 8M
 Heap Initial Capacity: 126M
 Heap Max Capacity: 2010M
 Pre-touch: Disabled
 Parallel Workers: 10
 Concurrent Workers: 3
 Concurrent Refinement Workers: 10
 Periodic GC: Disabled

Heap:
 garbage-first heap   total 108544K, used 63029K [0x0000000082600000, 0x0000000100000000)
  region size 1024K, 16 young (16384K), 1 survivors (1024K)
 Metaspace       used 49028K, committed 49280K, reserved 1114112K
  class space    used 5942K, committed 6080K, reserved 1048576K

Heap Regions: E=young(eden), S=young(survivor), O=old, HS=humongous(starts), HC=humongous(continues), CS=collection set, F=free, OA=open archive, CA=closed archive, TAMS=top-at-mark-start (previous, next)
|   0|0x0000000082600000, 0x0000000082700000, 0x0000000082700000|100%|HS|  |TAMS 0x0000000082700000, 0x0000000082600000| Complete 
|   1|0x0000000082700000, 0x0000000082800000, 0x0000000082800000|100%|HC|  |TAMS 0x0000000082800000, 0x0000000082700000| Complete 
|   2|0x0000000082800000, 0x0000000082900000, 0x0000000082900000|100%|HC|  |TAMS 0x0000000082900000, 0x0000000082800000| Complete 
|   3|0x0000000082900000, 0x0000000082a00000, 0x0000000082a00000|100%| O|  |TAMS 0x0000000082a00000, 0x0000000082900000| Untracked 
|   4|0x0000000082a00000, 0x0000000082b00000, 0x0000000082b00000|100%| O|  |TAMS 0x0000000082b00000, 0x0000000082a00000| Untracked 
|   5|0x0000000082b00000, 0x0000000082bec200, 0x0000000082c00000| 92%| O|  |TAMS 0x0000000082bec200, 0x0000000082b00000| Untracked 
|   6|0x0000000082c00000, 0x0000000082d00000, 0x0000000082d00000|100%| O|  |TAMS 0x0000000082d00000, 0x0000000082c00000| Untracked 
|   7|0x0000000082d00000, 0x0000000082e00000, 0x0000000082e00000|100%| O|  |TAMS 0x0000000082e00000, 0x0000000082d00000| Untracked 
|   8|0x0000000082e00000, 0x0000000082f00000, 0x0000000082f00000|100%| O|  |TAMS 0x0000000082f00000, 0x0000000082e00000| Untracked 
|   9|0x0000000082f00000, 0x0000000083000000, 0x0000000083000000|100%| O|  |TAMS 0x0000000083000000, 0x0000000082f00000| Untracked 
|  10|0x0000000083000000, 0x0000000083100000, 0x0000000083100000|100%| O|  |TAMS 0x0000000083100000, 0x0000000083000000| Untracked 
|  11|0x0000000083100000, 0x0000000083200000, 0x0000000083200000|100%| O|  |TAMS 0x0000000083200000, 0x0000000083100000| Untracked 
|  12|0x0000000083200000, 0x0000000083300000, 0x0000000083300000|100%| O|  |TAMS 0x0000000083300000, 0x0000000083200000| Untracked 
|  13|0x0000000083300000, 0x0000000083400000, 0x0000000083400000|100%| O|  |TAMS 0x0000000083400000, 0x0000000083300000| Untracked 
|  14|0x0000000083400000, 0x0000000083500000, 0x0000000083500000|100%| O|  |TAMS 0x0000000083500000, 0x0000000083400000| Untracked 
|  15|0x0000000083500000, 0x0000000083600000, 0x0000000083600000|100%| O|  |TAMS 0x0000000083600000, 0x0000000083500000| Untracked 
|  16|0x0000000083600000, 0x0000000083700000, 0x0000000083700000|100%| O|  |TAMS 0x0000000083700000, 0x0000000083600000| Untracked 
|  17|0x0000000083700000, 0x0000000083800000, 0x0000000083800000|100%| O|  |TAMS 0x0000000083800000, 0x0000000083700000| Untracked 
|  18|0x0000000083800000, 0x0000000083900000, 0x0000000083900000|100%| O|  |TAMS 0x0000000083900000, 0x0000000083800000| Untracked 
|  19|0x0000000083900000, 0x0000000083a00000, 0x0000000083a00000|100%| O|  |TAMS 0x0000000083a00000, 0x0000000083900000| Untracked 
|  20|0x0000000083a00000, 0x0000000083b00000, 0x0000000083b00000|100%| O|  |TAMS 0x0000000083b00000, 0x0000000083a00000| Untracked 
|  21|0x0000000083b00000, 0x0000000083c00000, 0x0000000083c00000|100%| O|  |TAMS 0x0000000083c00000, 0x0000000083b00000| Untracked 
|  22|0x0000000083c00000, 0x0000000083d00000, 0x0000000083d00000|100%| O|  |TAMS 0x0000000083d00000, 0x0000000083c00000| Untracked 
|  23|0x0000000083d00000, 0x0000000083e00000, 0x0000000083e00000|100%| O|  |TAMS 0x0000000083e00000, 0x0000000083d00000| Untracked 
|  24|0x0000000083e00000, 0x0000000083f00000, 0x0000000083f00000|100%| O|  |TAMS 0x0000000083f00000, 0x0000000083e00000| Untracked 
|  25|0x0000000083f00000, 0x0000000084000000, 0x0000000084000000|100%|HS|  |TAMS 0x0000000084000000, 0x0000000083f00000| Complete 
|  26|0x0000000084000000, 0x0000000084100000, 0x0000000084100000|100%| O|  |TAMS 0x0000000084100000, 0x0000000084000000| Untracked 
|  27|0x0000000084100000, 0x0000000084200000, 0x0000000084200000|100%| O|  |TAMS 0x0000000084200000, 0x0000000084100000| Untracked 
|  28|0x0000000084200000, 0x0000000084300000, 0x0000000084300000|100%| O|  |TAMS 0x0000000084300000, 0x0000000084200000| Untracked 
|  29|0x0000000084300000, 0x0000000084400000, 0x0000000084400000|100%| O|  |TAMS 0x0000000084400000, 0x0000000084300000| Untracked 
|  30|0x0000000084400000, 0x0000000084500000, 0x0000000084500000|100%| O|  |TAMS 0x0000000084500000, 0x0000000084400000| Untracked 
|  31|0x0000000084500000, 0x0000000084600000, 0x0000000084600000|100%| O|  |TAMS 0x0000000084600000, 0x0000000084500000| Untracked 
|  32|0x0000000084600000, 0x0000000084700000, 0x0000000084700000|100%| O|  |TAMS 0x0000000084700000, 0x0000000084600000| Untracked 
|  33|0x0000000084700000, 0x0000000084800000, 0x0000000084800000|100%| O|  |TAMS 0x0000000084800000, 0x0000000084700000| Untracked 
|  34|0x0000000084800000, 0x0000000084900000, 0x0000000084900000|100%| O|  |TAMS 0x0000000084900000, 0x0000000084800000| Untracked 
|  35|0x0000000084900000, 0x0000000084a00000, 0x0000000084a00000|100%| O|  |TAMS 0x0000000084a00000, 0x0000000084900000| Untracked 
|  36|0x0000000084a00000, 0x0000000084b00000, 0x0000000084b00000|100%| O|  |TAMS 0x0000000084b00000, 0x0000000084a00000| Untracked 
|  37|0x0000000084b00000, 0x0000000084c00000, 0x0000000084c00000|100%| O|  |TAMS 0x0000000084c00000, 0x0000000084b00000| Untracked 
|  38|0x0000000084c00000, 0x0000000084d00000, 0x0000000084d00000|100%| O|  |TAMS 0x0000000084d00000, 0x0000000084c00000| Untracked 
|  39|0x0000000084d00000, 0x0000000084d00000, 0x0000000084e00000|  0%| F|  |TAMS 0x0000000084d00000, 0x0000000084d00000| Untracked 
|  40|0x0000000084e00000, 0x0000000084f00000, 0x0000000084f00000|100%| O|  |TAMS 0x0000000084e00000, 0x0000000084e00000| Untracked 
|  41|0x0000000084f00000, 0x0000000085000000, 0x0000000085000000|100%| O|  |TAMS 0x0000000084f00000, 0x0000000084f00000| Untracked 
|  42|0x0000000085000000, 0x0000000085100000, 0x0000000085100000|100%| O|  |TAMS 0x0000000085000000, 0x0000000085000000| Untracked 
|  43|0x0000000085100000, 0x0000000085200000, 0x0000000085200000|100%| O|  |TAMS 0x0000000085100000, 0x0000000085100000| Untracked 
|  44|0x0000000085200000, 0x0000000085300000, 0x0000000085300000|100%| O|  |TAMS 0x0000000085200000, 0x0000000085200000| Untracked 
|  45|0x0000000085300000, 0x0000000085400000, 0x0000000085400000|100%| O|  |TAMS 0x0000000085300000, 0x0000000085300000| Untracked 
|  46|0x0000000085400000, 0x0000000085500000, 0x0000000085500000|100%| O|  |TAMS 0x0000000085400000, 0x0000000085400000| Untracked 
|  47|0x0000000085500000, 0x0000000085600000, 0x0000000085600000|100%| O|  |TAMS 0x0000000085500000, 0x0000000085500000| Untracked 
|  48|0x0000000085600000, 0x000000008563e600, 0x0000000085700000| 24%| O|  |TAMS 0x0000000085600000, 0x0000000085600000| Untracked 
|  49|0x0000000085700000, 0x0000000085700000, 0x0000000085800000|  0%| F|  |TAMS 0x0000000085700000, 0x0000000085700000| Untracked 
|  50|0x0000000085800000, 0x0000000085800000, 0x0000000085900000|  0%| F|  |TAMS 0x0000000085800000, 0x0000000085800000| Untracked 
|  51|0x0000000085900000, 0x0000000085900000, 0x0000000085a00000|  0%| F|  |TAMS 0x0000000085900000, 0x0000000085900000| Untracked 
|  52|0x0000000085a00000, 0x0000000085a00000, 0x0000000085b00000|  0%| F|  |TAMS 0x0000000085a00000, 0x0000000085a00000| Untracked 
|  53|0x0000000085b00000, 0x0000000085b00000, 0x0000000085c00000|  0%| F|  |TAMS 0x0000000085b00000, 0x0000000085b00000| Untracked 
|  54|0x0000000085c00000, 0x0000000085c00000, 0x0000000085d00000|  0%| F|  |TAMS 0x0000000085c00000, 0x0000000085c00000| Untracked 
|  55|0x0000000085d00000, 0x0000000085d00000, 0x0000000085e00000|  0%| F|  |TAMS 0x0000000085d00000, 0x0000000085d00000| Untracked 
|  56|0x0000000085e00000, 0x0000000085e00000, 0x0000000085f00000|  0%| F|  |TAMS 0x0000000085e00000, 0x0000000085e00000| Untracked 
|  57|0x0000000085f00000, 0x0000000085f00000, 0x0000000086000000|  0%| F|  |TAMS 0x0000000085f00000, 0x0000000085f00000| Untracked 
|  58|0x0000000086000000, 0x0000000086000000, 0x0000000086100000|  0%| F|  |TAMS 0x0000000086000000, 0x0000000086000000| Untracked 
|  59|0x0000000086100000, 0x0000000086100000, 0x0000000086200000|  0%| F|  |TAMS 0x0000000086100000, 0x0000000086100000| Untracked 
|  60|0x0000000086200000, 0x0000000086200000, 0x0000000086300000|  0%| F|  |TAMS 0x0000000086200000, 0x0000000086200000| Untracked 
|  61|0x0000000086300000, 0x0000000086300000, 0x0000000086400000|  0%| F|  |TAMS 0x0000000086300000, 0x0000000086300000| Untracked 
|  62|0x0000000086400000, 0x0000000086400000, 0x0000000086500000|  0%| F|  |TAMS 0x0000000086400000, 0x0000000086400000| Untracked 
|  63|0x0000000086500000, 0x0000000086500000, 0x0000000086600000|  0%| F|  |TAMS 0x0000000086500000, 0x0000000086500000| Untracked 
|  64|0x0000000086600000, 0x0000000086600000, 0x0000000086700000|  0%| F|  |TAMS 0x0000000086600000, 0x0000000086600000| Untracked 
|  65|0x0000000086700000, 0x0000000086700000, 0x0000000086800000|  0%| F|  |TAMS 0x0000000086700000, 0x0000000086700000| Untracked 
|  66|0x0000000086800000, 0x0000000086800000, 0x0000000086900000|  0%| F|  |TAMS 0x0000000086800000, 0x0000000086800000| Untracked 
|  67|0x0000000086900000, 0x0000000086900000, 0x0000000086a00000|  0%| F|  |TAMS 0x0000000086900000, 0x0000000086900000| Untracked 
|  68|0x0000000086a00000, 0x0000000086a00000, 0x0000000086b00000|  0%| F|  |TAMS 0x0000000086a00000, 0x0000000086a00000| Untracked 
|  69|0x0000000086b00000, 0x0000000086b00000, 0x0000000086c00000|  0%| F|  |TAMS 0x0000000086b00000, 0x0000000086b00000| Untracked 
|  70|0x0000000086c00000, 0x0000000086c00000, 0x0000000086d00000|  0%| F|  |TAMS 0x0000000086c00000, 0x0000000086c00000| Untracked 
|  71|0x0000000086d00000, 0x0000000086d00000, 0x0000000086e00000|  0%| F|  |TAMS 0x0000000086d00000, 0x0000000086d00000| Untracked 
|  72|0x0000000086e00000, 0x0000000086e00000, 0x0000000086f00000|  0%| F|  |TAMS 0x0000000086e00000, 0x0000000086e00000| Untracked 
|  73|0x0000000086f00000, 0x0000000086f00000, 0x0000000087000000|  0%| F|  |TAMS 0x0000000086f00000, 0x0000000086f00000| Untracked 
|  74|0x0000000087000000, 0x0000000087000000, 0x0000000087100000|  0%| F|  |TAMS 0x0000000087000000, 0x0000000087000000| Untracked 
|  75|0x0000000087100000, 0x0000000087100000, 0x0000000087200000|  0%| F|  |TAMS 0x0000000087100000, 0x0000000087100000| Untracked 
|  76|0x0000000087200000, 0x0000000087200000, 0x0000000087300000|  0%| F|  |TAMS 0x0000000087200000, 0x0000000087200000| Untracked 
|  77|0x0000000087300000, 0x0000000087300000, 0x0000000087400000|  0%| F|  |TAMS 0x0000000087300000, 0x0000000087300000| Untracked 
|  78|0x0000000087400000, 0x0000000087400000, 0x0000000087500000|  0%| F|  |TAMS 0x0000000087400000, 0x0000000087400000| Untracked 
|  79|0x0000000087500000, 0x0000000087500000, 0x0000000087600000|  0%| F|  |TAMS 0x0000000087500000, 0x0000000087500000| Untracked 
|  80|0x0000000087600000, 0x0000000087600000, 0x0000000087700000|  0%| F|  |TAMS 0x0000000087600000, 0x0000000087600000| Untracked 
|  81|0x0000000087700000, 0x0000000087700000, 0x0000000087800000|  0%| F|  |TAMS 0x0000000087700000, 0x0000000087700000| Untracked 
|  82|0x0000000087800000, 0x0000000087800000, 0x0000000087900000|  0%| F|  |TAMS 0x0000000087800000, 0x0000000087800000| Untracked 
|  83|0x0000000087900000, 0x0000000087900000, 0x0000000087a00000|  0%| F|  |TAMS 0x0000000087900000, 0x0000000087900000| Untracked 
|  84|0x0000000087a00000, 0x0000000087a00000, 0x0000000087b00000|  0%| F|  |TAMS 0x0000000087a00000, 0x0000000087a00000| Untracked 
|  85|0x0000000087b00000, 0x0000000087b00000, 0x0000000087c00000|  0%| F|  |TAMS 0x0000000087b00000, 0x0000000087b00000| Untracked 
|  86|0x0000000087c00000, 0x0000000087c00000, 0x0000000087d00000|  0%| F|  |TAMS 0x0000000087c00000, 0x0000000087c00000| Untracked 
|  87|0x0000000087d00000, 0x0000000087d00000, 0x0000000087e00000|  0%| F|  |TAMS 0x0000000087d00000, 0x0000000087d00000| Untracked 
|  88|0x0000000087e00000, 0x0000000087e00000, 0x0000000087f00000|  0%| F|  |TAMS 0x0000000087e00000, 0x0000000087e00000| Untracked 
|  89|0x0000000087f00000, 0x0000000087f00000, 0x0000000088000000|  0%| F|  |TAMS 0x0000000087f00000, 0x0000000087f00000| Untracked 
|  90|0x0000000088000000, 0x0000000088080800, 0x0000000088100000| 50%| E|  |TAMS 0x0000000088000000, 0x0000000088000000| Complete 
|  91|0x0000000088100000, 0x0000000088200000, 0x0000000088200000|100%| E|CS|TAMS 0x0000000088100000, 0x0000000088100000| Complete 
|  92|0x0000000088200000, 0x0000000088300000, 0x0000000088300000|100%| E|CS|TAMS 0x0000000088200000, 0x0000000088200000| Complete 
|  93|0x0000000088300000, 0x0000000088400000, 0x0000000088400000|100%| E|CS|TAMS 0x0000000088300000, 0x0000000088300000| Complete 
|  94|0x0000000088400000, 0x0000000088500000, 0x0000000088500000|100%| E|CS|TAMS 0x0000000088400000, 0x0000000088400000| Complete 
|  95|0x0000000088500000, 0x0000000088600000, 0x0000000088600000|100%| E|CS|TAMS 0x0000000088500000, 0x0000000088500000| Complete 
|  96|0x0000000088600000, 0x0000000088700000, 0x0000000088700000|100%| E|CS|TAMS 0x0000000088600000, 0x0000000088600000| Complete 
|  97|0x0000000088700000, 0x0000000088800000, 0x0000000088800000|100%| E|CS|TAMS 0x0000000088700000, 0x0000000088700000| Complete 
|  98|0x0000000088800000, 0x0000000088900000, 0x0000000088900000|100%| E|CS|TAMS 0x0000000088800000, 0x0000000088800000| Complete 
|  99|0x0000000088900000, 0x0000000088a00000, 0x0000000088a00000|100%| E|CS|TAMS 0x0000000088900000, 0x0000000088900000| Complete 
| 100|0x0000000088a00000, 0x0000000088b00000, 0x0000000088b00000|100%| E|CS|TAMS 0x0000000088a00000, 0x0000000088a00000| Complete 
| 101|0x0000000088b00000, 0x0000000088c00000, 0x0000000088c00000|100%| E|CS|TAMS 0x0000000088b00000, 0x0000000088b00000| Complete 
| 102|0x0000000088c00000, 0x0000000088d00000, 0x0000000088d00000|100%| E|CS|TAMS 0x0000000088c00000, 0x0000000088c00000| Complete 
| 123|0x000000008a100000, 0x000000008a200000, 0x000000008a200000|100%| E|CS|TAMS 0x000000008a100000, 0x000000008a100000| Complete 
| 124|0x000000008a200000, 0x000000008a262ee0, 0x000000008a300000| 38%| S|CS|TAMS 0x000000008a200000, 0x000000008a200000| Complete 
| 125|0x000000008a300000, 0x000000008a400000, 0x000000008a400000|100%| E|CS|TAMS 0x000000008a300000, 0x000000008a300000| Complete 

Card table byte_map: [0x000001bc7d2d0000,0x000001bc7d6c0000] _byte_map_base: 0x000001bc7cebd000

Marking Bits (Prev, Next): (CMBitMap*) 0x000001bc731f6be0, (CMBitMap*) 0x000001bc731f6c20
 Prev Bits: [0x000001bc7dab0000, 0x000001bc7fa18000)
 Next Bits: [0x000001bc0f000000, 0x000001bc10f68000)

Polling page: 0x000001bc72ea0000

Metaspace:

Usage:
  Non-class:     42.08 MB used.
      Class:      5.80 MB used.
       Both:     47.88 MB used.

Virtual space:
  Non-class space:       64.00 MB reserved,      42.19 MB ( 66%) committed,  1 nodes.
      Class space:        1.00 GB reserved,       5.94 MB ( <1%) committed,  1 nodes.
             Both:        1.06 GB reserved,      48.12 MB (  4%) committed. 

Chunk freelists:
   Non-Class:  4.66 MB
       Class:  10.11 MB
        Both:  14.77 MB

MaxMetaspaceSize: unlimited
CompressedClassSpaceSize: 1.00 GB
Initial GC threshold: 21.00 MB
Current GC threshold: 76.50 MB
CDS: on
MetaspaceReclaimPolicy: balanced
 - commit_granule_bytes: 65536.
 - commit_granule_words: 8192.
 - virtual_space_node_default_size: 8388608.
 - enlarge_chunks_in_place: 1.
 - new_chunks_are_fully_committed: 0.
 - uncommit_free_chunks: 1.
 - use_allocation_guard: 0.
 - handle_deallocations: 1.


Internal statistics:

num_allocs_failed_limit: 12.
num_arena_births: 216.
num_arena_deaths: 0.
num_vsnodes_births: 2.
num_vsnodes_deaths: 0.
num_space_committed: 768.
num_space_uncommitted: 0.
num_chunks_returned_to_freelist: 12.
num_chunks_taken_from_freelist: 1905.
num_chunk_merges: 12.
num_chunk_splits: 1571.
num_chunks_enlarged: 1428.
num_inconsistent_stats: 0.

CodeHeap 'non-profiled nmethods': size=120000Kb used=2581Kb max_used=2739Kb free=117418Kb
 bounds [0x000001bc07ad0000, 0x000001bc07d80000, 0x000001bc0f000000]
CodeHeap 'profiled nmethods': size=120000Kb used=11326Kb max_used=11701Kb free=108673Kb
 bounds [0x000001bc00000000, 0x000001bc00b70000, 0x000001bc07530000]
CodeHeap 'non-nmethods': size=5760Kb used=1315Kb max_used=1390Kb free=4444Kb
 bounds [0x000001bc07530000, 0x000001bc077a0000, 0x000001bc07ad0000]
 total_blobs=5586 nmethods=4955 adapters=543
 compilation: enabled
              stopped_count=0, restarted_count=0
 full_count=0

Compilation events (20 events):
Event: 16.087 Thread 0x000001bc136b8ee0 nmethod 5712 0x000001bc00343590 code [0x000001bc00343940, 0x000001bc00345188]
Event: 16.087 Thread 0x000001bc136b8ee0 5714       3       kotlin.collections.builders.MapBuilder::rehash (71 bytes)
Event: 16.087 Thread 0x000001bc136b8ee0 nmethod 5714 0x000001bc00342a90 code [0x000001bc00342ca0, 0x000001bc00343318]
Event: 16.087 Thread 0x000001bc136b8ee0 5713       3       kotlin.collections.AbstractMutableSet::<init> (5 bytes)
Event: 16.088 Thread 0x000001bc136b8ee0 nmethod 5713 0x000001bc004e2f10 code [0x000001bc004e30c0, 0x000001bc004e32f8]
Event: 16.088 Thread 0x000001bc136b8ee0 5711       1       org.jetbrains.kotlin.fir.java.declarations.FirJavaConstructor::getSymbol (5 bytes)
Event: 16.088 Thread 0x000001bc136b8ee0 nmethod 5711 0x000001bc07d1b690 code [0x000001bc07d1b820, 0x000001bc07d1b8f8]
Event: 16.089 Thread 0x000001bc136b8ee0 5715   !   3       org.jetbrains.kotlin.fir.resolve.transformers.AbstractFirStatusResolveTransformer::transformPropertyAccessor (77 bytes)
Event: 16.092 Thread 0x000001bc136b8ee0 nmethod 5715 0x000001bc00895710 code [0x000001bc00895b60, 0x000001bc00897cb8]
Event: 16.092 Thread 0x000001bc136b8ee0 5717       3       org.jetbrains.kotlin.fir.resolve.transformers.FirStatusResolver::resolveVisibility (424 bytes)
Event: 16.104 Thread 0x000001bc136b8ee0 nmethod 5717 0x000001bc006d8f90 code [0x000001bc006d9880, 0x000001bc006df028]
Event: 16.105 Thread 0x000001bc136b8ee0 5720       2       org.jetbrains.kotlin.fir.EffectiveVisibilityUtilsKt::toEffectiveVisibility (144 bytes)
Event: 16.106 Thread 0x000001bc136b8ee0 nmethod 5720 0x000001bc00341a10 code [0x000001bc00341ca0, 0x000001bc003422f8]
Event: 16.106 Thread 0x000001bc136b8ee0 5721       3       org.jetbrains.kotlin.descriptors.EffectiveVisibilityKt::toEffectiveVisibilityOrNull (239 bytes)
Event: 16.108 Thread 0x000001bc136b8ee0 nmethod 5721 0x000001bc00892f10 code [0x000001bc008932a0, 0x000001bc00895038]
Event: 16.108 Thread 0x000001bc136b8ee0 5722       3       org.jetbrains.kotlin.fir.scopes.impl.FirClassUseSiteMemberScope::isVisibleInCurrentClass (9 bytes)
Event: 16.108 Thread 0x000001bc136b8ee0 nmethod 5722 0x000001bc00380f90 code [0x000001bc003811a0, 0x000001bc00381738]
Event: 16.108 Thread 0x000001bc136b8ee0 5724       1       org.jetbrains.kotlin.fir.java.declarations.FirJavaValueParameter::getReturnTypeRef (5 bytes)
Event: 16.109 Thread 0x000001bc136b8ee0 nmethod 5724 0x000001bc07d1b390 code [0x000001bc07d1b520, 0x000001bc07d1b5f8]
Event: 16.109 Thread 0x000001bc136b8ee0 5716       3       org.jetbrains.kotlin.fir.resolve.transformers.FirStatusResolver::resolveStatus (202 bytes)

GC Heap History (20 events):
Event: 6.855 GC heap before
{Heap before GC invocations=4 (full 0):
 garbage-first heap   total 58368K, used 45570K [0x0000000082600000, 0x0000000100000000)
  region size 1024K, 40 young (40960K), 8 survivors (8192K)
 Metaspace       used 28874K, committed 29120K, reserved 1114112K
  class space    used 3723K, committed 3840K, reserved 1048576K
}
Event: 6.881 GC heap after
{Heap after GC invocations=5 (full 0):
 garbage-first heap   total 58368K, used 16730K [0x0000000082600000, 0x0000000100000000)
  region size 1024K, 3 young (3072K), 3 survivors (3072K)
 Metaspace       used 28874K, committed 29120K, reserved 1114112K
  class space    used 3723K, committed 3840K, reserved 1048576K
}
Event: 8.299 GC heap before
{Heap before GC invocations=6 (full 0):
 garbage-first heap   total 58368K, used 40282K [0x0000000082600000, 0x0000000100000000)
  region size 1024K, 27 young (27648K), 3 survivors (3072K)
 Metaspace       used 33315K, committed 33536K, reserved 1114112K
  class space    used 4117K, committed 4224K, reserved 1048576K
}
Event: 8.321 GC heap after
{Heap after GC invocations=7 (full 0):
 garbage-first heap   total 58368K, used 20865K [0x0000000082600000, 0x0000000100000000)
  region size 1024K, 4 young (4096K), 4 survivors (4096K)
 Metaspace       used 33315K, committed 33536K, reserved 1114112K
  class space    used 4117K, committed 4224K, reserved 1048576K
}
Event: 9.165 GC heap before
{Heap before GC invocations=7 (full 0):
 garbage-first heap   total 58368K, used 41345K [0x0000000082600000, 0x0000000100000000)
  region size 1024K, 25 young (25600K), 4 survivors (4096K)
 Metaspace       used 35503K, committed 35712K, reserved 1114112K
  class space    used 4305K, committed 4416K, reserved 1048576K
}
Event: 9.196 GC heap after
{Heap after GC invocations=8 (full 0):
 garbage-first heap   total 58368K, used 25119K [0x0000000082600000, 0x0000000100000000)
  region size 1024K, 4 young (4096K), 4 survivors (4096K)
 Metaspace       used 35503K, committed 35712K, reserved 1114112K
  class space    used 4305K, committed 4416K, reserved 1048576K
}
Event: 10.952 GC heap before
{Heap before GC invocations=8 (full 0):
 garbage-first heap   total 58368K, used 43551K [0x0000000082600000, 0x0000000100000000)
  region size 1024K, 22 young (22528K), 4 survivors (4096K)
 Metaspace       used 38639K, committed 38912K, reserved 1114112K
  class space    used 4658K, committed 4800K, reserved 1048576K
}
Event: 10.976 GC heap after
{Heap after GC invocations=9 (full 0):
 garbage-first heap   total 70656K, used 27657K [0x0000000082600000, 0x0000000100000000)
  region size 1024K, 3 young (3072K), 3 survivors (3072K)
 Metaspace       used 38639K, committed 38912K, reserved 1114112K
  class space    used 4658K, committed 4800K, reserved 1048576K
}
Event: 11.333 GC heap before
{Heap before GC invocations=9 (full 0):
 garbage-first heap   total 70656K, used 51209K [0x0000000082600000, 0x0000000100000000)
  region size 1024K, 26 young (26624K), 3 survivors (3072K)
 Metaspace       used 39090K, committed 39360K, reserved 1114112K
  class space    used 4701K, committed 4864K, reserved 1048576K
}
Event: 11.362 GC heap after
{Heap after GC invocations=10 (full 0):
 garbage-first heap   total 70656K, used 36147K [0x0000000082600000, 0x0000000100000000)
  region size 1024K, 4 young (4096K), 4 survivors (4096K)
 Metaspace       used 39090K, committed 39360K, reserved 1114112K
  class space    used 4701K, committed 4864K, reserved 1048576K
}
Event: 12.395 GC heap before
{Heap before GC invocations=10 (full 0):
 garbage-first heap   total 70656K, used 51507K [0x0000000082600000, 0x0000000100000000)
  region size 1024K, 20 young (20480K), 4 survivors (4096K)
 Metaspace       used 41196K, committed 41472K, reserved 1114112K
  class space    used 4939K, committed 5056K, reserved 1048576K
}
Event: 12.438 GC heap after
{Heap after GC invocations=11 (full 0):
 garbage-first heap   total 70656K, used 40352K [0x0000000082600000, 0x0000000100000000)
  region size 1024K, 3 young (3072K), 3 survivors (3072K)
 Metaspace       used 41196K, committed 41472K, reserved 1114112K
  class space    used 4939K, committed 5056K, reserved 1048576K
}
Event: 13.475 GC heap before
{Heap before GC invocations=12 (full 0):
 garbage-first heap   total 70656K, used 53664K [0x0000000082600000, 0x0000000100000000)
  region size 1024K, 16 young (16384K), 3 survivors (3072K)
 Metaspace       used 45344K, committed 45568K, reserved 1114112K
  class space    used 5544K, committed 5632K, reserved 1048576K
}
Event: 13.488 GC heap after
{Heap after GC invocations=13 (full 0):
 garbage-first heap   total 70656K, used 41672K [0x0000000082600000, 0x0000000100000000)
  region size 1024K, 1 young (1024K), 1 survivors (1024K)
 Metaspace       used 45344K, committed 45568K, reserved 1114112K
  class space    used 5544K, committed 5632K, reserved 1048576K
}
Event: 14.462 GC heap before
{Heap before GC invocations=13 (full 0):
 garbage-first heap   total 70656K, used 54984K [0x0000000082600000, 0x0000000100000000)
  region size 1024K, 14 young (14336K), 1 survivors (1024K)
 Metaspace       used 46695K, committed 46976K, reserved 1114112K
  class space    used 5700K, committed 5824K, reserved 1048576K
}
Event: 14.483 GC heap after
{Heap after GC invocations=14 (full 0):
 garbage-first heap   total 70656K, used 45972K [0x0000000082600000, 0x0000000100000000)
  region size 1024K, 2 young (2048K), 2 survivors (2048K)
 Metaspace       used 46695K, committed 46976K, reserved 1114112K
  class space    used 5700K, committed 5824K, reserved 1048576K
}
Event: 14.890 GC heap before
{Heap before GC invocations=15 (full 0):
 garbage-first heap   total 78848K, used 54164K [0x0000000082600000, 0x0000000100000000)
  region size 1024K, 11 young (11264K), 2 survivors (2048K)
 Metaspace       used 47234K, committed 47488K, reserved 1114112K
  class space    used 5730K, committed 5824K, reserved 1048576K
}
Event: 14.909 GC heap after
{Heap after GC invocations=16 (full 0):
 garbage-first heap   total 78848K, used 48624K [0x0000000082600000, 0x0000000100000000)
  region size 1024K, 2 young (2048K), 2 survivors (2048K)
 Metaspace       used 47234K, committed 47488K, reserved 1114112K
  class space    used 5730K, committed 5824K, reserved 1048576K
}
Event: 15.011 GC heap before
{Heap before GC invocations=16 (full 0):
 garbage-first heap   total 78848K, used 48624K [0x0000000082600000, 0x0000000100000000)
  region size 1024K, 3 young (3072K), 2 survivors (2048K)
 Metaspace       used 47269K, committed 47488K, reserved 1114112K
  class space    used 5730K, committed 5824K, reserved 1048576K
}
Event: 15.023 GC heap after
{Heap after GC invocations=17 (full 0):
 garbage-first heap   total 108544K, used 48693K [0x0000000082600000, 0x0000000100000000)
  region size 1024K, 1 young (1024K), 1 survivors (1024K)
 Metaspace       used 47269K, committed 47488K, reserved 1114112K
  class space    used 5730K, committed 5824K, reserved 1048576K
}

Deoptimization events (20 events):
Event: 15.386 Thread 0x000001bc7319b6b0 Uncommon trap: trap_request=0xffffff45 fr.pc=0x000001bc07b370e8 relative=0x00000000000001c8
Event: 15.386 Thread 0x000001bc7319b6b0 Uncommon trap: reason=unstable_if action=reinterpret pc=0x000001bc07b370e8 method=org.jetbrains.kotlin.name.Name.equals(Ljava/lang/Object;)Z @ 29 c2
Event: 15.386 Thread 0x000001bc7319b6b0 DEOPT PACKING pc=0x000001bc07b370e8 sp=0x0000009d9ebfdb20
Event: 15.386 Thread 0x000001bc7319b6b0 DEOPT UNPACKING pc=0x000001bc075823a3 sp=0x0000009d9ebfdab0 mode 2
Event: 15.429 Thread 0x000001bc7319b6b0 Uncommon trap: trap_request=0xffffffdc fr.pc=0x000001bc07ad58c4 relative=0x00000000000002a4
Event: 15.429 Thread 0x000001bc7319b6b0 Uncommon trap: reason=class_check action=make_not_entrant pc=0x000001bc07ad58c4 method=java.util.ArrayList.toArray([Ljava/lang/Object;)[Ljava/lang/Object; @ 21 c2
Event: 15.429 Thread 0x000001bc7319b6b0 DEOPT PACKING pc=0x000001bc07ad58c4 sp=0x0000009d9ebfd700
Event: 15.429 Thread 0x000001bc7319b6b0 DEOPT UNPACKING pc=0x000001bc075823a3 sp=0x0000009d9ebfd6d0 mode 2
Event: 15.571 Thread 0x000001bc7319b6b0 Uncommon trap: trap_request=0xffffff45 fr.pc=0x000001bc07d58bb8 relative=0x0000000000000bb8
Event: 15.571 Thread 0x000001bc7319b6b0 Uncommon trap: reason=unstable_if action=reinterpret pc=0x000001bc07d58bb8 method=org.jetbrains.kotlin.load.kotlin.FileBasedKotlinClass$3$1.visit(Ljava/lang/String;Ljava/lang/Object;)V @ 12 c2
Event: 15.571 Thread 0x000001bc7319b6b0 DEOPT PACKING pc=0x000001bc07d58bb8 sp=0x0000009d9ebfc3a0
Event: 15.571 Thread 0x000001bc7319b6b0 DEOPT UNPACKING pc=0x000001bc075823a3 sp=0x0000009d9ebfc378 mode 2
Event: 15.645 Thread 0x000001bc7319b6b0 Uncommon trap: trap_request=0xffffff5c fr.pc=0x000001bc07b186ec relative=0x00000000000002ac
Event: 15.645 Thread 0x000001bc7319b6b0 Uncommon trap: reason=speculate_null_check action=make_not_entrant pc=0x000001bc07b186ec method=org.jetbrains.kotlin.descriptors.EffectiveVisibilityKt.toEffectiveVisibilityOrNull(Lorg/jetbrains/kotlin/descriptors/Visibility;Lorg/jetbrains/kotlin/types/mod
Event: 15.645 Thread 0x000001bc7319b6b0 DEOPT PACKING pc=0x000001bc07b186ec sp=0x0000009d9ebfde80
Event: 15.645 Thread 0x000001bc7319b6b0 DEOPT UNPACKING pc=0x000001bc075823a3 sp=0x0000009d9ebfdd20 mode 2
Event: 15.645 Thread 0x000001bc7319b6b0 Uncommon trap: trap_request=0xffffff45 fr.pc=0x000001bc07b17fd0 relative=0x0000000000000310
Event: 15.645 Thread 0x000001bc7319b6b0 Uncommon trap: reason=unstable_if action=reinterpret pc=0x000001bc07b17fd0 method=org.jetbrains.kotlin.descriptors.EffectiveVisibilityKt.toEffectiveVisibilityOrNull(Lorg/jetbrains/kotlin/descriptors/Visibility;Lorg/jetbrains/kotlin/types/model/TypeConstru
Event: 15.645 Thread 0x000001bc7319b6b0 DEOPT PACKING pc=0x000001bc07b17fd0 sp=0x0000009d9ebfdd60
Event: 15.645 Thread 0x000001bc7319b6b0 DEOPT UNPACKING pc=0x000001bc075823a3 sp=0x0000009d9ebfdd10 mode 2

Classes unloaded (0 events):
No events

Classes redefined (0 events):
No events

Internal exceptions (20 events):
Event: 3.143 Thread 0x000001bc7319b6b0 Exception <a 'sun/nio/fs/WindowsException'{0x00000000881737d8}> (0x00000000881737d8) 
thrown [s\open\src\hotspot\share\prims\jni.cpp, line 516]
Event: 3.199 Thread 0x000001bc7319b6b0 Exception <a 'java/lang/NoSuchMethodError'{0x00000000881a95a0}: 'java.lang.Object java.lang.invoke.Invokers$Holder.invoke_MT(java.lang.Object, java.lang.Object, java.lang.Object)'> (0x00000000881a95a0) 
thrown [s\open\src\hotspot\share\interpreter\linkResolver.cpp, line 759]
Event: 4.353 Thread 0x000001bc7319b6b0 Exception <a 'java/lang/NoSuchMethodError'{0x0000000089852e28}: 'java.lang.Object java.lang.invoke.DirectMethodHandle$Holder.newInvokeSpecial(java.lang.Object, int, java.lang.Object, java.lang.Object, java.lang.Object, java.lang.Object)'> (0x0000000089852e28) 
thrown [s\open\src\hotspot\share\interpreter\linkResolver.cpp, line 759]
Event: 4.493 Thread 0x000001bc7319b6b0 Exception <a 'java/lang/NoSuchMethodError'{0x0000000089637a90}: 'java.lang.Object java.lang.invoke.DirectMethodHandle$Holder.invokeStatic(java.lang.Object, java.lang.Object, int, java.lang.Object)'> (0x0000000089637a90) 
thrown [s\open\src\hotspot\share\interpreter\linkResolver.cpp, line 759]
Event: 5.208 Thread 0x000001bc7319b6b0 Exception <a 'java/lang/NoSuchMethodError'{0x0000000089097fc8}: 'java.lang.Object java.lang.invoke.DirectMethodHandle$Holder.newInvokeSpecial(java.lang.Object, java.lang.Object, java.lang.Object, java.lang.Object, java.lang.Object, java.lang.Object)'> (0x0000000089097fc8) 
thrown [s\open\src\hotspot\share\interpreter\linkResolver.cpp, line 759]
Event: 6.301 Thread 0x000001bc7319b6b0 Exception <a 'java/lang/NoSuchMethodError'{0x00000000848f8d80}: 'java.lang.Object java.lang.invoke.DirectMethodHandle$Holder.newInvokeSpecial(java.lang.Object, java.lang.Object, java.lang.Object, java.lang.Object, java.lang.Object, java.lang.Object, java.lang.Object)'> (0x00000000848f8d80) 
thrown [s\open\src\hotspot\share\interpreter\linkResolver.cpp, line 759]
Event: 6.303 Thread 0x000001bc7319b6b0 Exception <a 'java/lang/NoSuchMethodError'{0x00000000848fd690}: 'java.lang.Object java.lang.invoke.Invokers$Holder.linkToTargetMethod(java.lang.Object, java.lang.Object, java.lang.Object, java.lang.Object, java.lang.Object, java.lang.Object, java.lang.Object)'> (0x00000000848fd690) 
thrown [s\open\src\hotspot\share\interpreter\linkResolver.cpp, line 759]
Event: 6.798 Thread 0x000001bc7319b6b0 Exception <a 'java/lang/NoSuchMethodError'{0x00000000838d9960}: 'java.lang.Object java.lang.invoke.DirectMethodHandle$Holder.invokeVirtual(java.lang.Object, java.lang.Object, java.lang.Object)'> (0x00000000838d9960) 
thrown [s\open\src\hotspot\share\interpreter\linkResolver.cpp, line 759]
Event: 6.923 Thread 0x000001bc7319b6b0 Exception <a 'java/lang/NoSuchMethodError'{0x000000008a358178}: 'java.lang.Object java.lang.invoke.DirectMethodHandle$Holder.newInvokeSpecial(java.lang.Object, java.lang.Object, int)'> (0x000000008a358178) 
thrown [s\open\src\hotspot\share\interpreter\linkResolver.cpp, line 759]
Event: 7.507 Thread 0x000001bc7319b6b0 Exception <a 'java/lang/NoSuchMethodError'{0x0000000087ef9f58}: 'int java.lang.invoke.DirectMethodHandle$Holder.invokeStaticInit(java.lang.Object, int)'> (0x0000000087ef9f58) 
thrown [s\open\src\hotspot\share\interpreter\linkResolver.cpp, line 759]
Event: 8.447 Thread 0x000001bc7319b6b0 Implicit null exception at 0x000001bc07b9474c to 0x000001bc07b94840
Event: 10.982 Thread 0x000001bc7319b6b0 Implicit null exception at 0x000001bc07b50be0 to 0x000001bc07b50c7a
Event: 10.982 Thread 0x000001bc7319b6b0 Implicit null exception at 0x000001bc07b55e8f to 0x000001bc07b56430
Event: 11.014 Thread 0x000001bc7319b6b0 Exception <a 'java/lang/NoSuchMethodError'{0x000000008a293a90}: 'java.lang.Object java.lang.invoke.DirectMethodHandle$Holder.newInvokeSpecial(java.lang.Object, java.lang.Object, java.lang.Object, int, java.lang.Object)'> (0x000000008a293a90) 
thrown [s\open\src\hotspot\share\interpreter\linkResolver.cpp, line 759]
Event: 11.015 Thread 0x000001bc7319b6b0 Exception <a 'java/lang/NoSuchMethodError'{0x000000008a29b650}: 'java.lang.Object java.lang.invoke.Invokers$Holder.linkToTargetMethod(java.lang.Object, java.lang.Object, int, java.lang.Object, java.lang.Object)'> (0x000000008a29b650) 
thrown [s\open\src\hotspot\share\interpreter\linkResolver.cpp, line 759]
Event: 12.318 Thread 0x000001bc7319b6b0 Exception <a 'java/lang/NoSuchMethodError'{0x0000000085c8f238}: 'java.lang.Object java.lang.invoke.Invokers$Holder.invokeExact_MT(java.lang.Object, java.lang.Object, java.lang.Object, java.lang.Object, java.lang.Object, java.lang.Object)'> (0x0000000085c8f238) 
thrown [s\open\src\hotspot\share\interpreter\linkResolver.cpp, line 759]
Event: 13.315 Thread 0x000001bc7319b6b0 Exception <a 'java/lang/NoSuchMethodError'{0x0000000087e469d0}: 'java.lang.Object java.lang.invoke.DirectMethodHandle$Holder.invokeStatic(java.lang.Object, java.lang.Object, java.lang.Object, java.lang.Object, int)'> (0x0000000087e469d0) 
thrown [s\open\src\hotspot\share\interpreter\linkResolver.cpp, line 759]
Event: 13.321 Thread 0x000001bc7319b6b0 Exception <a 'java/lang/NoSuchMethodError'{0x0000000087e50530}: 'java.lang.Object java.lang.invoke.DirectMethodHandle$Holder.newInvokeSpecial(java.lang.Object, java.lang.Object, java.lang.Object, java.lang.Object, int)'> (0x0000000087e50530) 
thrown [s\open\src\hotspot\share\interpreter\linkResolver.cpp, line 759]
Event: 13.322 Thread 0x000001bc7319b6b0 Exception <a 'java/lang/NoSuchMethodError'{0x0000000087e54db8}: 'java.lang.Object java.lang.invoke.DirectMethodHandle$Holder.invokeSpecial(java.lang.Object, java.lang.Object, java.lang.Object, java.lang.Object, java.lang.Object, int)'> (0x0000000087e54db8) 
thrown [s\open\src\hotspot\share\interpreter\linkResolver.cpp, line 759]
Event: 13.322 Thread 0x000001bc7319b6b0 Exception <a 'java/lang/NoSuchMethodError'{0x0000000087e58ff0}: 'java.lang.Object java.lang.invoke.Invokers$Holder.linkToTargetMethod(java.lang.Object, java.lang.Object, java.lang.Object, int, java.lang.Object)'> (0x0000000087e58ff0) 
thrown [s\open\src\hotspot\share\interpreter\linkResolver.cpp, line 759]

VM Operations (20 events):
Event: 14.569 Executing VM operation: G1Concurrent
Event: 14.569 Executing VM operation: G1Concurrent done
Event: 14.890 Executing VM operation: G1CollectForAllocation
Event: 14.909 Executing VM operation: G1CollectForAllocation done
Event: 15.011 Executing VM operation: G1CollectForAllocation
Event: 15.023 Executing VM operation: G1CollectForAllocation done
Event: 15.037 Executing VM operation: HandshakeAllThreads
Event: 15.045 Executing VM operation: HandshakeAllThreads done
Event: 15.105 Executing VM operation: HandshakeAllThreads
Event: 15.114 Executing VM operation: HandshakeAllThreads done
Event: 15.134 Executing VM operation: HandshakeAllThreads
Event: 15.134 Executing VM operation: HandshakeAllThreads done
Event: 15.373 Executing VM operation: ICBufferFull
Event: 15.376 Executing VM operation: ICBufferFull done
Event: 15.472 Executing VM operation: HandshakeAllThreads
Event: 15.472 Executing VM operation: HandshakeAllThreads done
Event: 15.923 Executing VM operation: HandshakeAllThreads
Event: 15.923 Executing VM operation: HandshakeAllThreads done
Event: 15.992 Executing VM operation: ICBufferFull
Event: 15.992 Executing VM operation: ICBufferFull done

Events (20 events):
Event: 15.144 Thread 0x000001bc137d8070 flushing nmethod 0x000001bc00876810
Event: 15.144 Thread 0x000001bc137d8070 flushing nmethod 0x000001bc0087eb10
Event: 15.144 Thread 0x000001bc137d8070 flushing nmethod 0x000001bc00891890
Event: 15.144 Thread 0x000001bc137d8070 flushing nmethod 0x000001bc008a5310
Event: 15.144 Thread 0x000001bc137d8070 flushing nmethod 0x000001bc008a6610
Event: 15.144 Thread 0x000001bc137d8070 flushing nmethod 0x000001bc008a6e10
Event: 15.144 Thread 0x000001bc137d8070 flushing nmethod 0x000001bc008a7390
Event: 15.144 Thread 0x000001bc137d8070 flushing nmethod 0x000001bc008a9b10
Event: 15.144 Thread 0x000001bc137d8070 flushing nmethod 0x000001bc008aa490
Event: 15.144 Thread 0x000001bc137d8070 flushing nmethod 0x000001bc008aae90
Event: 15.144 Thread 0x000001bc137d8070 flushing nmethod 0x000001bc008acc90
Event: 15.144 Thread 0x000001bc137d8070 flushing nmethod 0x000001bc008ada10
Event: 15.144 Thread 0x000001bc137d8070 flushing nmethod 0x000001bc008b1690
Event: 15.144 Thread 0x000001bc137d8070 flushing nmethod 0x000001bc008b6f90
Event: 15.144 Thread 0x000001bc137d8070 flushing nmethod 0x000001bc008b8b90
Event: 15.144 Thread 0x000001bc137d8070 flushing nmethod 0x000001bc008ca710
Event: 15.145 Thread 0x000001bc137d8070 flushing nmethod 0x000001bc008fc810
Event: 15.145 Thread 0x000001bc137d8070 flushing nmethod 0x000001bc008fcd90
Event: 15.145 Thread 0x000001bc137d8070 flushing nmethod 0x000001bc0092cc10
Event: 15.145 Thread 0x000001bc137d8070 flushing nmethod 0x000001bc00930190


Dynamic libraries:
0x00007ff6487e0000 - 0x00007ff6487f0000 	C:\Program Files\Java\jdk-17\bin\java.exe
0x00007ffa64250000 - 0x00007ffa64448000 	C:\WINDOWS\SYSTEM32\ntdll.dll
0x00007ffa626b0000 - 0x00007ffa62772000 	C:\WINDOWS\System32\KERNEL32.DLL
0x00007ffa61dc0000 - 0x00007ffa620b6000 	C:\WINDOWS\System32\KERNELBASE.dll
0x00007ffa61a20000 - 0x00007ffa61b20000 	C:\WINDOWS\System32\ucrtbase.dll
0x00007ffa3f6a0000 - 0x00007ffa3f6b9000 	C:\Program Files\Java\jdk-17\bin\jli.dll
0x00007ffa63090000 - 0x00007ffa63141000 	C:\WINDOWS\System32\ADVAPI32.dll
0x00007ffa63770000 - 0x00007ffa6380e000 	C:\WINDOWS\System32\msvcrt.dll
0x00007ffa63f60000 - 0x00007ffa63fff000 	C:\WINDOWS\System32\sechost.dll
0x00007ffa63e30000 - 0x00007ffa63f53000 	C:\WINDOWS\System32\RPCRT4.dll
0x00007ffa61b20000 - 0x00007ffa61b47000 	C:\WINDOWS\System32\bcrypt.dll
0x00007ffa635d0000 - 0x00007ffa6376d000 	C:\WINDOWS\System32\USER32.dll
0x00007ffa61960000 - 0x00007ffa61982000 	C:\WINDOWS\System32\win32u.dll
0x00007ffa63d80000 - 0x00007ffa63dab000 	C:\WINDOWS\System32\GDI32.dll
0x00007ffa61ca0000 - 0x00007ffa61db9000 	C:\WINDOWS\System32\gdi32full.dll
0x00007ffa61c00000 - 0x00007ffa61c9d000 	C:\WINDOWS\System32\msvcp_win.dll
0x00007ffa3f680000 - 0x00007ffa3f69b000 	C:\Program Files\Java\jdk-17\bin\VCRUNTIME140.dll
0x00007ffa50a30000 - 0x00007ffa50cca000 	C:\WINDOWS\WinSxS\amd64_microsoft.windows.common-controls_6595b64144ccf1df_6.0.19041.5915_none_60b4b9d171f9c7c7\COMCTL32.dll
0x00007ffa5b960000 - 0x00007ffa5b96a000 	C:\WINDOWS\SYSTEM32\VERSION.dll
0x00007ffa62680000 - 0x00007ffa626af000 	C:\WINDOWS\System32\IMM32.DLL
0x00007ffa51e70000 - 0x00007ffa51e7c000 	C:\Program Files\Java\jdk-17\bin\vcruntime140_1.dll
0x00007ffa3df00000 - 0x00007ffa3df8e000 	C:\Program Files\Java\jdk-17\bin\msvcp140.dll
0x00007ffa03620000 - 0x00007ffa04200000 	C:\Program Files\Java\jdk-17\bin\server\jvm.dll
0x00007ffa635c0000 - 0x00007ffa635c8000 	C:\WINDOWS\System32\PSAPI.DLL
0x00007ffa48e00000 - 0x00007ffa48e09000 	C:\WINDOWS\SYSTEM32\WSOCK32.dll
0x00007ffa63a80000 - 0x00007ffa63aeb000 	C:\WINDOWS\System32\WS2_32.dll
0x00007ffa51570000 - 0x00007ffa51597000 	C:\WINDOWS\SYSTEM32\WINMM.dll
0x00007ffa5f760000 - 0x00007ffa5f772000 	C:\WINDOWS\SYSTEM32\kernel.appcore.dll
0x00007ffa51e10000 - 0x00007ffa51e1a000 	C:\Program Files\Java\jdk-17\bin\jimage.dll
0x00007ffa4c740000 - 0x00007ffa4c941000 	C:\WINDOWS\SYSTEM32\DBGHELP.DLL
0x00007ffa3c9b0000 - 0x00007ffa3c9e4000 	C:\WINDOWS\SYSTEM32\dbgcore.DLL
0x00007ffa61990000 - 0x00007ffa61a12000 	C:\WINDOWS\System32\bcryptPrimitives.dll
0x00007ffa3f650000 - 0x00007ffa3f675000 	C:\Program Files\Java\jdk-17\bin\java.dll
0x00007ffa3b890000 - 0x00007ffa3b967000 	C:\Program Files\Java\jdk-17\bin\jsvml.dll
0x00007ffa62830000 - 0x00007ffa62f9e000 	C:\WINDOWS\System32\SHELL32.dll
0x00007ffa5f960000 - 0x00007ffa60104000 	C:\WINDOWS\SYSTEM32\windows.storage.dll
0x00007ffa62270000 - 0x00007ffa625c3000 	C:\WINDOWS\System32\combase.dll
0x00007ffa61310000 - 0x00007ffa6133b000 	C:\WINDOWS\SYSTEM32\Wldp.dll
0x00007ffa639b0000 - 0x00007ffa63a7d000 	C:\WINDOWS\System32\OLEAUT32.dll
0x00007ffa62780000 - 0x00007ffa6282d000 	C:\WINDOWS\System32\SHCORE.dll
0x00007ffa64000000 - 0x00007ffa6405b000 	C:\WINDOWS\System32\shlwapi.dll
0x00007ffa61810000 - 0x00007ffa61835000 	C:\WINDOWS\SYSTEM32\profapi.dll
0x00007ffa3f630000 - 0x00007ffa3f649000 	C:\Program Files\Java\jdk-17\bin\net.dll
0x00007ffa5b4e0000 - 0x00007ffa5b5ea000 	C:\WINDOWS\SYSTEM32\WINHTTP.dll
0x00007ffa61070000 - 0x00007ffa610da000 	C:\WINDOWS\system32\mswsock.dll
0x00007ffa3f610000 - 0x00007ffa3f626000 	C:\Program Files\Java\jdk-17\bin\nio.dll
0x00007ffa3f3d0000 - 0x00007ffa3f3e8000 	C:\Program Files\Java\jdk-17\bin\zip.dll
0x00007ffa517a0000 - 0x00007ffa517b0000 	C:\Program Files\Java\jdk-17\bin\verify.dll

dbghelp: loaded successfully - version: 4.0.5 - missing functions: none
symbol engine: initialized successfully - sym options: 0x614 - pdb path: .;C:\Program Files\Java\jdk-17\bin;C:\WINDOWS\SYSTEM32;C:\WINDOWS\WinSxS\amd64_microsoft.windows.common-controls_6595b64144ccf1df_6.0.19041.5915_none_60b4b9d171f9c7c7;C:\Program Files\Java\jdk-17\bin\server

VM Arguments:
java_command: org.jetbrains.kotlin.cli.jvm.K2JVMCompiler @C:\BallTrackr\node_modules\react-native-gesture-handler\android\build\20250616_152209189255765841.compiler.options
java_class_path (initial): C:\Users\Rizal\.gradle\caches\modules-2\files-2.1\org.jetbrains.kotlin\kotlin-compiler-embeddable\2.0.21\79346ed53db48b18312a472602eb5c057070c54d\kotlin-compiler-embeddable-2.0.21.jar;C:\Users\Rizal\.gradle\caches\modules-2\files-2.1\org.jetbrains.kotlin\kotlin-stdlib\2.0.21\618b539767b4899b4660a83006e052b63f1db551\kotlin-stdlib-2.0.21.jar;C:\Users\Rizal\.gradle\caches\modules-2\files-2.1\org.jetbrains.kotlin\kotlin-script-runtime\2.0.21\c9b044380ad41f89aa89aa896c2d32a8c0b2129d\kotlin-script-runtime-2.0.21.jar;C:\Users\Rizal\.gradle\caches\modules-2\files-2.1\org.jetbrains.kotlin\kotlin-reflect\1.6.10\1cbe9c92c12a94eea200d23c2bbaedaf3daf5132\kotlin-reflect-1.6.10.jar;C:\Users\Rizal\.gradle\caches\modules-2\files-2.1\org.jetbrains.kotlin\kotlin-daemon-embeddable\2.0.21\c9e933b23287de9b5a17e2116b4657bb91aea72c\kotlin-daemon-embeddable-2.0.21.jar;C:\Users\Rizal\.gradle\caches\modules-2\files-2.1\org.jetbrains.intellij.deps\trove4j\1.0.20200330\3afb14d5f9ceb459d724e907a21145e8ff394f02\trove4j-1.0.20200330.jar;C:\Users\Rizal\.gradle\caches\modules-2\files-2.1\org.jetbrains.kotlinx\kotlinx-coroutines-core-jvm\1.6.4\2c997cd1c0ef33f3e751d3831929aeff1390cb30\kotlinx-coroutines-core-jvm-1.6.4.jar;C:\Users\Rizal\.gradle\caches\modules-2\files-2.1\org.jetbrains\annotations\13.0\919f0dfe192fb4e063e7dacadee7f8bb9a2672a9\annotations-13.0.jar
Launcher Type: SUN_STANDARD

[Global flags]
     intx CICompilerCount                          = 4                                         {product} {ergonomic}
     uint ConcGCThreads                            = 3                                         {product} {ergonomic}
     uint G1ConcRefinementThreads                  = 10                                        {product} {ergonomic}
   size_t G1HeapRegionSize                         = 1048576                                   {product} {ergonomic}
    uintx GCDrainStackTargetSize                   = 64                                        {product} {ergonomic}
   size_t InitialHeapSize                          = 132120576                                 {product} {ergonomic}
   size_t MarkStackSize                            = 4194304                                   {product} {ergonomic}
   size_t MaxHeapSize                              = 2107637760                                {product} {ergonomic}
   size_t MaxNewSize                               = 1264582656                                {product} {ergonomic}
   size_t MinHeapDeltaBytes                        = 1048576                                   {product} {ergonomic}
   size_t MinHeapSize                              = 8388608                                   {product} {ergonomic}
    uintx NonNMethodCodeHeapSize                   = 5839372                                {pd product} {ergonomic}
    uintx NonProfiledCodeHeapSize                  = 122909434                              {pd product} {ergonomic}
    uintx ProfiledCodeHeapSize                     = 122909434                              {pd product} {ergonomic}
    uintx ReservedCodeCacheSize                    = 251658240                              {pd product} {ergonomic}
     bool SegmentedCodeCache                       = true                                      {product} {ergonomic}
   size_t SoftMaxHeapSize                          = 2107637760                             {manageable} {ergonomic}
     bool UseCompressedClassPointers               = true                           {product lp64_product} {ergonomic}
     bool UseCompressedOops                        = true                           {product lp64_product} {ergonomic}
     bool UseG1GC                                  = true                                      {product} {ergonomic}
     bool UseLargePagesIndividualAllocation        = false                                  {pd product} {ergonomic}

Logging:
Log output configuration:
 #0: stdout all=warning uptime,level,tags
 #1: stderr all=off uptime,level,tags

Environment Variables:
JAVA_HOME=C:\Program Files\Java\jdk-17
CLASSPATH=C:\BallTrackr\android\\gradle\wrapper\gradle-wrapper.jar
PATH=C:\BallTrackr\node_modules\.bin;C:\BallTrackr\node_modules\.bin;C:\node_modules\.bin;C:\Program Files\nodejs\node_modules\npm\node_modules\@npmcli\run-script\lib\node-gyp-bin;C:\Python313\Scripts\;C:\Python313\;C:\Windows\system32;C:\Windows;C:\Windows\System32\Wbem;C:\Windows\System32\WindowsPowerShell\v1.0\;C:\Windows\System32\OpenSSH\;C:\Program Files (x86)\NVIDIA Corporation\PhysX\Common;C:\Program Files\NVIDIA Corporation\NVIDIA NvDLISR;C:\Program Files\Intel\WiFi\bin\;C:\Program Files\Common Files\Intel\WirelessCommon\;C:\WINDOWS\system32;C:\WINDOWS;C:\WINDOWS\System32\Wbem;C:\WINDOWS\System32\WindowsPowerShell\v1.0\;C:\WINDOWS\System32\OpenSSH\;C:\Program Files (x86)\Windows Kits\10\Windows Performance Toolkit\;C:\xampp\php;C:\ProgramData\ComposerSetup\bin;C:\ProgramData\chocolatey\bin;C:\laragon\www;C:\Program Files\Microsoft SQL Server\150\Tools\Binn\;C:\Program Files\Microsoft SQL Server\Client SDK\ODBC\170\Tools\Binn\;C:\Program Files\dotnet\;C:\Program Files (x86)\Microchip\MPLAB C32 Suite\bin;C:\Program Files\Git\cmd;C:\Program Files\nodejs\;C:\Program Files\Java\jdk-24\bin;C:\Program Files\Apache\apache-maven-3.9.9\bin;C:\Users\Rizal\AppData\Local\Android\Sdk\tools;C:\laragon\bin;C:\laragon\bin\apache\httpd-2.4.54-win64-VS16\bin;C:\laragon\bin\composer;C:\laragon\bin\git\bin;C:\laragon\bin\git\cmd;C:\laragon\bin\git\mingw64\bin;C:\laragon\bin\git\usr\bin;C:\laragon\bin\laragon\utils;C:\laragon\bin\mysql\mysql-8.0.30-winx64\bin;C:\laragon\bin\nginx\nginx-1.22.0;C:\laragon\bin\ngrok;C:\laragon\bin\nodejs\node-v18;C:\laragon\bin\notepad++;C:\laragon\bin\php\php-8.2;C:\laragon\bin\python\python-3.10;C:\laragon\bin\python\python-3.10\Scripts;C:\laragon\bin\redis\redis-x64-5.0.14.1;C:\laragon\bin\telnet;C:\laragon\usr\bin;C:\Users\Rizal\AppData\Local\Yarn\config\global\node_modules\.bin;C:\Users\Rizal\AppData\Roaming\Composer\vendor\bin;C:\Users\Rizal\AppData\Local\Microsoft\WindowsApps;C:\msys64\ucrt64\bin;C:\Users\Rizal\AppData\Local\Programs\Microsoft V
USERNAME=Rizal
OS=Windows_NT
PROCESSOR_IDENTIFIER=Intel64 Family 6 Model 158 Stepping 13, GenuineIntel



---------------  S Y S T E M  ---------------

OS:
 Windows 10 , 64 bit Build 19041 (10.0.19041.5915)
OS uptime: 0 days 16:56 hours
Hyper-V role detected

CPU: total 12 (initial active 12) (6 cores per cpu, 2 threads per core) family 6 model 158 stepping 13 microcode 0xb8, cx8, cmov, fxsr, ht, mmx, 3dnowpref, sse, sse2, sse3, ssse3, sse4.1, sse4.2, popcnt, lzcnt, tsc, tscinvbit, avx, avx2, aes, erms, clmul, bmi1, bmi2, adx, fma, vzeroupper, clflush, clflushopt, hv

Memory: 4k page, system-wide physical 8038M (533M free)
TotalPageFile size 32614M (AvailPageFile size 2M)
current process WorkingSet (physical memory assigned to process): 217M, peak: 222M
current process commit charge ("private bytes"): 294M, peak: 301M

vm_info: Java HotSpot(TM) 64-Bit Server VM (17.0.11+7-LTS-207) for windows-amd64 JRE (17.0.11+7-LTS-207), built on Mar 11 2024 19:01:50 by "mach5one" with MS VC++ 17.6 (VS2022)

END.
