#
# There is insufficient memory for the Java Runtime Environment to continue.
# Native memory allocation (malloc) failed to allocate 1616976 bytes for Chunk::new
# Possible reasons:
#   The system is out of physical RAM or swap space
#   The process is running with CompressedOops enabled, and the Java Heap may be blocking the growth of the native heap
# Possible solutions:
#   Reduce memory load on the system
#   Increase physical memory or swap space
#   Check if swap backing store is full
#   Decrease Java heap size (-Xmx/-Xms)
#   Decrease number of Java threads
#   Decrease Java thread stack sizes (-Xss)
#   Set larger code cache with -XX:ReservedCodeCacheSize=
#   JVM is running with Unscaled Compressed Oops mode in which the Java heap is
#     placed in the first 4GB address space. The Java Heap base address is the
#     maximum limit for the native heap growth. Please use -XX:HeapBaseMinAddress
#     to set the Java Heap base and to place the Java Heap above 4GB virtual address.
# This output file may be truncated or incomplete.
#
#  Out of Memory Error (arena.cpp:189), pid=18496, tid=13224
#
# JRE version: Java(TM) SE Runtime Environment (17.0.11+7) (build 17.0.11+7-LTS-207)
# Java VM: Java HotSpot(TM) 64-Bit Server VM (17.0.11+7-LTS-207, mixed mode, sharing, tiered, compressed oops, compressed class ptrs, g1 gc, windows-amd64)
# No core dump will be written. Minidumps are not enabled by default on client versions of Windows
#

---------------  S U M M A R Y ------------

Command Line: org.jetbrains.kotlin.cli.jvm.K2JVMCompiler @C:\BallTrackr\node_modules\react-native-safe-area-context\android\build\20250616_10102266280982367063.compiler.options

Host: Intel(R) Core(TM) i7-9750H CPU @ 2.60GHz, 12 cores, 7G,  Windows 10 , 64 bit Build 19041 (10.0.19041.5915)
Time: Mon Jun 16 15:42:40 2025 Malay Peninsula Standard Time elapsed time: 16.149658 seconds (0d 0h 0m 16s)

---------------  T H R E A D  ---------------

Current thread (0x000001ec65985140):  JavaThread "C2 CompilerThread2" daemon [_thread_in_native, id=13224, stack(0x0000006aed800000,0x0000006aed900000)]


Current CompileTask:
C2:  16149 4463       4       jdk.internal.loader.ClassLoaders$AppClassLoader::loadClass (40 bytes)

Stack: [0x0000006aed800000,0x0000006aed900000]
Native frames: (J=compiled Java code, j=interpreted, Vv=VM code, C=native code)
V  [jvm.dll+0x679cca]
V  [jvm.dll+0x7da13d]
V  [jvm.dll+0x7dba83]
V  [jvm.dll+0x7dc0f3]
V  [jvm.dll+0x2449af]
V  [jvm.dll+0xab83b]
V  [jvm.dll+0xabe1c]
V  [jvm.dll+0x36155f]
V  [jvm.dll+0x32bd61]
V  [jvm.dll+0x32b1fa]
V  [jvm.dll+0x2161df]
V  [jvm.dll+0x21560f]
V  [jvm.dll+0x1a2040]
V  [jvm.dll+0x225a2b]
V  [jvm.dll+0x223bcb]
V  [jvm.dll+0x7903ec]
V  [jvm.dll+0x78a85a]
V  [jvm.dll+0x678bb5]
C  [ucrtbase.dll+0x21bb2]
C  [KERNEL32.DLL+0x17374]
C  [ntdll.dll+0x4cc91]


---------------  P R O C E S S  ---------------

Threads class SMR info:
_java_thread_list=0x000001ec64586940, length=14, elements={
0x000001ec7df3b5e0, 0x000001ec7fd55070, 0x000001ec7fd55ef0, 0x000001ec7fd6ba50,
0x000001ec7fd6c610, 0x000001ec7fd6efe0, 0x000001ec7fd6f9a0, 0x000001ec7fd70690,
0x000001ec7fd73d60, 0x000001ec1c7f0060, 0x000001ec1c8a9160, 0x000001ec1c8ade70,
0x000001ec653f4220, 0x000001ec65985140
}

Java Threads: ( => current thread )
  0x000001ec7df3b5e0 JavaThread "main" [_thread_in_native, id=17012, stack(0x0000006aeb800000,0x0000006aeb900000)]
  0x000001ec7fd55070 JavaThread "Reference Handler" daemon [_thread_blocked, id=9016, stack(0x0000006aebf00000,0x0000006aec000000)]
  0x000001ec7fd55ef0 JavaThread "Finalizer" daemon [_thread_blocked, id=17736, stack(0x0000006aec000000,0x0000006aec100000)]
  0x000001ec7fd6ba50 JavaThread "Signal Dispatcher" daemon [_thread_blocked, id=6284, stack(0x0000006aec100000,0x0000006aec200000)]
  0x000001ec7fd6c610 JavaThread "Attach Listener" daemon [_thread_blocked, id=20924, stack(0x0000006aec200000,0x0000006aec300000)]
  0x000001ec7fd6efe0 JavaThread "Service Thread" daemon [_thread_blocked, id=18544, stack(0x0000006aec300000,0x0000006aec400000)]
  0x000001ec7fd6f9a0 JavaThread "Monitor Deflation Thread" daemon [_thread_blocked, id=18436, stack(0x0000006aec400000,0x0000006aec500000)]
  0x000001ec7fd70690 JavaThread "C2 CompilerThread0" daemon [_thread_in_native, id=16140, stack(0x0000006aec500000,0x0000006aec600000)]
  0x000001ec7fd73d60 JavaThread "C1 CompilerThread0" daemon [_thread_blocked, id=15556, stack(0x0000006aec600000,0x0000006aec700000)]
  0x000001ec1c7f0060 JavaThread "Sweeper thread" daemon [_thread_blocked, id=5600, stack(0x0000006aec700000,0x0000006aec800000)]
  0x000001ec1c8a9160 JavaThread "Notification Thread" daemon [_thread_blocked, id=20692, stack(0x0000006aec800000,0x0000006aec900000)]
  0x000001ec1c8ade70 JavaThread "Common-Cleaner" daemon [_thread_blocked, id=18580, stack(0x0000006aeca00000,0x0000006aecb00000)]
  0x000001ec653f4220 JavaThread "C2 CompilerThread1" daemon [_thread_in_native, id=5932, stack(0x0000006aed600000,0x0000006aed700000)]
=>0x000001ec65985140 JavaThread "C2 CompilerThread2" daemon [_thread_in_native, id=13224, stack(0x0000006aed800000,0x0000006aed900000)]

Other Threads:
  0x000001ec7fd50010 VMThread "VM Thread" [stack: 0x0000006aebe00000,0x0000006aebf00000] [id=12420]
  0x000001ec7fdded20 WatcherThread [stack: 0x0000006aec900000,0x0000006aeca00000] [id=17800]
  0x000001ec7df954e0 GCTaskThread "GC Thread#0" [stack: 0x0000006aeb900000,0x0000006aeba00000] [id=20576]
  0x000001ec62253360 GCTaskThread "GC Thread#1" [stack: 0x0000006aecb00000,0x0000006aecc00000] [id=5248]
  0x000001ec62253620 GCTaskThread "GC Thread#2" [stack: 0x0000006aecc00000,0x0000006aecd00000] [id=18552]
  0x000001ec6221b020 GCTaskThread "GC Thread#3" [stack: 0x0000006aecd00000,0x0000006aece00000] [id=16688]
  0x000001ec6221b2e0 GCTaskThread "GC Thread#4" [stack: 0x0000006aece00000,0x0000006aecf00000] [id=21440]
  0x000001ec629b7930 GCTaskThread "GC Thread#5" [stack: 0x0000006aecf00000,0x0000006aed000000] [id=15584]
  0x000001ec629b7bf0 GCTaskThread "GC Thread#6" [stack: 0x0000006aed000000,0x0000006aed100000] [id=18424]
  0x000001ec625ff080 GCTaskThread "GC Thread#7" [stack: 0x0000006aed100000,0x0000006aed200000] [id=16972]
  0x000001ec6380da00 GCTaskThread "GC Thread#8" [stack: 0x0000006aed200000,0x0000006aed300000] [id=11392]
  0x000001ec6380dcc0 GCTaskThread "GC Thread#9" [stack: 0x0000006aed300000,0x0000006aed400000] [id=17040]
  0x000001ec7dfa6f80 ConcurrentGCThread "G1 Main Marker" [stack: 0x0000006aeba00000,0x0000006aebb00000] [id=8764]
  0x000001ec7dfa7990 ConcurrentGCThread "G1 Conc#0" [stack: 0x0000006aebb00000,0x0000006aebc00000] [id=9108]
  0x000001ec6380c140 ConcurrentGCThread "G1 Conc#1" [stack: 0x0000006aed400000,0x0000006aed500000] [id=20204]
  0x000001ec6380c980 ConcurrentGCThread "G1 Conc#2" [stack: 0x0000006aed500000,0x0000006aed600000] [id=6648]
  0x000001ec7fc124c0 ConcurrentGCThread "G1 Refine#0" [stack: 0x0000006aebc00000,0x0000006aebd00000] [id=19540]
  0x000001ec64545290 ConcurrentGCThread "G1 Refine#1" [stack: 0x0000006aed700000,0x0000006aed800000] [id=15912]
  0x000001ec7fc12ef0 ConcurrentGCThread "G1 Service" [stack: 0x0000006aebd00000,0x0000006aebe00000] [id=16224]

Threads with active compile tasks:
C2 CompilerThread0    16172 4461   !   4       jdk.internal.loader.BuiltinClassLoader::findClassOnClassPathOrNull (64 bytes)
C2 CompilerThread1    16172 4462       4       java.lang.ClassLoader::loadClass (7 bytes)
C2 CompilerThread2    16172 4463       4       jdk.internal.loader.ClassLoaders$AppClassLoader::loadClass (40 bytes)

VM state: not at safepoint (normal execution)

VM Mutex/Monitor currently owned by a thread: None

Heap address: 0x0000000082600000, size: 2010 MB, Compressed Oops mode: 32-bit

CDS archive(s) mapped at: [0x000001ec1d000000-0x000001ec1dbd0000-0x000001ec1dbd0000), size 12386304, SharedBaseAddress: 0x000001ec1d000000, ArchiveRelocationMode: 1.
Compressed class space mapped at: 0x000001ec1e000000-0x000001ec5e000000, reserved size: 1073741824
Narrow klass base: 0x000001ec1d000000, Narrow klass shift: 0, Narrow klass range: 0x100000000

GC Precious Log:
 CPUs: 12 total, 12 available
 Memory: 8038M
 Large Page Support: Disabled
 NUMA Support: Disabled
 Compressed Oops: Enabled (32-bit)
 Heap Region Size: 1M
 Heap Min Capacity: 8M
 Heap Initial Capacity: 126M
 Heap Max Capacity: 2010M
 Pre-touch: Disabled
 Parallel Workers: 10
 Concurrent Workers: 3
 Concurrent Refinement Workers: 10
 Periodic GC: Disabled

Heap:
 garbage-first heap   total 75776K, used 48256K [0x0000000082600000, 0x0000000100000000)
  region size 1024K, 14 young (14336K), 2 survivors (2048K)
 Metaspace       used 49709K, committed 49984K, reserved 1114112K
  class space    used 6143K, committed 6272K, reserved 1048576K

Heap Regions: E=young(eden), S=young(survivor), O=old, HS=humongous(starts), HC=humongous(continues), CS=collection set, F=free, OA=open archive, CA=closed archive, TAMS=top-at-mark-start (previous, next)
|   0|0x0000000082600000, 0x0000000082700000, 0x0000000082700000|100%|HS|  |TAMS 0x0000000082700000, 0x0000000082600000| Complete 
|   1|0x0000000082700000, 0x0000000082800000, 0x0000000082800000|100%|HC|  |TAMS 0x0000000082800000, 0x0000000082700000| Complete 
|   2|0x0000000082800000, 0x0000000082900000, 0x0000000082900000|100%|HC|  |TAMS 0x0000000082900000, 0x0000000082800000| Complete 
|   3|0x0000000082900000, 0x0000000082a00000, 0x0000000082a00000|100%| O|  |TAMS 0x0000000082a00000, 0x0000000082900000| Untracked 
|   4|0x0000000082a00000, 0x0000000082b00000, 0x0000000082b00000|100%| O|  |TAMS 0x0000000082b00000, 0x0000000082a00000| Untracked 
|   5|0x0000000082b00000, 0x0000000082c00000, 0x0000000082c00000|100%| O|  |TAMS 0x0000000082c00000, 0x0000000082b00000| Untracked 
|   6|0x0000000082c00000, 0x0000000082c20000, 0x0000000082d00000| 12%| O|  |TAMS 0x0000000082c20000, 0x0000000082c00000| Untracked 
|   7|0x0000000082d00000, 0x0000000082e00000, 0x0000000082e00000|100%| O|  |TAMS 0x0000000082e00000, 0x0000000082d00000| Untracked 
|   8|0x0000000082e00000, 0x0000000082f00000, 0x0000000082f00000|100%| O|  |TAMS 0x0000000082f00000, 0x0000000082e00000| Untracked 
|   9|0x0000000082f00000, 0x0000000083000000, 0x0000000083000000|100%| O|  |TAMS 0x0000000083000000, 0x0000000082f00000| Untracked 
|  10|0x0000000083000000, 0x0000000083100000, 0x0000000083100000|100%| O|  |TAMS 0x0000000083100000, 0x0000000083000000| Untracked 
|  11|0x0000000083100000, 0x0000000083200000, 0x0000000083200000|100%| O|  |TAMS 0x0000000083200000, 0x0000000083100000| Untracked 
|  12|0x0000000083200000, 0x0000000083300000, 0x0000000083300000|100%| O|  |TAMS 0x0000000083300000, 0x0000000083200000| Untracked 
|  13|0x0000000083300000, 0x0000000083400000, 0x0000000083400000|100%| O|  |TAMS 0x0000000083400000, 0x0000000083300000| Untracked 
|  14|0x0000000083400000, 0x0000000083500000, 0x0000000083500000|100%| O|  |TAMS 0x0000000083500000, 0x0000000083400000| Untracked 
|  15|0x0000000083500000, 0x0000000083600000, 0x0000000083600000|100%| O|  |TAMS 0x0000000083600000, 0x0000000083500000| Untracked 
|  16|0x0000000083600000, 0x0000000083700000, 0x0000000083700000|100%| O|  |TAMS 0x0000000083700000, 0x0000000083600000| Untracked 
|  17|0x0000000083700000, 0x0000000083800000, 0x0000000083800000|100%| O|  |TAMS 0x0000000083800000, 0x0000000083700000| Untracked 
|  18|0x0000000083800000, 0x0000000083900000, 0x0000000083900000|100%|HS|  |TAMS 0x0000000083900000, 0x0000000083800000| Complete 
|  19|0x0000000083900000, 0x0000000083a00000, 0x0000000083a00000|100%| O|  |TAMS 0x0000000083a00000, 0x0000000083900000| Untracked 
|  20|0x0000000083a00000, 0x0000000083b00000, 0x0000000083b00000|100%| O|  |TAMS 0x0000000083b00000, 0x0000000083a00000| Untracked 
|  21|0x0000000083b00000, 0x0000000083c00000, 0x0000000083c00000|100%| O|  |TAMS 0x0000000083c00000, 0x0000000083b00000| Untracked 
|  22|0x0000000083c00000, 0x0000000083d00000, 0x0000000083d00000|100%| O|  |TAMS 0x0000000083d00000, 0x0000000083c00000| Untracked 
|  23|0x0000000083d00000, 0x0000000083e00000, 0x0000000083e00000|100%| O|  |TAMS 0x0000000083e00000, 0x0000000083d00000| Untracked 
|  24|0x0000000083e00000, 0x0000000083f00000, 0x0000000083f00000|100%| O|  |TAMS 0x0000000083f00000, 0x0000000083e00000| Untracked 
|  25|0x0000000083f00000, 0x0000000084000000, 0x0000000084000000|100%| O|  |TAMS 0x0000000084000000, 0x0000000083f00000| Untracked 
|  26|0x0000000084000000, 0x0000000084100000, 0x0000000084100000|100%| O|  |TAMS 0x0000000084100000, 0x0000000084000000| Untracked 
|  27|0x0000000084100000, 0x0000000084200000, 0x0000000084200000|100%| O|  |TAMS 0x0000000084200000, 0x0000000084100000| Untracked 
|  28|0x0000000084200000, 0x0000000084300000, 0x0000000084300000|100%| O|  |TAMS 0x0000000084300000, 0x0000000084200000| Untracked 
|  29|0x0000000084300000, 0x0000000084400000, 0x0000000084400000|100%| O|  |TAMS 0x0000000084400000, 0x0000000084300000| Untracked 
|  30|0x0000000084400000, 0x0000000084500000, 0x0000000084500000|100%| O|  |TAMS 0x0000000084400000, 0x0000000084400000| Untracked 
|  31|0x0000000084500000, 0x0000000084600000, 0x0000000084600000|100%| O|  |TAMS 0x0000000084600000, 0x0000000084500000| Untracked 
|  32|0x0000000084600000, 0x0000000084700000, 0x0000000084700000|100%| O|  |TAMS 0x0000000084700000, 0x0000000084600000| Untracked 
|  33|0x0000000084700000, 0x0000000084800000, 0x0000000084800000|100%| O|  |TAMS 0x0000000084780000, 0x0000000084700000| Untracked 
|  34|0x0000000084800000, 0x0000000084900000, 0x0000000084900000|100%| O|  |TAMS 0x0000000084800000, 0x0000000084800000| Untracked 
|  35|0x0000000084900000, 0x0000000084a00000, 0x0000000084a00000|100%| O|  |TAMS 0x0000000084900000, 0x0000000084900000| Untracked 
|  36|0x0000000084a00000, 0x0000000084a00000, 0x0000000084b00000|  0%| F|  |TAMS 0x0000000084a00000, 0x0000000084a00000| Untracked 
|  37|0x0000000084b00000, 0x0000000084b00000, 0x0000000084c00000|  0%| F|  |TAMS 0x0000000084b00000, 0x0000000084b00000| Untracked 
|  38|0x0000000084c00000, 0x0000000084c00000, 0x0000000084d00000|  0%| F|  |TAMS 0x0000000084c00000, 0x0000000084c00000| Untracked 
|  39|0x0000000084d00000, 0x0000000084d00000, 0x0000000084e00000|  0%| F|  |TAMS 0x0000000084d00000, 0x0000000084d00000| Untracked 
|  40|0x0000000084e00000, 0x0000000084e00000, 0x0000000084f00000|  0%| F|  |TAMS 0x0000000084e00000, 0x0000000084e00000| Untracked 
|  41|0x0000000084f00000, 0x0000000084f00000, 0x0000000085000000|  0%| F|  |TAMS 0x0000000084f00000, 0x0000000084f00000| Untracked 
|  42|0x0000000085000000, 0x0000000085000000, 0x0000000085100000|  0%| F|  |TAMS 0x0000000085000000, 0x0000000085000000| Untracked 
|  43|0x0000000085100000, 0x0000000085100000, 0x0000000085200000|  0%| F|  |TAMS 0x0000000085100000, 0x0000000085100000| Untracked 
|  44|0x0000000085200000, 0x0000000085200000, 0x0000000085300000|  0%| F|  |TAMS 0x0000000085200000, 0x0000000085200000| Untracked 
|  45|0x0000000085300000, 0x0000000085300000, 0x0000000085400000|  0%| F|  |TAMS 0x0000000085300000, 0x0000000085300000| Untracked 
|  46|0x0000000085400000, 0x0000000085400000, 0x0000000085500000|  0%| F|  |TAMS 0x0000000085400000, 0x0000000085400000| Untracked 
|  47|0x0000000085500000, 0x0000000085500000, 0x0000000085600000|  0%| F|  |TAMS 0x0000000085500000, 0x0000000085500000| Untracked 
|  48|0x0000000085600000, 0x0000000085600000, 0x0000000085700000|  0%| F|  |TAMS 0x0000000085600000, 0x0000000085600000| Untracked 
|  49|0x0000000085700000, 0x0000000085700000, 0x0000000085800000|  0%| F|  |TAMS 0x0000000085700000, 0x0000000085700000| Untracked 
|  50|0x0000000085800000, 0x0000000085900000, 0x0000000085900000|100%| S|CS|TAMS 0x0000000085800000, 0x0000000085800000| Complete 
|  51|0x0000000085900000, 0x0000000085a00000, 0x0000000085a00000|100%| S|CS|TAMS 0x0000000085900000, 0x0000000085900000| Complete 
|  52|0x0000000085a00000, 0x0000000085a00000, 0x0000000085b00000|  0%| F|  |TAMS 0x0000000085a00000, 0x0000000085a00000| Untracked 
|  53|0x0000000085b00000, 0x0000000085b00000, 0x0000000085c00000|  0%| F|  |TAMS 0x0000000085b00000, 0x0000000085b00000| Untracked 
|  54|0x0000000085c00000, 0x0000000085c00000, 0x0000000085d00000|  0%| F|  |TAMS 0x0000000085c00000, 0x0000000085c00000| Untracked 
|  55|0x0000000085d00000, 0x0000000085d00000, 0x0000000085e00000|  0%| F|  |TAMS 0x0000000085d00000, 0x0000000085d00000| Untracked 
|  56|0x0000000085e00000, 0x0000000085e00000, 0x0000000085f00000|  0%| F|  |TAMS 0x0000000085e00000, 0x0000000085e00000| Untracked 
|  57|0x0000000085f00000, 0x0000000085f00000, 0x0000000086000000|  0%| F|  |TAMS 0x0000000085f00000, 0x0000000085f00000| Untracked 
|  58|0x0000000086000000, 0x0000000086000000, 0x0000000086100000|  0%| F|  |TAMS 0x0000000086000000, 0x0000000086000000| Untracked 
|  59|0x0000000086100000, 0x0000000086100000, 0x0000000086200000|  0%| F|  |TAMS 0x0000000086100000, 0x0000000086100000| Untracked 
|  60|0x0000000086200000, 0x0000000086200000, 0x0000000086300000|  0%| F|  |TAMS 0x0000000086200000, 0x0000000086200000| Untracked 
|  61|0x0000000086300000, 0x0000000086300000, 0x0000000086400000|  0%| F|  |TAMS 0x0000000086300000, 0x0000000086300000| Untracked 
|  62|0x0000000086400000, 0x0000000086473e20, 0x0000000086500000| 45%| E|  |TAMS 0x0000000086400000, 0x0000000086400000| Complete 
|  63|0x0000000086500000, 0x00000000865ff590, 0x0000000086600000| 99%| E|  |TAMS 0x0000000086500000, 0x0000000086500000| Complete 
|  64|0x0000000086600000, 0x0000000086700000, 0x0000000086700000|100%| E|CS|TAMS 0x0000000086600000, 0x0000000086600000| Complete 
|  88|0x0000000087e00000, 0x0000000087f00000, 0x0000000087f00000|100%| E|CS|TAMS 0x0000000087e00000, 0x0000000087e00000| Complete 
|  91|0x0000000088100000, 0x0000000088200000, 0x0000000088200000|100%| E|CS|TAMS 0x0000000088100000, 0x0000000088100000| Complete 
|  92|0x0000000088200000, 0x0000000088300000, 0x0000000088300000|100%| E|CS|TAMS 0x0000000088200000, 0x0000000088200000| Complete 
|  93|0x0000000088300000, 0x0000000088400000, 0x0000000088400000|100%| E|CS|TAMS 0x0000000088300000, 0x0000000088300000| Complete 
|  94|0x0000000088400000, 0x0000000088500000, 0x0000000088500000|100%| E|CS|TAMS 0x0000000088400000, 0x0000000088400000| Complete 
|  95|0x0000000088500000, 0x0000000088600000, 0x0000000088600000|100%| E|CS|TAMS 0x0000000088500000, 0x0000000088500000| Complete 
|  96|0x0000000088600000, 0x0000000088700000, 0x0000000088700000|100%| E|CS|TAMS 0x0000000088600000, 0x0000000088600000| Complete 
|  97|0x0000000088700000, 0x0000000088800000, 0x0000000088800000|100%| E|CS|TAMS 0x0000000088700000, 0x0000000088700000| Complete 
| 125|0x000000008a300000, 0x000000008a400000, 0x000000008a400000|100%| E|CS|TAMS 0x000000008a300000, 0x000000008a300000| Complete 

Card table byte_map: [0x000001ec7e960000,0x000001ec7ed50000] _byte_map_base: 0x000001ec7e54d000

Marking Bits (Prev, Next): (CMBitMap*) 0x000001ec7df96b50, (CMBitMap*) 0x000001ec7df96b10
 Prev Bits: [0x000001ec18760000, 0x000001ec1a6c8000)
 Next Bits: [0x000001ec167f0000, 0x000001ec18758000)

Polling page: 0x000001ec7bf40000

Metaspace:

Usage:
  Non-class:     42.56 MB used.
      Class:      6.00 MB used.
       Both:     48.56 MB used.

Virtual space:
  Non-class space:       64.00 MB reserved,      42.75 MB ( 67%) committed,  1 nodes.
      Class space:        1.00 GB reserved,       6.12 MB ( <1%) committed,  1 nodes.
             Both:        1.06 GB reserved,      48.88 MB (  4%) committed. 

Chunk freelists:
   Non-Class:  4.11 MB
       Class:  9.91 MB
        Both:  14.02 MB

MaxMetaspaceSize: unlimited
CompressedClassSpaceSize: 1.00 GB
Initial GC threshold: 21.00 MB
Current GC threshold: 80.00 MB
CDS: on
MetaspaceReclaimPolicy: balanced
 - commit_granule_bytes: 65536.
 - commit_granule_words: 8192.
 - virtual_space_node_default_size: 8388608.
 - enlarge_chunks_in_place: 1.
 - new_chunks_are_fully_committed: 0.
 - uncommit_free_chunks: 1.
 - use_allocation_guard: 0.
 - handle_deallocations: 1.


Internal statistics:

num_allocs_failed_limit: 6.
num_arena_births: 244.
num_arena_deaths: 0.
num_vsnodes_births: 2.
num_vsnodes_deaths: 0.
num_space_committed: 780.
num_space_uncommitted: 0.
num_chunks_returned_to_freelist: 6.
num_chunks_taken_from_freelist: 1963.
num_chunk_merges: 6.
num_chunk_splits: 1610.
num_chunks_enlarged: 1464.
num_inconsistent_stats: 0.

CodeHeap 'non-profiled nmethods': size=120000Kb used=2365Kb max_used=2365Kb free=117634Kb
 bounds [0x000001ec0f2c0000, 0x000001ec0f530000, 0x000001ec167f0000]
CodeHeap 'profiled nmethods': size=120000Kb used=10279Kb max_used=10279Kb free=109720Kb
 bounds [0x000001ec077f0000, 0x000001ec08200000, 0x000001ec0ed20000]
CodeHeap 'non-nmethods': size=5760Kb used=1318Kb max_used=1389Kb free=4441Kb
 bounds [0x000001ec0ed20000, 0x000001ec0ef90000, 0x000001ec0f2c0000]
 total_blobs=5198 nmethods=4560 adapters=550
 compilation: enabled
              stopped_count=0, restarted_count=0
 full_count=0

Compilation events (20 events):
Event: 15.951 Thread 0x000001ec7fd73d60 4565       3       kotlin.coroutines.intrinsics.IntrinsicsKt__IntrinsicsKt::getCOROUTINE_SUSPENDED (4 bytes)
Event: 15.951 Thread 0x000001ec7fd73d60 nmethod 4565 0x000001ec081f6a10 code [0x000001ec081f6ba0, 0x000001ec081f6c98]
Event: 15.952 Thread 0x000001ec7fd73d60 4567       3       java.lang.invoke.InvokerBytecodeGenerator::emitStoreResult (27 bytes)
Event: 15.952 Thread 0x000001ec7fd73d60 nmethod 4567 0x000001ec081f6d10 code [0x000001ec081f6ec0, 0x000001ec081f70a8]
Event: 15.952 Thread 0x000001ec7fd73d60 4568       3       java.lang.invoke.LambdaForm$NamedFunction::intrinsicName (21 bytes)
Event: 15.952 Thread 0x000001ec7fd73d60 nmethod 4568 0x000001ec081f7190 code [0x000001ec081f7340, 0x000001ec081f7588]
Event: 15.952 Thread 0x000001ec7fd73d60 4569       3       java.lang.invoke.MemberName::isPrivate (8 bytes)
Event: 15.953 Thread 0x000001ec7fd73d60 nmethod 4569 0x000001ec081f7690 code [0x000001ec081f7820, 0x000001ec081f79f8]
Event: 15.956 Thread 0x000001ec7fd73d60 4570       3       kotlin.collections.CollectionsKt___CollectionsKt$withIndex$1::invoke (5 bytes)
Event: 15.956 Thread 0x000001ec7fd73d60 nmethod 4570 0x000001ec081f7a90 code [0x000001ec081f7c40, 0x000001ec081f7e68]
Event: 15.956 Thread 0x000001ec7fd73d60 4572       3       kotlin.collections.builders.MapBuilder::rehash (71 bytes)
Event: 15.956 Thread 0x000001ec7fd73d60 nmethod 4572 0x000001ec081f7f90 code [0x000001ec081f81a0, 0x000001ec081f8818]
Event: 15.956 Thread 0x000001ec7fd73d60 4571       3       kotlin.collections.CollectionsKt___CollectionsKt$withIndex$1::invoke (10 bytes)
Event: 15.957 Thread 0x000001ec7fd73d60 nmethod 4571 0x000001ec081f8a90 code [0x000001ec081f8c40, 0x000001ec081f8e08]
Event: 15.957 Thread 0x000001ec7fd73d60 4573       3       org.jetbrains.kotlin.name.Name::getIdentifier (47 bytes)
Event: 15.958 Thread 0x000001ec7fd73d60 nmethod 4573 0x000001ec081f8f10 code [0x000001ec081f9180, 0x000001ec081f9a38]
Event: 15.958 Thread 0x000001ec7fd73d60 4574       1       org.jetbrains.kotlin.fir.resolve.calls.tower.TowerGroupKind$WithDepth::getDepth (5 bytes)
Event: 15.958 Thread 0x000001ec7fd73d60 nmethod 4574 0x000001ec0f50f010 code [0x000001ec0f50f1a0, 0x000001ec0f50f278]
Event: 16.009 Thread 0x000001ec7fd73d60 4575       1       org.jetbrains.kotlin.fir.java.declarations.FirJavaClass::getScopeProvider (5 bytes)
Event: 16.009 Thread 0x000001ec7fd73d60 nmethod 4575 0x000001ec0f50f310 code [0x000001ec0f50f4a0, 0x000001ec0f50f578]

GC Heap History (20 events):
Event: 1.651 GC heap before
{Heap before GC invocations=0 (full 0):
 garbage-first heap   total 129024K, used 26624K [0x0000000082600000, 0x0000000100000000)
  region size 1024K, 23 young (23552K), 0 survivors (0K)
 Metaspace       used 6874K, committed 6976K, reserved 1114112K
  class space    used 711K, committed 768K, reserved 1048576K
}
Event: 1.691 GC heap after
{Heap after GC invocations=1 (full 0):
 garbage-first heap   total 129024K, used 6079K [0x0000000082600000, 0x0000000100000000)
  region size 1024K, 3 young (3072K), 3 survivors (3072K)
 Metaspace       used 6874K, committed 6976K, reserved 1114112K
  class space    used 711K, committed 768K, reserved 1048576K
}
Event: 3.285 GC heap before
{Heap before GC invocations=1 (full 0):
 garbage-first heap   total 129024K, used 38847K [0x0000000082600000, 0x0000000100000000)
  region size 1024K, 35 young (35840K), 3 survivors (3072K)
 Metaspace       used 16382K, committed 16640K, reserved 1114112K
  class space    used 1865K, committed 1984K, reserved 1048576K
}
Event: 3.295 GC heap after
{Heap after GC invocations=2 (full 0):
 garbage-first heap   total 129024K, used 8162K [0x0000000082600000, 0x0000000100000000)
  region size 1024K, 2 young (2048K), 2 survivors (2048K)
 Metaspace       used 16382K, committed 16640K, reserved 1114112K
  class space    used 1865K, committed 1984K, reserved 1048576K
}
Event: 4.940 GC heap before
{Heap before GC invocations=2 (full 0):
 garbage-first heap   total 129024K, used 35810K [0x0000000082600000, 0x0000000100000000)
  region size 1024K, 30 young (30720K), 2 survivors (2048K)
 Metaspace       used 21331K, committed 21504K, reserved 1114112K
  class space    used 2489K, committed 2560K, reserved 1048576K
}
Event: 4.956 GC heap after
{Heap after GC invocations=3 (full 0):
 garbage-first heap   total 129024K, used 14032K [0x0000000082600000, 0x0000000100000000)
  region size 1024K, 8 young (8192K), 8 survivors (8192K)
 Metaspace       used 21331K, committed 21504K, reserved 1114112K
  class space    used 2489K, committed 2560K, reserved 1048576K
}
Event: 6.454 GC heap before
{Heap before GC invocations=4 (full 0):
 garbage-first heap   total 55296K, used 38608K [0x0000000082600000, 0x0000000100000000)
  region size 1024K, 32 young (32768K), 8 survivors (8192K)
 Metaspace       used 26961K, committed 27136K, reserved 1114112K
  class space    used 3532K, committed 3584K, reserved 1048576K
}
Event: 6.480 GC heap after
{Heap after GC invocations=5 (full 0):
 garbage-first heap   total 55296K, used 16338K [0x0000000082600000, 0x0000000100000000)
  region size 1024K, 3 young (3072K), 3 survivors (3072K)
 Metaspace       used 26961K, committed 27136K, reserved 1114112K
  class space    used 3532K, committed 3584K, reserved 1048576K
}
Event: 7.748 GC heap before
{Heap before GC invocations=5 (full 0):
 garbage-first heap   total 55296K, used 37842K [0x0000000082600000, 0x0000000100000000)
  region size 1024K, 25 young (25600K), 3 survivors (3072K)
 Metaspace       used 32626K, committed 32960K, reserved 1114112K
  class space    used 4081K, committed 4224K, reserved 1048576K
}
Event: 7.761 GC heap after
{Heap after GC invocations=6 (full 0):
 garbage-first heap   total 55296K, used 17752K [0x0000000082600000, 0x0000000100000000)
  region size 1024K, 4 young (4096K), 4 survivors (4096K)
 Metaspace       used 32626K, committed 32960K, reserved 1114112K
  class space    used 4081K, committed 4224K, reserved 1048576K
}
Event: 8.592 GC heap before
{Heap before GC invocations=6 (full 0):
 garbage-first heap   total 55296K, used 30040K [0x0000000082600000, 0x0000000100000000)
  region size 1024K, 18 young (18432K), 4 survivors (4096K)
 Metaspace       used 35764K, committed 35968K, reserved 1114112K
  class space    used 4428K, committed 4544K, reserved 1048576K
}
Event: 8.606 GC heap after
{Heap after GC invocations=7 (full 0):
 garbage-first heap   total 66560K, used 18719K [0x0000000082600000, 0x0000000100000000)
  region size 1024K, 3 young (3072K), 3 survivors (3072K)
 Metaspace       used 35764K, committed 35968K, reserved 1114112K
  class space    used 4428K, committed 4544K, reserved 1048576K
}
Event: 11.786 GC heap before
{Heap before GC invocations=8 (full 0):
 garbage-first heap   total 66560K, used 47391K [0x0000000082600000, 0x0000000100000000)
  region size 1024K, 31 young (31744K), 3 survivors (3072K)
 Metaspace       used 43130K, committed 43456K, reserved 1114112K
  class space    used 5354K, committed 5504K, reserved 1048576K
}
Event: 11.803 GC heap after
{Heap after GC invocations=9 (full 0):
 garbage-first heap   total 66560K, used 20392K [0x0000000082600000, 0x0000000100000000)
  region size 1024K, 3 young (3072K), 3 survivors (3072K)
 Metaspace       used 43130K, committed 43456K, reserved 1114112K
  class space    used 5354K, committed 5504K, reserved 1048576K
}
Event: 13.958 GC heap before
{Heap before GC invocations=9 (full 0):
 garbage-first heap   total 66560K, used 50088K [0x0000000082600000, 0x0000000100000000)
  region size 1024K, 31 young (31744K), 3 survivors (3072K)
 Metaspace       used 45930K, committed 46208K, reserved 1114112K
  class space    used 5664K, committed 5760K, reserved 1048576K
}
Event: 13.994 GC heap after
{Heap after GC invocations=10 (full 0):
 garbage-first heap   total 66560K, used 29291K [0x0000000082600000, 0x0000000100000000)
  region size 1024K, 4 young (4096K), 4 survivors (4096K)
 Metaspace       used 45930K, committed 46208K, reserved 1114112K
  class space    used 5664K, committed 5760K, reserved 1048576K
}
Event: 14.648 GC heap before
{Heap before GC invocations=10 (full 0):
 garbage-first heap   total 66560K, used 47723K [0x0000000082600000, 0x0000000100000000)
  region size 1024K, 22 young (22528K), 4 survivors (4096K)
 Metaspace       used 46748K, committed 47040K, reserved 1114112K
  class space    used 5758K, committed 5888K, reserved 1048576K
}
Event: 14.678 GC heap after
{Heap after GC invocations=11 (full 0):
 garbage-first heap   total 66560K, used 35456K [0x0000000082600000, 0x0000000100000000)
  region size 1024K, 3 young (3072K), 3 survivors (3072K)
 Metaspace       used 46748K, committed 47040K, reserved 1114112K
  class space    used 5758K, committed 5888K, reserved 1048576K
}
Event: 15.544 GC heap before
{Heap before GC invocations=11 (full 0):
 garbage-first heap   total 66560K, used 48768K [0x0000000082600000, 0x0000000100000000)
  region size 1024K, 16 young (16384K), 3 survivors (3072K)
 Metaspace       used 48937K, committed 49152K, reserved 1114112K
  class space    used 6048K, committed 6144K, reserved 1048576K
}
Event: 15.561 GC heap after
{Heap after GC invocations=12 (full 0):
 garbage-first heap   total 66560K, used 38016K [0x0000000082600000, 0x0000000100000000)
  region size 1024K, 2 young (2048K), 2 survivors (2048K)
 Metaspace       used 48937K, committed 49152K, reserved 1114112K
  class space    used 6048K, committed 6144K, reserved 1048576K
}

Deoptimization events (20 events):
Event: 15.601 Thread 0x000001ec7df3b5e0 Uncommon trap: trap_request=0xffffff3d fr.pc=0x000001ec0f4acf20 relative=0x00000000000039a0
Event: 15.601 Thread 0x000001ec7df3b5e0 Uncommon trap: reason=unstable_fused_if action=reinterpret pc=0x000001ec0f4acf20 method=org.jetbrains.kotlin.metadata.ProtoBuf$Type.<init>(Lorg/jetbrains/kotlin/protobuf/CodedInputStream;Lorg/jetbrains/kotlin/protobuf/ExtensionRegistryLite;)V @ 49 c2
Event: 15.601 Thread 0x000001ec7df3b5e0 DEOPT PACKING pc=0x000001ec0f4acf20 sp=0x0000006aeb8f93b0
Event: 15.601 Thread 0x000001ec7df3b5e0 DEOPT UNPACKING pc=0x000001ec0ed723a3 sp=0x0000006aeb8f9378 mode 2
Event: 15.602 Thread 0x000001ec7df3b5e0 Uncommon trap: trap_request=0xffffff45 fr.pc=0x000001ec0f4b4cb8 relative=0x00000000000019b8
Event: 15.602 Thread 0x000001ec7df3b5e0 Uncommon trap: reason=unstable_if action=reinterpret pc=0x000001ec0f4b4cb8 method=org.jetbrains.kotlin.metadata.ProtoBuf$Type.hasFlexibleUpperBound()Z @ 7 c2
Event: 15.602 Thread 0x000001ec7df3b5e0 DEOPT PACKING pc=0x000001ec0f4b4cb8 sp=0x0000006aeb8f97a0
Event: 15.602 Thread 0x000001ec7df3b5e0 DEOPT UNPACKING pc=0x000001ec0ed723a3 sp=0x0000006aeb8f9720 mode 2
Event: 15.842 Thread 0x000001ec7df3b5e0 Uncommon trap: trap_request=0xffffffde fr.pc=0x000001ec0f3b9834 relative=0x0000000000000674
Event: 15.842 Thread 0x000001ec7df3b5e0 Uncommon trap: reason=class_check action=maybe_recompile pc=0x000001ec0f3b9834 method=org.jetbrains.kotlin.com.intellij.lang.impl.PsiBuilderImpl.skipWhitespace()V @ 72 c2
Event: 15.842 Thread 0x000001ec7df3b5e0 DEOPT PACKING pc=0x000001ec0f3b9834 sp=0x0000006aeb8fac40
Event: 15.842 Thread 0x000001ec7df3b5e0 DEOPT UNPACKING pc=0x000001ec0ed723a3 sp=0x0000006aeb8fac40 mode 2
Event: 15.846 Thread 0x000001ec7df3b5e0 Uncommon trap: trap_request=0xffffffde fr.pc=0x000001ec0f37c194 relative=0x00000000000010d4
Event: 15.846 Thread 0x000001ec7df3b5e0 Uncommon trap: reason=class_check action=maybe_recompile pc=0x000001ec0f37c194 method=java.util.concurrent.ConcurrentHashMap.putVal(Ljava/lang/Object;Ljava/lang/Object;Z)Ljava/lang/Object; @ 159 c2
Event: 15.846 Thread 0x000001ec7df3b5e0 DEOPT PACKING pc=0x000001ec0f37c194 sp=0x0000006aeb8fb0d0
Event: 15.846 Thread 0x000001ec7df3b5e0 DEOPT UNPACKING pc=0x000001ec0ed723a3 sp=0x0000006aeb8fb050 mode 2
Event: 15.849 Thread 0x000001ec7df3b5e0 Uncommon trap: trap_request=0xffffffde fr.pc=0x000001ec0f37c194 relative=0x00000000000010d4
Event: 15.849 Thread 0x000001ec7df3b5e0 Uncommon trap: reason=class_check action=maybe_recompile pc=0x000001ec0f37c194 method=java.util.concurrent.ConcurrentHashMap.putVal(Ljava/lang/Object;Ljava/lang/Object;Z)Ljava/lang/Object; @ 159 c2
Event: 15.849 Thread 0x000001ec7df3b5e0 DEOPT PACKING pc=0x000001ec0f37c194 sp=0x0000006aeb8fad90
Event: 15.849 Thread 0x000001ec7df3b5e0 DEOPT UNPACKING pc=0x000001ec0ed723a3 sp=0x0000006aeb8fad10 mode 2

Classes unloaded (0 events):
No events

Classes redefined (0 events):
No events

Internal exceptions (20 events):
Event: 6.795 Thread 0x000001ec7df3b5e0 Exception <a 'java/lang/NoSuchMethodError'{0x00000000881beb28}: 'java.lang.Object java.lang.invoke.DirectMethodHandle$Holder.newInvokeSpecial(java.lang.Object, java.lang.Object, int)'> (0x00000000881beb28) 
thrown [s\open\src\hotspot\share\interpreter\linkResolver.cpp, line 759]
Event: 7.524 Thread 0x000001ec7df3b5e0 Exception <a 'java/lang/NoSuchMethodError'{0x000000008484d4d0}: 'int java.lang.invoke.DirectMethodHandle$Holder.invokeStaticInit(java.lang.Object, int)'> (0x000000008484d4d0) 
thrown [s\open\src\hotspot\share\interpreter\linkResolver.cpp, line 759]
Event: 8.674 Thread 0x000001ec7df3b5e0 Exception <a 'java/lang/NoSuchMethodError'{0x000000008a3df778}: 'java.lang.Object java.lang.invoke.DirectMethodHandle$Holder.newInvokeSpecial(java.lang.Object, java.lang.Object, java.lang.Object, int, java.lang.Object)'> (0x000000008a3df778) 
thrown [s\open\src\hotspot\share\interpreter\linkResolver.cpp, line 759]
Event: 8.675 Thread 0x000001ec7df3b5e0 Exception <a 'java/lang/NoSuchMethodError'{0x000000008a3e7338}: 'java.lang.Object java.lang.invoke.Invokers$Holder.linkToTargetMethod(java.lang.Object, java.lang.Object, int, java.lang.Object, java.lang.Object)'> (0x000000008a3e7338) 
thrown [s\open\src\hotspot\share\interpreter\linkResolver.cpp, line 759]
Event: 10.557 Thread 0x000001ec7df3b5e0 Exception <a 'java/lang/NoSuchMethodError'{0x00000000857b7110}: 'java.lang.Object java.lang.invoke.Invokers$Holder.invokeExact_MT(java.lang.Object, java.lang.Object, java.lang.Object, java.lang.Object, java.lang.Object, java.lang.Object)'> (0x00000000857b7110) 
thrown [s\open\src\hotspot\share\interpreter\linkResolver.cpp, line 759]
Event: 11.771 Thread 0x000001ec7df3b5e0 Exception <a 'java/lang/NoSuchMethodError'{0x00000000848da118}: 'java.lang.Object java.lang.invoke.DirectMethodHandle$Holder.invokeStatic(java.lang.Object, java.lang.Object, java.lang.Object, java.lang.Object, int)'> (0x00000000848da118) 
thrown [s\open\src\hotspot\share\interpreter\linkResolver.cpp, line 759]
Event: 11.773 Thread 0x000001ec7df3b5e0 Exception <a 'java/lang/NoSuchMethodError'{0x00000000848e3c78}: 'java.lang.Object java.lang.invoke.DirectMethodHandle$Holder.newInvokeSpecial(java.lang.Object, java.lang.Object, java.lang.Object, java.lang.Object, int)'> (0x00000000848e3c78) 
thrown [s\open\src\hotspot\share\interpreter\linkResolver.cpp, line 759]
Event: 11.774 Thread 0x000001ec7df3b5e0 Exception <a 'java/lang/NoSuchMethodError'{0x00000000848e8258}: 'java.lang.Object java.lang.invoke.DirectMethodHandle$Holder.invokeSpecial(java.lang.Object, java.lang.Object, java.lang.Object, java.lang.Object, java.lang.Object, int)'> (0x00000000848e8258) 
thrown [s\open\src\hotspot\share\interpreter\linkResolver.cpp, line 759]
Event: 11.774 Thread 0x000001ec7df3b5e0 Exception <a 'java/lang/NoSuchMethodError'{0x00000000848ec1e8}: 'java.lang.Object java.lang.invoke.Invokers$Holder.linkToTargetMethod(java.lang.Object, java.lang.Object, java.lang.Object, int, java.lang.Object)'> (0x00000000848ec1e8) 
thrown [s\open\src\hotspot\share\interpreter\linkResolver.cpp, line 759]
Event: 12.536 Thread 0x000001ec7df3b5e0 Implicit null exception at 0x000001ec0f34ce0d to 0x000001ec0f34d3d4
Event: 12.631 Thread 0x000001ec7df3b5e0 Exception <a 'java/lang/NoSuchMethodError'{0x0000000088355980}: 'java.lang.Object java.lang.invoke.DirectMethodHandle$Holder.newInvokeSpecial(java.lang.Object, java.lang.Object, int, java.lang.Object)'> (0x0000000088355980) 
thrown [s\open\src\hotspot\share\interpreter\linkResolver.cpp, line 759]
Event: 12.632 Thread 0x000001ec7df3b5e0 Exception <a 'java/lang/NoSuchMethodError'{0x00000000883599f8}: 'java.lang.Object java.lang.invoke.DirectMethodHandle$Holder.invokeSpecial(java.lang.Object, java.lang.Object, java.lang.Object, int, java.lang.Object)'> (0x00000000883599f8) 
thrown [s\open\src\hotspot\share\interpreter\linkResolver.cpp, line 759]
Event: 13.348 Thread 0x000001ec7df3b5e0 Implicit null exception at 0x000001ec0f45a3a0 to 0x000001ec0f45db60
Event: 14.811 Thread 0x000001ec7df3b5e0 Exception <a 'java/lang/IncompatibleClassChangeError'{0x0000000088798e10}: Found class java.lang.Object, but interface was expected> (0x0000000088798e10) 
thrown [s\open\src\hotspot\share\interpreter\linkResolver.cpp, line 826]
Event: 15.241 Thread 0x000001ec7df3b5e0 Exception <a 'java/lang/NoSuchMethodError'{0x000000008816b430}: 'java.lang.Object java.lang.invoke.DirectMethodHandle$Holder.newInvokeSpecial(java.lang.Object, java.lang.Object, java.lang.Object, int)'> (0x000000008816b430) 
thrown [s\open\src\hotspot\share\interpreter\linkResolver.cpp, line 759]
Event: 15.242 Thread 0x000001ec7df3b5e0 Exception <a 'java/lang/NoSuchMethodError'{0x000000008816f750}: 'java.lang.Object java.lang.invoke.DirectMethodHandle$Holder.invokeSpecial(java.lang.Object, java.lang.Object, java.lang.Object, java.lang.Object, int)'> (0x000000008816f750) 
thrown [s\open\src\hotspot\share\interpreter\linkResolver.cpp, line 759]
Event: 15.242 Thread 0x000001ec7df3b5e0 Exception <a 'java/lang/NoSuchMethodError'{0x0000000088173100}: 'java.lang.Object java.lang.invoke.Invokers$Holder.linkToTargetMethod(java.lang.Object, java.lang.Object, int, java.lang.Object)'> (0x0000000088173100) 
thrown [s\open\src\hotspot\share\interpreter\linkResolver.cpp, line 759]
Event: 15.264 Thread 0x000001ec7df3b5e0 Exception <a 'java/lang/NoSuchMethodError'{0x0000000087e159d0}: 'java.lang.Object java.lang.invoke.DirectMethodHandle$Holder.newInvokeSpecial(java.lang.Object, int, java.lang.Object)'> (0x0000000087e159d0) 
thrown [s\open\src\hotspot\share\interpreter\linkResolver.cpp, line 759]
Event: 15.282 Thread 0x000001ec7df3b5e0 Exception <a 'java/lang/NoSuchMethodError'{0x0000000087e530e8}: 'java.lang.Object java.lang.invoke.DirectMethodHandle$Holder.newInvokeSpecial(java.lang.Object, java.lang.Object, java.lang.Object, java.lang.Object, int, java.lang.Object, java.lang.Object)'> (0x0000000087e530e8) 
thrown [s\open\src\hotspot\share\interpreter\linkResolver.cpp, line 759]
Event: 15.283 Thread 0x000001ec7df3b5e0 Exception <a 'java/lang/NoSuchMethodError'{0x0000000087e5c6e0}: 'java.lang.Object java.lang.invoke.Invokers$Holder.linkToTargetMethod(java.lang.Object, java.lang.Object, java.lang.Object, int, java.lang.Object, java.lang.Object, java.lang.Object)'> (0x0000000087e5c6e0) 
thrown [s\open\src\hotspot\share\interpreter\linkResolver.cpp, line 759]

VM Operations (20 events):
Event: 12.242 Executing VM operation: HandshakeAllThreads
Event: 12.242 Executing VM operation: HandshakeAllThreads done
Event: 12.396 Executing VM operation: HandshakeAllThreads
Event: 12.396 Executing VM operation: HandshakeAllThreads done
Event: 13.349 Executing VM operation: ICBufferFull
Event: 13.351 Executing VM operation: ICBufferFull done
Event: 13.816 Executing VM operation: HandshakeAllThreads
Event: 13.816 Executing VM operation: HandshakeAllThreads done
Event: 13.957 Executing VM operation: G1CollectForAllocation
Event: 13.995 Executing VM operation: G1CollectForAllocation done
Event: 14.648 Executing VM operation: G1CollectForAllocation
Event: 14.678 Executing VM operation: G1CollectForAllocation done
Event: 14.736 Executing VM operation: HandshakeAllThreads
Event: 14.736 Executing VM operation: HandshakeAllThreads done
Event: 15.530 Executing VM operation: G1CollectForAllocation
Event: 15.563 Executing VM operation: G1CollectForAllocation done
Event: 15.602 Executing VM operation: G1Concurrent
Event: 15.610 Executing VM operation: G1Concurrent done
Event: 15.630 Executing VM operation: G1Concurrent
Event: 15.632 Executing VM operation: G1Concurrent done

Events (20 events):
Event: 11.504 loading class java/util/ComparableTimSort done
Event: 11.766 loading class java/util/RegularEnumSet$EnumSetIterator
Event: 11.767 loading class java/util/RegularEnumSet$EnumSetIterator done
Event: 12.267 loading class java/util/stream/LongStream
Event: 12.280 loading class java/util/stream/LongStream done
Event: 12.280 loading class java/util/stream/DoubleStream
Event: 12.282 loading class java/util/stream/DoubleStream done
Event: 12.390 loading class java/util/AbstractList$SubList
Event: 12.393 loading class java/util/AbstractList$SubList done
Event: 12.395 loading class java/util/AbstractList$SubList$1
Event: 12.395 loading class java/util/AbstractList$SubList$1 done
Event: 12.395 loading class java/util/AbstractList$ListItr
Event: 12.395 loading class java/util/AbstractList$ListItr done
Event: 12.496 Thread 0x000001ec62add870 Thread exited: 0x000001ec62add870
Event: 12.625 Thread 0x000001ec653ec230 Thread added: 0x000001ec653ec230
Event: 12.880 loading class jdk/internal/math/FDBigInteger
Event: 12.881 loading class jdk/internal/math/FDBigInteger done
Event: 15.506 Thread 0x000001ec653ec230 Thread exited: 0x000001ec653ec230
Event: 15.523 Thread 0x000001ec653f4220 Thread added: 0x000001ec653f4220
Event: 15.524 Thread 0x000001ec65985140 Thread added: 0x000001ec65985140


Dynamic libraries:
0x00007ff6487e0000 - 0x00007ff6487f0000 	C:\Program Files\Java\jdk-17\bin\java.exe
0x00007ffa64250000 - 0x00007ffa64448000 	C:\WINDOWS\SYSTEM32\ntdll.dll
0x00007ffa626b0000 - 0x00007ffa62772000 	C:\WINDOWS\System32\KERNEL32.DLL
0x00007ffa61dc0000 - 0x00007ffa620b6000 	C:\WINDOWS\System32\KERNELBASE.dll
0x00007ffa61a20000 - 0x00007ffa61b20000 	C:\WINDOWS\System32\ucrtbase.dll
0x00007ffa3f680000 - 0x00007ffa3f69b000 	C:\Program Files\Java\jdk-17\bin\VCRUNTIME140.dll
0x00007ffa3f6a0000 - 0x00007ffa3f6b9000 	C:\Program Files\Java\jdk-17\bin\jli.dll
0x00007ffa63090000 - 0x00007ffa63141000 	C:\WINDOWS\System32\ADVAPI32.dll
0x00007ffa63770000 - 0x00007ffa6380e000 	C:\WINDOWS\System32\msvcrt.dll
0x00007ffa63f60000 - 0x00007ffa63fff000 	C:\WINDOWS\System32\sechost.dll
0x00007ffa63e30000 - 0x00007ffa63f53000 	C:\WINDOWS\System32\RPCRT4.dll
0x00007ffa61b20000 - 0x00007ffa61b47000 	C:\WINDOWS\System32\bcrypt.dll
0x00007ffa635d0000 - 0x00007ffa6376d000 	C:\WINDOWS\System32\USER32.dll
0x00007ffa61960000 - 0x00007ffa61982000 	C:\WINDOWS\System32\win32u.dll
0x00007ffa63d80000 - 0x00007ffa63dab000 	C:\WINDOWS\System32\GDI32.dll
0x00007ffa61ca0000 - 0x00007ffa61db9000 	C:\WINDOWS\System32\gdi32full.dll
0x00007ffa50a30000 - 0x00007ffa50cca000 	C:\WINDOWS\WinSxS\amd64_microsoft.windows.common-controls_6595b64144ccf1df_6.0.19041.5915_none_60b4b9d171f9c7c7\COMCTL32.dll
0x00007ffa61c00000 - 0x00007ffa61c9d000 	C:\WINDOWS\System32\msvcp_win.dll
0x00007ffa5b960000 - 0x00007ffa5b96a000 	C:\WINDOWS\SYSTEM32\VERSION.dll
0x00007ffa62680000 - 0x00007ffa626af000 	C:\WINDOWS\System32\IMM32.DLL
0x00007ffa51e70000 - 0x00007ffa51e7c000 	C:\Program Files\Java\jdk-17\bin\vcruntime140_1.dll
0x00007ffa3df00000 - 0x00007ffa3df8e000 	C:\Program Files\Java\jdk-17\bin\msvcp140.dll
0x00007ffa03620000 - 0x00007ffa04200000 	C:\Program Files\Java\jdk-17\bin\server\jvm.dll
0x00007ffa635c0000 - 0x00007ffa635c8000 	C:\WINDOWS\System32\PSAPI.DLL
0x00007ffa48e00000 - 0x00007ffa48e09000 	C:\WINDOWS\SYSTEM32\WSOCK32.dll
0x00007ffa63a80000 - 0x00007ffa63aeb000 	C:\WINDOWS\System32\WS2_32.dll
0x00007ffa51570000 - 0x00007ffa51597000 	C:\WINDOWS\SYSTEM32\WINMM.dll
0x00007ffa5f760000 - 0x00007ffa5f772000 	C:\WINDOWS\SYSTEM32\kernel.appcore.dll
0x00007ffa51e10000 - 0x00007ffa51e1a000 	C:\Program Files\Java\jdk-17\bin\jimage.dll
0x00007ffa4c740000 - 0x00007ffa4c941000 	C:\WINDOWS\SYSTEM32\DBGHELP.DLL
0x00007ffa3c9b0000 - 0x00007ffa3c9e4000 	C:\WINDOWS\SYSTEM32\dbgcore.DLL
0x00007ffa61990000 - 0x00007ffa61a12000 	C:\WINDOWS\System32\bcryptPrimitives.dll
0x00007ffa3f650000 - 0x00007ffa3f675000 	C:\Program Files\Java\jdk-17\bin\java.dll
0x00007ffa3b890000 - 0x00007ffa3b967000 	C:\Program Files\Java\jdk-17\bin\jsvml.dll
0x00007ffa62830000 - 0x00007ffa62f9e000 	C:\WINDOWS\System32\SHELL32.dll
0x00007ffa5f960000 - 0x00007ffa60104000 	C:\WINDOWS\SYSTEM32\windows.storage.dll
0x00007ffa62270000 - 0x00007ffa625c3000 	C:\WINDOWS\System32\combase.dll
0x00007ffa61310000 - 0x00007ffa6133b000 	C:\WINDOWS\SYSTEM32\Wldp.dll
0x00007ffa639b0000 - 0x00007ffa63a7d000 	C:\WINDOWS\System32\OLEAUT32.dll
0x00007ffa62780000 - 0x00007ffa6282d000 	C:\WINDOWS\System32\SHCORE.dll
0x00007ffa64000000 - 0x00007ffa6405b000 	C:\WINDOWS\System32\shlwapi.dll
0x00007ffa61810000 - 0x00007ffa61835000 	C:\WINDOWS\SYSTEM32\profapi.dll
0x00007ffa3f630000 - 0x00007ffa3f649000 	C:\Program Files\Java\jdk-17\bin\net.dll
0x00007ffa5b4e0000 - 0x00007ffa5b5ea000 	C:\WINDOWS\SYSTEM32\WINHTTP.dll
0x00007ffa61070000 - 0x00007ffa610da000 	C:\WINDOWS\system32\mswsock.dll
0x00007ffa3f610000 - 0x00007ffa3f626000 	C:\Program Files\Java\jdk-17\bin\nio.dll
0x00007ffa3f3d0000 - 0x00007ffa3f3e8000 	C:\Program Files\Java\jdk-17\bin\zip.dll
0x00007ffa517a0000 - 0x00007ffa517b0000 	C:\Program Files\Java\jdk-17\bin\verify.dll

dbghelp: loaded successfully - version: 4.0.5 - missing functions: none
symbol engine: initialized successfully - sym options: 0x614 - pdb path: .;C:\Program Files\Java\jdk-17\bin;C:\WINDOWS\SYSTEM32;C:\WINDOWS\WinSxS\amd64_microsoft.windows.common-controls_6595b64144ccf1df_6.0.19041.5915_none_60b4b9d171f9c7c7;C:\Program Files\Java\jdk-17\bin\server

VM Arguments:
java_command: org.jetbrains.kotlin.cli.jvm.K2JVMCompiler @C:\BallTrackr\node_modules\react-native-safe-area-context\android\build\20250616_10102266280982367063.compiler.options
java_class_path (initial): C:\Users\Rizal\.gradle\caches\modules-2\files-2.1\org.jetbrains.kotlin\kotlin-compiler-embeddable\2.0.21\79346ed53db48b18312a472602eb5c057070c54d\kotlin-compiler-embeddable-2.0.21.jar;C:\Users\Rizal\.gradle\caches\modules-2\files-2.1\org.jetbrains.kotlin\kotlin-stdlib\2.0.21\618b539767b4899b4660a83006e052b63f1db551\kotlin-stdlib-2.0.21.jar;C:\Users\Rizal\.gradle\caches\modules-2\files-2.1\org.jetbrains.kotlin\kotlin-script-runtime\2.0.21\c9b044380ad41f89aa89aa896c2d32a8c0b2129d\kotlin-script-runtime-2.0.21.jar;C:\Users\Rizal\.gradle\caches\modules-2\files-2.1\org.jetbrains.kotlin\kotlin-reflect\1.6.10\1cbe9c92c12a94eea200d23c2bbaedaf3daf5132\kotlin-reflect-1.6.10.jar;C:\Users\Rizal\.gradle\caches\modules-2\files-2.1\org.jetbrains.kotlin\kotlin-daemon-embeddable\2.0.21\c9e933b23287de9b5a17e2116b4657bb91aea72c\kotlin-daemon-embeddable-2.0.21.jar;C:\Users\Rizal\.gradle\caches\modules-2\files-2.1\org.jetbrains.intellij.deps\trove4j\1.0.20200330\3afb14d5f9ceb459d724e907a21145e8ff394f02\trove4j-1.0.20200330.jar;C:\Users\Rizal\.gradle\caches\modules-2\files-2.1\org.jetbrains.kotlinx\kotlinx-coroutines-core-jvm\1.6.4\2c997cd1c0ef33f3e751d3831929aeff1390cb30\kotlinx-coroutines-core-jvm-1.6.4.jar;C:\Users\Rizal\.gradle\caches\modules-2\files-2.1\org.jetbrains\annotations\13.0\919f0dfe192fb4e063e7dacadee7f8bb9a2672a9\annotations-13.0.jar
Launcher Type: SUN_STANDARD

[Global flags]
     intx CICompilerCount                          = 4                                         {product} {ergonomic}
     uint ConcGCThreads                            = 3                                         {product} {ergonomic}
     uint G1ConcRefinementThreads                  = 10                                        {product} {ergonomic}
   size_t G1HeapRegionSize                         = 1048576                                   {product} {ergonomic}
    uintx GCDrainStackTargetSize                   = 64                                        {product} {ergonomic}
   size_t InitialHeapSize                          = 132120576                                 {product} {ergonomic}
   size_t MarkStackSize                            = 4194304                                   {product} {ergonomic}
   size_t MaxHeapSize                              = 2107637760                                {product} {ergonomic}
   size_t MaxNewSize                               = 1264582656                                {product} {ergonomic}
   size_t MinHeapDeltaBytes                        = 1048576                                   {product} {ergonomic}
   size_t MinHeapSize                              = 8388608                                   {product} {ergonomic}
    uintx NonNMethodCodeHeapSize                   = 5839372                                {pd product} {ergonomic}
    uintx NonProfiledCodeHeapSize                  = 122909434                              {pd product} {ergonomic}
    uintx ProfiledCodeHeapSize                     = 122909434                              {pd product} {ergonomic}
    uintx ReservedCodeCacheSize                    = 251658240                              {pd product} {ergonomic}
     bool SegmentedCodeCache                       = true                                      {product} {ergonomic}
   size_t SoftMaxHeapSize                          = 2107637760                             {manageable} {ergonomic}
     bool UseCompressedClassPointers               = true                           {product lp64_product} {ergonomic}
     bool UseCompressedOops                        = true                           {product lp64_product} {ergonomic}
     bool UseG1GC                                  = true                                      {product} {ergonomic}
     bool UseLargePagesIndividualAllocation        = false                                  {pd product} {ergonomic}

Logging:
Log output configuration:
 #0: stdout all=warning uptime,level,tags
 #1: stderr all=off uptime,level,tags

Environment Variables:
JAVA_HOME=C:\Program Files\Java\jdk-17
CLASSPATH=C:\BallTrackr\android\\gradle\wrapper\gradle-wrapper.jar
PATH=C:\BallTrackr\node_modules\.bin;C:\BallTrackr\node_modules\.bin;C:\node_modules\.bin;C:\Program Files\nodejs\node_modules\npm\node_modules\@npmcli\run-script\lib\node-gyp-bin;C:\Python313\Scripts\;C:\Python313\;C:\Windows\system32;C:\Windows;C:\Windows\System32\Wbem;C:\Windows\System32\WindowsPowerShell\v1.0\;C:\Windows\System32\OpenSSH\;C:\Program Files (x86)\NVIDIA Corporation\PhysX\Common;C:\Program Files\NVIDIA Corporation\NVIDIA NvDLISR;C:\Program Files\Intel\WiFi\bin\;C:\Program Files\Common Files\Intel\WirelessCommon\;C:\WINDOWS\system32;C:\WINDOWS;C:\WINDOWS\System32\Wbem;C:\WINDOWS\System32\WindowsPowerShell\v1.0\;C:\WINDOWS\System32\OpenSSH\;C:\Program Files (x86)\Windows Kits\10\Windows Performance Toolkit\;C:\xampp\php;C:\ProgramData\ComposerSetup\bin;C:\ProgramData\chocolatey\bin;C:\laragon\www;C:\Program Files\Microsoft SQL Server\150\Tools\Binn\;C:\Program Files\Microsoft SQL Server\Client SDK\ODBC\170\Tools\Binn\;C:\Program Files\dotnet\;C:\Program Files (x86)\Microchip\MPLAB C32 Suite\bin;C:\Program Files\Git\cmd;C:\Program Files\nodejs\;C:\Program Files\Java\jdk-24\bin;C:\Program Files\Apache\apache-maven-3.9.9\bin;C:\Users\Rizal\AppData\Local\Android\Sdk\tools;C:\laragon\bin;C:\laragon\bin\apache\httpd-2.4.54-win64-VS16\bin;C:\laragon\bin\composer;C:\laragon\bin\git\bin;C:\laragon\bin\git\cmd;C:\laragon\bin\git\mingw64\bin;C:\laragon\bin\git\usr\bin;C:\laragon\bin\laragon\utils;C:\laragon\bin\mysql\mysql-8.0.30-winx64\bin;C:\laragon\bin\nginx\nginx-1.22.0;C:\laragon\bin\ngrok;C:\laragon\bin\nodejs\node-v18;C:\laragon\bin\notepad++;C:\laragon\bin\php\php-8.2;C:\laragon\bin\python\python-3.10;C:\laragon\bin\python\python-3.10\Scripts;C:\laragon\bin\redis\redis-x64-5.0.14.1;C:\laragon\bin\telnet;C:\laragon\usr\bin;C:\Users\Rizal\AppData\Local\Yarn\config\global\node_modules\.bin;C:\Users\Rizal\AppData\Roaming\Composer\vendor\bin;C:\Users\Rizal\AppData\Local\Microsoft\WindowsApps;C:\msys64\ucrt64\bin;C:\Users\Rizal\AppData\Local\Programs\Microsoft V
USERNAME=Rizal
OS=Windows_NT
PROCESSOR_IDENTIFIER=Intel64 Family 6 Model 158 Stepping 13, GenuineIntel



---------------  S Y S T E M  ---------------

OS:
 Windows 10 , 64 bit Build 19041 (10.0.19041.5915)
OS uptime: 0 days 16:56 hours
Hyper-V role detected

CPU: total 12 (initial active 12) (6 cores per cpu, 2 threads per core) family 6 model 158 stepping 13 microcode 0xb8, cx8, cmov, fxsr, ht, mmx, 3dnowpref, sse, sse2, sse3, ssse3, sse4.1, sse4.2, popcnt, lzcnt, tsc, tscinvbit, avx, avx2, aes, erms, clmul, bmi1, bmi2, adx, fma, vzeroupper, clflush, clflushopt, hv

Memory: 4k page, system-wide physical 8038M (533M free)
TotalPageFile size 32614M (AvailPageFile size 2M)
current process WorkingSet (physical memory assigned to process): 234M, peak: 234M
current process commit charge ("private bytes"): 286M, peak: 287M

vm_info: Java HotSpot(TM) 64-Bit Server VM (17.0.11+7-LTS-207) for windows-amd64 JRE (17.0.11+7-LTS-207), built on Mar 11 2024 19:01:50 by "mach5one" with MS VC++ 17.6 (VS2022)

END.
